Start auto log messages stack - Iteration 2.	[MsgId: MMSG-10545]
t=00898891ms: ** 121: Click on We're Preparing Your... button ** successfully completed with end event 'Step synchronous network completed'    [MsgId: MMSG-205180]	[MsgId: MMSG-205180]
t=00899407ms: ** 122: Click on link (1) link ** started    [MsgId: MMSG-205180]	[MsgId: MMSG-205180]
t=00899779ms: ** 122: Click on link (1) link ** successfully completed with end event 'Step synchronous network completed'    [MsgId: MMSG-205180]	[MsgId: MMSG-205180]
t=00900294ms: ** 123: Click on What type of Voice Trunking... label ** started    [MsgId: MMSG-205180]	[MsgId: MMSG-205180]
t=00900653ms: ** 123: Click on What type of Voice Trunking... label ** successfully completed with end event 'Step synchronous network completed'    [MsgId: MMSG-205180]	[MsgId: MMSG-205180]
t=00901158ms: ** 124: Click on What type of Voice Trunking... button ** started    [MsgId: MMSG-205180]	[MsgId: MMSG-205180]
t=00936727ms: Error -205177: ** 124: Click on What type of Voice Trunking... button ** failed - end event error due to network timeout. Open requests: https://www.spectrumenterprise.net/api/accounts/694f3d6b-73ea-4b6b-9ca5-9ba11b20118c/reports;        Snapshot Info [MSH 2 0]    [MsgId: MERR-205177]	[MsgId: MERR-205177]
Start auto log messages stack - Iteration 3.	[MsgId: MMSG-10545]
t=01373272ms: ** 121: Click on We're Preparing Your... button ** successfully completed with end event 'Step synchronous network completed'    [MsgId: MMSG-205180]	[MsgId: MMSG-205180]
t=01373786ms: ** 122: Click on link (1) link ** started    [MsgId: MMSG-205180]	[MsgId: MMSG-205180]
t=01374159ms: ** 122: Click on link (1) link ** successfully completed with end event 'Step synchronous network completed'    [MsgId: MMSG-205180]	[MsgId: MMSG-205180]
t=01374676ms: ** 123: Click on What type of Voice Trunking... label ** started    [MsgId: MMSG-205180]	[MsgId: MMSG-205180]
t=01375034ms: ** 123: Click on What type of Voice Trunking... label ** successfully completed with end event 'Step synchronous network completed'    [MsgId: MMSG-205180]	[MsgId: MMSG-205180]
t=01375539ms: ** 124: Click on What type of Voice Trunking... button ** started    [MsgId: MMSG-205180]	[MsgId: MMSG-205180]
t=01411040ms: Error -205177: ** 124: Click on What type of Voice Trunking... button ** failed - end event error due to network timeout. Open requests: https://www.spectrumenterprise.net/api/accounts/694f3d6b-73ea-4b6b-9ca5-9ba11b20118c/reports;        Snapshot Info [MSH 3 1]    [MsgId: MERR-205177]	[MsgId: MERR-205177]
Start auto log messages stack - Iteration 4.	[MsgId: MMSG-10545]
t=01775374ms: ** 121: Click on We're Preparing Your... button ** successfully completed with end event 'Step synchronous network completed'    [MsgId: MMSG-205180]	[MsgId: MMSG-205180]
t=01775889ms: ** 122: Click on link (1) link ** started    [MsgId: MMSG-205180]	[MsgId: MMSG-205180]
t=01776259ms: ** 122: Click on link (1) link ** successfully completed with end event 'Step synchronous network completed'    [MsgId: MMSG-205180]	[MsgId: MMSG-205180]
t=01776775ms: ** 123: Click on What type of Voice Trunking... label ** started    [MsgId: MMSG-205180]	[MsgId: MMSG-205180]
t=01777133ms: ** 123: Click on What type of Voice Trunking... label ** successfully completed with end event 'Step synchronous network completed'    [MsgId: MMSG-205180]	[MsgId: MMSG-205180]
t=01777642ms: ** 124: Click on What type of Voice Trunking... button ** started    [MsgId: MMSG-205180]	[MsgId: MMSG-205180]
t=01813160ms: Error -205177: ** 124: Click on What type of Voice Trunking... button ** failed - end event error due to network timeout. Open requests: https://www.spectrumenterprise.net/api/accounts/694f3d6b-73ea-4b6b-9ca5-9ba11b20118c/reports;        Snapshot Info [MSH 4 2]    [MsgId: MERR-205177]	[MsgId: MERR-205177]
