Start auto log messages stack - Iteration 1.	[MsgId: MMSG-10545]
t=00228536ms: ** 97: Set Start Date * datepicker to 24 ** successfully completed with end event 'Action completed'    [MsgId: MMSG-205180]	[MsgId: MMSG-205180]
Notify: Transaction "25_Non HiCap CMR" started.	[MsgId: MMSG-16999]
t=00229039ms: ** 98: Click on Submit button ** started    [MsgId: MMSG-205180]	[MsgId: MMSG-205180]
t=00251786ms: ** 98: Click on Submit button ** successfully completed with end event 'Step network completed'    [MsgId: MMSG-205180]	[MsgId: MMSG-205180]
t=00251789ms: ** 99: Wait for Go Download Reports link ** started    [MsgId: MMSG-205180]	[MsgId: MMSG-205180]
t=00251996ms: ** 99: Wait for Go Download Reports link ** successfully completed with end event 'Action completed'    [MsgId: MMSG-205180]	[MsgId: MMSG-205180]
Notify: Transaction "25_Non HiCap CMR" ended with a "Pass" status (Duration: 22.9580 Think Time: 0.0020 Wasted Time: 0.5540).	[MsgId: MMSG-16870]
t=00252497ms: ** 100: Click on Close Button button ** started    [MsgId: MMSG-205180]	[MsgId: MMSG-205180]
t=00373452ms: Error -205177: ** 100: Click on Close Button button ** failed - multiple objects were found that are similar to the target object. TruClient was not able to uniquely identify the target object       Snapshot Info [MSH 1 0]    [MsgId: MERR-205177]	[MsgId: MERR-205177]
Start auto log messages stack - Iteration 2.	[MsgId: MMSG-10545]
t=00603401ms: ** 95: Click on element (2)  ** started    [MsgId: MMSG-205180]	[MsgId: MMSG-205180]
t=00603607ms: ** 95: Click on element (2)  ** successfully completed with end event 'Action completed'    [MsgId: MMSG-205180]	[MsgId: MMSG-205180]
t=00604109ms: ** 96: Click on button (1) button ** started    [MsgId: MMSG-205180]	[MsgId: MMSG-205180]
t=00604329ms: ** 96: Click on button (1) button ** successfully completed with end event 'Action completed'    [MsgId: MMSG-205180]	[MsgId: MMSG-205180]
t=00604831ms: ** 97: Set Start Date * datepicker to 24 ** started    [MsgId: MMSG-205180]	[MsgId: MMSG-205180]
t=00604903ms: ** 97: Set Start Date * datepicker to 24 ** successfully completed with end event 'Action completed'    [MsgId: MMSG-205180]	[MsgId: MMSG-205180]
Notify: Transaction "25_Non HiCap CMR" started.	[MsgId: MMSG-16999]
t=00605405ms: ** 98: Click on Submit button ** started    [MsgId: MMSG-205180]	[MsgId: MMSG-205180]
t=00646853ms: Error -205177: ** 98: Click on Submit button ** failed - end event error due to network timeout. Open requests: https://www.spectrumenterprise.net/api/accounts/694f3d6b-73ea-4b6b-9ca5-9ba11b20118c/reports;        Snapshot Info [MSH 2 1]    [MsgId: MERR-205177]	[MsgId: MERR-205177]
End auto log messages stack.	[MsgId: MMSG-10544]


Start auto log messages stack - Iteration 3.	[MsgId: MMSG-10545]
t=00873761ms: ** 97: Set Start Date * datepicker to 24 ** successfully completed with end event 'Action completed'    [MsgId: MMSG-205180]	[MsgId: MMSG-205180]
Notify: Transaction "25_Non HiCap CMR" started.	[MsgId: MMSG-16999]
t=00874263ms: ** 98: Click on Submit button ** started    [MsgId: MMSG-205180]	[MsgId: MMSG-205180]
t=00916062ms: ** 98: Click on Submit button ** successfully completed with end event 'Step network completed'    [MsgId: MMSG-205180]	[MsgId: MMSG-205180]
t=00916065ms: ** 99: Wait for Go Download Reports link ** started    [MsgId: MMSG-205180]	[MsgId: MMSG-205180]
t=00916273ms: ** 99: Wait for Go Download Reports link ** successfully completed with end event 'Action completed'    [MsgId: MMSG-205180]	[MsgId: MMSG-205180]
Notify: Transaction "25_Non HiCap CMR" ended with a "Pass" status (Duration: 42.0110 Think Time: 0.0020 Wasted Time: 0.5540).	[MsgId: MMSG-16870]
t=00916775ms: ** 100: Click on Close Button button ** started    [MsgId: MMSG-205180]	[MsgId: MMSG-205180]
t=01037738ms: Error -205177: ** 100: Click on Close Button button ** failed - multiple objects were found that are similar to the target object. TruClient was not able to uniquely identify the target object       Snapshot Info [MSH 3 2]    [MsgId: MERR-205177]	[MsgId: MERR-205177]
Start auto log messages stack - Iteration 4.	[MsgId: MMSG-10545]
t=01262965ms: ** 97: Set Start Date * datepicker to 24 ** successfully completed with end event 'Action completed'    [MsgId: MMSG-205180]	[MsgId: MMSG-205180]
Notify: Transaction "25_Non HiCap CMR" started.	[MsgId: MMSG-16999]
t=01263467ms: ** 98: Click on Submit button ** started    [MsgId: MMSG-205180]	[MsgId: MMSG-205180]
t=01285971ms: ** 98: Click on Submit button ** successfully completed with end event 'Step network completed'    [MsgId: MMSG-205180]	[MsgId: MMSG-205180]
t=01285974ms: ** 99: Wait for Go Download Reports link ** started    [MsgId: MMSG-205180]	[MsgId: MMSG-205180]
t=01286181ms: ** 99: Wait for Go Download Reports link ** successfully completed with end event 'Action completed'    [MsgId: MMSG-205180]	[MsgId: MMSG-205180]
Notify: Transaction "25_Non HiCap CMR" ended with a "Pass" status (Duration: 22.7140 Think Time: 0.0020 Wasted Time: 0.5530).	[MsgId: MMSG-16870]
t=01286682ms: ** 100: Click on Close Button button ** started    [MsgId: MMSG-205180]	[MsgId: MMSG-205180]
t=01407617ms: Error -205177: ** 100: Click on Close Button button ** failed - multiple objects were found that are similar to the target object. TruClient was not able to uniquely identify the target object       Snapshot Info [MSH 4 3]    [MsgId: MERR-205177]	[MsgId: MERR-205177]
End auto log messages stack.	[MsgId: MMSG-10544]


