Start auto log messages stack - Iteration 2.	[MsgId: MMSG-10545]
t=00750097ms: ** 34: Click on 366 N Lake Ave cell ** successfully completed with end event 'Action completed'    [MsgId: MMSG-205180]	[MsgId: MMSG-205180]
t=00750100ms: ** 35: Wait for Utilization heading ** started    [MsgId: MMSG-205180]	[MsgId: MMSG-205180]
t=00764430ms: ** 35: Wait for Utilization heading ** successfully completed with end event 'Action completed'    [MsgId: MMSG-205180]	[MsgId: MMSG-205180]
Notify: Transaction "05_SDWAN Circuit Utilization" ended with a "Pass" status (Duration: 14.3690 Think Time: 0.0020 Wasted Time: 0.2030).	[MsgId: MMSG-16870]
Notify: Transaction "06_SDWAN Network Utilization" started.	[MsgId: MMSG-16999]
t=00764933ms: ** 36: Click on Network Overview link ** started    [MsgId: MMSG-205180]	[MsgId: MMSG-205180]
t=00765145ms: ** 36: Click on Network Overview link ** successfully completed with end event 'Action completed'    [MsgId: MMSG-205180]	[MsgId: MMSG-205180]
t=00765148ms: ** 38: Wait for Upstream  ** started    [MsgId: MMSG-205180]	[MsgId: MMSG-205180]
t=00886087ms: Error -205177: ** 38: Wait for Upstream  ** failed - target object was not found. Identification: Automatic       Snapshot Info [MSH 2 0]    [MsgId: MERR-205177]	[MsgId: MERR-205177]
End auto log messages stack.	[MsgId: MMSG-10544]


Start auto log messages stack - Iteration 3.	[MsgId: MMSG-10545]
t=01066863ms: ** 34: Click on 366 N Lake Ave cell ** successfully completed with end event 'Action completed'    [MsgId: MMSG-205180]	[MsgId: MMSG-205180]
t=01066865ms: ** 35: Wait for Utilization heading ** started    [MsgId: MMSG-205180]	[MsgId: MMSG-205180]
t=01079184ms: ** 35: Wait for Utilization heading ** successfully completed with end event 'Action completed'    [MsgId: MMSG-205180]	[MsgId: MMSG-205180]
Notify: Transaction "05_SDWAN Circuit Utilization" ended with a "Pass" status (Duration: 12.3610 Think Time: 0.0030 Wasted Time: 0.2040).	[MsgId: MMSG-16870]
Notify: Transaction "06_SDWAN Network Utilization" started.	[MsgId: MMSG-16999]
t=01079685ms: ** 36: Click on Network Overview link ** started    [MsgId: MMSG-205180]	[MsgId: MMSG-205180]
t=01079898ms: ** 36: Click on Network Overview link ** successfully completed with end event 'Action completed'    [MsgId: MMSG-205180]	[MsgId: MMSG-205180]
t=01079901ms: ** 38: Wait for Upstream  ** started    [MsgId: MMSG-205180]	[MsgId: MMSG-205180]
t=01200812ms: Error -205177: ** 38: Wait for Upstream  ** failed - target object was not found. Identification: Automatic       Snapshot Info [MSH 3 1]    [MsgId: MERR-205177]	[MsgId: MERR-205177]
End auto log messages stack.	[MsgId: MMSG-10544]


Start auto log messages stack - Iteration 4.	[MsgId: MMSG-10545]
t=01241629ms: ** 4: Type perftest041@mailinator.com in Username emailbox ** successfully completed with end event 'Action completed'    [MsgId: MMSG-205180]	[MsgId: MMSG-205180]
t=01242132ms: ** 5: Type ******** in Password passwordbox ** started    [MsgId: MMSG-205180]	[MsgId: MMSG-205180]
t=01242810ms: ** 5: Type ******** in Password passwordbox ** successfully completed with end event 'Action completed'    [MsgId: MMSG-205180]	[MsgId: MMSG-205180]
Notify: Transaction "02_Login" started.	[MsgId: MMSG-16999]
t=01243312ms: ** 6: Click on Sign In button ** started    [MsgId: MMSG-205180]	[MsgId: MMSG-205180]
t=01368918ms: ** 6: Click on Sign In button ** successfully completed with end event 'Step network completed'    [MsgId: MMSG-205180]	[MsgId: MMSG-205180]
Notify: Transaction "02_Login" ended with a "Pass" status (Duration: 125.6050 Wasted Time: 0.3670).	[MsgId: MMSG-16871]
t=01368920ms: ** 7: Wait for All Network Services  ** started    [MsgId: MMSG-205180]	[MsgId: MMSG-205180]
t=01490010ms: Error -205177: ** 7: Wait for All Network Services  ** failed - target object was not found. Identification: Automatic       Snapshot Info [MSH 4 2]    [MsgId: MERR-205177]	[MsgId: MERR-205177]
Start auto log messages stack - Iteration 6.	[MsgId: MMSG-10545]
t=02026163ms: ** 8: Click on All Network Services  ** started    [MsgId: MMSG-205180]	[MsgId: MMSG-205180]
t=02026371ms: ** 8: Click on All Network Services  ** successfully completed with end event 'Action completed'    [MsgId: MMSG-205180]	[MsgId: MMSG-205180]
t=02026885ms: ** 9: Click on EVPL  ** started    [MsgId: MMSG-205180]	[MsgId: MMSG-205180]
t=02027106ms: ** 9: Click on EVPL  ** successfully completed with end event 'Action completed'    [MsgId: MMSG-205180]	[MsgId: MMSG-205180]
Notify: Transaction "03_EVPL Circuit Utilization" started.	[MsgId: MMSG-16999]
t=02027621ms: ** 10: Click on 1915 Hill St cell ** started    [MsgId: MMSG-205180]	[MsgId: MMSG-205180]
t=02027662ms: ** 10: Click on 1915 Hill St cell ** successfully completed with end event 'Action completed'    [MsgId: MMSG-205180]	[MsgId: MMSG-205180]
t=02027665ms: ** 11: Wait for Utilization heading ** started    [MsgId: MMSG-205180]	[MsgId: MMSG-205180]
t=02148508ms: Error -205177: ** 11: Wait for Utilization heading ** failed - target object was not found. Identification: Automatic       Snapshot Info [MSH 6 3]    [MsgId: MERR-205177]	[MsgId: MERR-205177]
End auto log messages stack.	[MsgId: MMSG-10544]


Start auto log messages stack - Iteration 7.	[MsgId: MMSG-10545]
t=02187122ms: ** 4: Type perftest041@mailinator.com in Username emailbox ** successfully completed with end event 'Action completed'    [MsgId: MMSG-205180]	[MsgId: MMSG-205180]
t=02187625ms: ** 5: Type ******** in Password passwordbox ** started    [MsgId: MMSG-205180]	[MsgId: MMSG-205180]
t=02188143ms: ** 5: Type ******** in Password passwordbox ** successfully completed with end event 'Action completed'    [MsgId: MMSG-205180]	[MsgId: MMSG-205180]
Notify: Transaction "02_Login" started.	[MsgId: MMSG-16999]
t=02188659ms: ** 6: Click on Sign In button ** started    [MsgId: MMSG-205180]	[MsgId: MMSG-205180]
t=02340879ms: ** 6: Click on Sign In button ** successfully completed with end event 'Step network completed'    [MsgId: MMSG-205180]	[MsgId: MMSG-205180]
Notify: Transaction "02_Login" ended with a "Pass" status (Duration: 152.2190 Wasted Time: 0.3760).	[MsgId: MMSG-16871]
t=02340882ms: ** 7: Wait for All Network Services  ** started    [MsgId: MMSG-205180]	[MsgId: MMSG-205180]
t=02461964ms: Error -205177: ** 7: Wait for All Network Services  ** failed - target object was not found. Identification: Automatic       Snapshot Info [MSH 7 4]    [MsgId: MERR-205177]	[MsgId: MERR-205177]
Start auto log messages stack - Iteration 8.	[MsgId: MMSG-10545]
t=02500730ms: ** 4: Type perftest041@mailinator.com in Username emailbox ** successfully completed with end event 'Action completed'    [MsgId: MMSG-205180]	[MsgId: MMSG-205180]
t=02501232ms: ** 5: Type ******** in Password passwordbox ** started    [MsgId: MMSG-205180]	[MsgId: MMSG-205180]
t=02501798ms: ** 5: Type ******** in Password passwordbox ** successfully completed with end event 'Action completed'    [MsgId: MMSG-205180]	[MsgId: MMSG-205180]
Notify: Transaction "02_Login" started.	[MsgId: MMSG-16999]
t=02502300ms: ** 6: Click on Sign In button ** started    [MsgId: MMSG-205180]	[MsgId: MMSG-205180]
t=02628118ms: ** 6: Click on Sign In button ** successfully completed with end event 'Step network completed'    [MsgId: MMSG-205180]	[MsgId: MMSG-205180]
Notify: Transaction "02_Login" ended with a "Pass" status (Duration: 125.8160 Wasted Time: 0.3570).	[MsgId: MMSG-16871]
t=02628120ms: ** 7: Wait for All Network Services  ** started    [MsgId: MMSG-205180]	[MsgId: MMSG-205180]
t=02749198ms: Error -205177: ** 7: Wait for All Network Services  ** failed - target object was not found. Identification: Automatic       Snapshot Info [MSH 8 5]    [MsgId: MERR-205177]	[MsgId: MERR-205177]
Start auto log messages stack - Iteration 9.	[MsgId: MMSG-10545]
t=02787899ms: ** 4: Type perftest041@mailinator.com in Username emailbox ** successfully completed with end event 'Action completed'    [MsgId: MMSG-205180]	[MsgId: MMSG-205180]
t=02788402ms: ** 5: Type ******** in Password passwordbox ** started    [MsgId: MMSG-205180]	[MsgId: MMSG-205180]
t=02789082ms: ** 5: Type ******** in Password passwordbox ** successfully completed with end event 'Action completed'    [MsgId: MMSG-205180]	[MsgId: MMSG-205180]
Notify: Transaction "02_Login" started.	[MsgId: MMSG-16999]
t=02789586ms: ** 6: Click on Sign In button ** started    [MsgId: MMSG-205180]	[MsgId: MMSG-205180]
t=02938574ms: ** 6: Click on Sign In button ** successfully completed with end event 'Step network completed'    [MsgId: MMSG-205180]	[MsgId: MMSG-205180]
Notify: Transaction "02_Login" ended with a "Pass" status (Duration: 148.9860 Wasted Time: 0.3710).	[MsgId: MMSG-16871]
t=02938576ms: ** 7: Wait for All Network Services  ** started    [MsgId: MMSG-205180]	[MsgId: MMSG-205180]
t=03059647ms: Error -205177: ** 7: Wait for All Network Services  ** failed - target object was not found. Identification: Automatic       Snapshot Info [MSH 9 6]    [MsgId: MERR-205177]	[MsgId: MERR-205177]
Start auto log messages stack - Iteration 10.	[MsgId: MMSG-10545]
t=03098352ms: ** 4: Type perftest041@mailinator.com in Username emailbox ** successfully completed with end event 'Action completed'    [MsgId: MMSG-205180]	[MsgId: MMSG-205180]
t=03098855ms: ** 5: Type ******** in Password passwordbox ** started    [MsgId: MMSG-205180]	[MsgId: MMSG-205180]
t=03099502ms: ** 5: Type ******** in Password passwordbox ** successfully completed with end event 'Action completed'    [MsgId: MMSG-205180]	[MsgId: MMSG-205180]
Notify: Transaction "02_Login" started.	[MsgId: MMSG-16999]
t=03100005ms: ** 6: Click on Sign In button ** started    [MsgId: MMSG-205180]	[MsgId: MMSG-205180]
t=03226013ms: ** 6: Click on Sign In button ** successfully completed with end event 'Step network completed'    [MsgId: MMSG-205180]	[MsgId: MMSG-205180]
Notify: Transaction "02_Login" ended with a "Pass" status (Duration: 126.0060 Wasted Time: 0.3520).	[MsgId: MMSG-16871]
t=03226016ms: ** 7: Wait for All Network Services  ** started    [MsgId: MMSG-205180]	[MsgId: MMSG-205180]
t=03346784ms: Error -205177: ** 7: Wait for All Network Services  ** failed - target object was not found. Identification: Automatic       Snapshot Info [MSH 10 7]    [MsgId: MERR-205177]	[MsgId: MERR-205177]
