Start auto log messages stack - Iteration 1.	[MsgId: MMSG-10545]
Notify: Transaction "07_EP-LAN Circuit Utilization" started.	[MsgId: MMSG-16999]
t=00077238ms: ** 20: Click on 317 Western Blvd gridcell ** started    [MsgId: MMSG-205180]	[MsgId: MMSG-205180]
t=00103473ms: ** 20: Click on 317 Western Blvd gridcell ** successfully completed with end event 'Step network completed'    [MsgId: MMSG-205180]	[MsgId: MMSG-205180]
t=00103476ms: ** 21: Wait for Utilization heading ** started    [MsgId: MMSG-205180]	[MsgId: MMSG-205180]
t=00103681ms: ** 21: Wait for Utilization heading ** successfully completed with end event 'Action completed'    [MsgId: MMSG-205180]	[MsgId: MMSG-205180]
Notify: Transaction "07_EP-LAN Circuit Utilization" ended with a "Pass" status (Duration: 26.4440 Think Time: 0.0020 Wasted Time: 0.5530).	[MsgId: MMSG-16870]
Notify: Transaction "08_EP-LAN Service Availability" started.	[MsgId: MMSG-16999]
t=00104184ms: ** 22: Click on Service Availability  ** started    [MsgId: MMSG-205180]	[MsgId: MMSG-205180]
t=00139642ms: Error -205177: ** 22: Click on Service Availability  ** failed - end event error due to network timeout. Open requests: https://www.spectrumenterprise.net/api/metrics/circuit;        Snapshot Info [MSH 1 0]    [MsgId: MERR-205177]	[MsgId: MERR-205177]
End auto log messages stack.	[MsgId: MMSG-10544]


Start auto log messages stack - Iteration 3.	[MsgId: MMSG-10545]
Notify: Transaction "07_EP-LAN Circuit Utilization" started.	[MsgId: MMSG-16999]
t=01051872ms: ** 20: Click on 317 Western Blvd gridcell ** started    [MsgId: MMSG-205180]	[MsgId: MMSG-205180]
t=01079320ms: ** 20: Click on 317 Western Blvd gridcell ** successfully completed with end event 'Step network completed'    [MsgId: MMSG-205180]	[MsgId: MMSG-205180]
t=01079322ms: ** 21: Wait for Utilization heading ** started    [MsgId: MMSG-205180]	[MsgId: MMSG-205180]
t=01079528ms: ** 21: Wait for Utilization heading ** successfully completed with end event 'Action completed'    [MsgId: MMSG-205180]	[MsgId: MMSG-205180]
Notify: Transaction "07_EP-LAN Circuit Utilization" ended with a "Pass" status (Duration: 27.6560 Think Time: 0.0020 Wasted Time: 0.5530).	[MsgId: MMSG-16870]
Notify: Transaction "08_EP-LAN Service Availability" started.	[MsgId: MMSG-16999]
t=01080030ms: ** 22: Click on Service Availability  ** started    [MsgId: MMSG-205180]	[MsgId: MMSG-205180]
t=01115505ms: Error -205177: ** 22: Click on Service Availability  ** failed - end event error due to network timeout. Open requests: https://www.spectrumenterprise.net/api/metrics/circuit;        Snapshot Info [MSH 3 1]    [MsgId: MERR-205177]	[MsgId: MERR-205177]
End auto log messages stack.	[MsgId: MMSG-10544]


Start auto log messages stack - Iteration 4.	[MsgId: MMSG-10545]
t=01120529ms: ** 3: Reload current page ** started    [MsgId: MMSG-205180]	[MsgId: MMSG-205180]
t=01121284ms: ** 3: Reload current page ** successfully completed with end event 'Step synchronous network completed'    [MsgId: MMSG-205180]	[MsgId: MMSG-205180]
t=01121786ms: ** 4: Type perftest043@mailinator.com in Username emailbox ** started    [MsgId: MMSG-205180]	[MsgId: MMSG-205180]
t=01124134ms: ** 4: Type perftest043@mailinator.com in Username emailbox ** successfully completed with end event 'Action completed'    [MsgId: MMSG-205180]	[MsgId: MMSG-205180]
t=01124636ms: ** 5: Type ******** in Password passwordbox ** started    [MsgId: MMSG-205180]	[MsgId: MMSG-205180]
t=01125209ms: ** 5: Type ******** in Password passwordbox ** successfully completed with end event 'Action completed'    [MsgId: MMSG-205180]	[MsgId: MMSG-205180]
Notify: Transaction "02_Login" started.	[MsgId: MMSG-16999]
t=01125711ms: ** 6: Click on Sign In button ** started    [MsgId: MMSG-205180]	[MsgId: MMSG-205180]
t=01305971ms: Error -205177: ** 6: Click on Sign In button ** timed out. Open requests: https://api.spectrum.net/entservices/inventory/v2/accounts/694f3d6b-73ea-4b6b-9ca5-9ba11b20118c/networkServices/tickets/?openDateStart=1549004400000&ticketStatus=In%20Progress;        Snapshot Info [MSH 4 2]    [MsgId: MERR-205177]	[MsgId: MERR-205177]
End auto log messages stack.	[MsgId: MMSG-10544]


Start auto log messages stack - Iteration 5.	[MsgId: MMSG-10545]
t=01518684ms: ** 39: Wait for Utilization heading ** successfully completed with end event 'Action completed'    [MsgId: MMSG-205180]	[MsgId: MMSG-205180]
Notify: Transaction "05_SDWAN Circuit Utilization" ended with a "Pass" status (Duration: 10.2690 Think Time: 0.0020 Wasted Time: 0.4030).	[MsgId: MMSG-16870]
Notify: Transaction "06_SDWAN Network Utilization" started.	[MsgId: MMSG-16999]
t=01519187ms: ** 40: Click on Network Overview link ** started    [MsgId: MMSG-205180]	[MsgId: MMSG-205180]
t=01519393ms: ** 40: Click on Network Overview link ** successfully completed with end event 'Action completed'    [MsgId: MMSG-205180]	[MsgId: MMSG-205180]
t=01519396ms: ** 41: Wait for SD WAN Edge Metrics heading ** started    [MsgId: MMSG-205180]	[MsgId: MMSG-205180]
t=01525637ms: ** 41: Wait for SD WAN Edge Metrics heading ** successfully completed with end event 'Action completed'    [MsgId: MMSG-205180]	[MsgId: MMSG-205180]
t=01525641ms: ** 42: Wait for Upstream  ** started    [MsgId: MMSG-205180]	[MsgId: MMSG-205180]
t=01646522ms: Error -205177: ** 42: Wait for Upstream  ** failed - target object was not found. Identification: Automatic       Snapshot Info [MSH 5 3]    [MsgId: MERR-205177]	[MsgId: MERR-205177]
End auto log messages stack.	[MsgId: MMSG-10544]


Start auto log messages stack - Iteration 6.	[MsgId: MMSG-10545]
t=01779992ms: ** 17: Click on Back link ** started    [MsgId: MMSG-205180]	[MsgId: MMSG-205180]
t=01780350ms: ** 17: Click on Back link ** successfully completed with end event 'Step synchronous network completed'    [MsgId: MMSG-205180]	[MsgId: MMSG-205180]
t=01780852ms: ** 18: Click on All Network Services  ** started    [MsgId: MMSG-205180]	[MsgId: MMSG-205180]
t=01781210ms: ** 18: Click on All Network Services  ** successfully completed with end event 'Step synchronous network completed'    [MsgId: MMSG-205180]	[MsgId: MMSG-205180]
t=01781712ms: ** 19: Click on EP LAN  ** started    [MsgId: MMSG-205180]	[MsgId: MMSG-205180]
t=01782085ms: ** 19: Click on EP LAN  ** successfully completed with end event 'Step synchronous network completed'    [MsgId: MMSG-205180]	[MsgId: MMSG-205180]
Notify: Transaction "07_EP-LAN Circuit Utilization" started.	[MsgId: MMSG-16999]
t=01782587ms: ** 20: Click on 317 Western Blvd gridcell ** started    [MsgId: MMSG-205180]	[MsgId: MMSG-205180]
t=01962842ms: Error -205177: ** 20: Click on 317 Western Blvd gridcell ** timed out. Open requests: https://api.spectrum.net/entservices/inventory/v2/accounts/694f3d6b-73ea-4b6b-9ca5-9ba11b20118c/networkServices/tickets/?openDateStart=1549004400000&ticketStatus=In%20Progress;        Snapshot Info [MSH 6 4]    [MsgId: MERR-205177]	[MsgId: MERR-205177]
End auto log messages stack.	[MsgId: MMSG-10544]


Start auto log messages stack - Iteration 9.	[MsgId: MMSG-10545]
Notify: Transaction "02_Login" started.	[MsgId: MMSG-16999]
t=03646124ms: ** 6: Click on Sign In button ** started    [MsgId: MMSG-205180]	[MsgId: MMSG-205180]
t=03656734ms: ** 6: Click on Sign In button ** successfully completed with end event 'Step network completed'    [MsgId: MMSG-205180]	[MsgId: MMSG-205180]
Notify: Transaction "02_Login" ended with a "Pass" status (Duration: 10.6090 Wasted Time: 0.3550).	[MsgId: MMSG-16871]
t=03656736ms: ** 9: Wait 15 seconds ** started    [MsgId: MMSG-205180]	[MsgId: MMSG-205180]
t=03671946ms: ** 9: Wait 15 seconds ** successfully completed with end event 'Action completed'    [MsgId: MMSG-205180]	[MsgId: MMSG-205180]
t=03672460ms: ** 10: Reload current page ** started    [MsgId: MMSG-205180]	[MsgId: MMSG-205180]
t=03673362ms: ** 10: Reload current page ** successfully completed with end event 'Step synchronous network completed'    [MsgId: MMSG-205180]	[MsgId: MMSG-205180]
t=03673877ms: ** 11: Click on All Network Services  ** started    [MsgId: MMSG-205180]	[MsgId: MMSG-205180]
t=03771422ms: Error -205177:  IPC connection to browser process is lost    [MsgId: MERR-205177]	[MsgId: MERR-205177]
