Start auto log messages stack - Iteration 1.	[MsgId: MMSG-10545]
t=00238114ms: ** 55: Click on LOCATIONS link ** started    [MsgId: MMSG-205180]	[MsgId: MMSG-205180]
t=00238131ms: ** 55: Click on LOCATIONS link ** successfully completed with end event 'Action completed'    [MsgId: MMSG-205180]	[MsgId: MMSG-205180]
t=00238641ms: ** 56: Reload current page ** started    [MsgId: MMSG-205180]	[MsgId: MMSG-205180]
t=00244191ms: ** 56: Reload current page ** successfully completed with end event 'Step synchronous network completed'    [MsgId: MMSG-205180]	[MsgId: MMSG-205180]
t=00244193ms: ** 57: Wait 15 seconds ** started    [MsgId: MMSG-205180]	[MsgId: MMSG-205180]
t=00260075ms: ** 57: Wait 15 seconds ** successfully completed with end event 'Action completed'    [MsgId: MMSG-205180]	[MsgId: MMSG-205180]
t=00260078ms: ** 58: Wait for REPORTS link ** started    [MsgId: MMSG-205180]	[MsgId: MMSG-205180]
t=00381172ms: Error -205177: ** 58: Wait for REPORTS link ** failed - target object was not found. Identification: Descriptors       Snapshot Info [MSH 1 0]    [MsgId: MERR-205177]	[MsgId: MERR-205177]
Start auto log messages stack - Iteration 1.	[MsgId: MMSG-10545]
t=00224983ms: ** 16: Click on All Network Services  ** started    [MsgId: MMSG-205180]	[MsgId: MMSG-205180]
t=00226506ms: ** 16: Click on All Network Services  ** successfully completed with end event 'Step synchronous network completed'    [MsgId: MMSG-205180]	[MsgId: MMSG-205180]
t=00227009ms: ** 17: Click on EP LAN  ** started    [MsgId: MMSG-205180]	[MsgId: MMSG-205180]
t=00228142ms: ** 17: Click on EP LAN  ** successfully completed with end event 'Step synchronous network completed'    [MsgId: MMSG-205180]	[MsgId: MMSG-205180]
Notify: Transaction "07_EP-LAN Circuit Utilization" started.	[MsgId: MMSG-16999]
t=00228645ms: ** 18: Click on 317 Western Blvd gridcell ** started    [MsgId: MMSG-205180]	[MsgId: MMSG-205180]
t=00289561ms: ** 18: Click on 317 Western Blvd gridcell ** successfully completed with end event 'Step network completed'    [MsgId: MMSG-205180]	[MsgId: MMSG-205180]
t=00289574ms: ** 19: Wait for Utilization heading ** started    [MsgId: MMSG-205180]	[MsgId: MMSG-205180]
t=00410536ms: Error -205177: ** 19: Wait for Utilization heading ** failed - target object was not found. Identification: Automatic       Snapshot Info [MSH 1 0]    [MsgId: MERR-205177]	[MsgId: MERR-205177]
End auto log messages stack.	[MsgId: MMSG-10544]


Start auto log messages stack - Iteration 1.	[MsgId: MMSG-10545]
t=00280556ms: ** 57: Wait 15 seconds ** started    [MsgId: MMSG-205180]	[MsgId: MMSG-205180]
t=00296404ms: ** 57: Wait 15 seconds ** successfully completed with end event 'Action completed'    [MsgId: MMSG-205180]	[MsgId: MMSG-205180]
t=00296407ms: ** 58: Wait for REPORTS link ** started    [MsgId: MMSG-205180]	[MsgId: MMSG-205180]
t=00296633ms: ** 58: Wait for REPORTS link ** successfully completed with end event 'Action completed'    [MsgId: MMSG-205180]	[MsgId: MMSG-205180]
Notify: Transaction "29_Reports tab" started.	[MsgId: MMSG-16999]
t=00297136ms: ** 59: Click on REPORTS link ** started    [MsgId: MMSG-205180]	[MsgId: MMSG-205180]
t=00298084ms: ** 59: Click on REPORTS link ** successfully completed with end event 'Step synchronous network completed'    [MsgId: MMSG-205180]	[MsgId: MMSG-205180]
t=00298086ms: ** 60: Wait for Created By  ** started    [MsgId: MMSG-205180]	[MsgId: MMSG-205180]
t=00418773ms: Error -205177: ** 60: Wait for Created By  ** failed - target object was not found. Identification: Automatic       Snapshot Info [MSH 1 0]    [MsgId: MERR-205177]	[MsgId: MERR-205177]
End auto log messages stack.	[MsgId: MMSG-10544]


Start auto log messages stack - Iteration 1.	[MsgId: MMSG-10545]
t=00311935ms: ** 34: Click on SD WAN  ** started    [MsgId: MMSG-205180]	[MsgId: MMSG-205180]
t=00314609ms: ** 34: Click on SD WAN  ** successfully completed with end event 'Step synchronous network completed'    [MsgId: MMSG-205180]	[MsgId: MMSG-205180]
t=00315112ms: ** 35: Click on 6620 Wadsworth Blvd cell ** started    [MsgId: MMSG-205180]	[MsgId: MMSG-205180]
t=00315384ms: ** 35: Click on 6620 Wadsworth Blvd cell ** successfully completed with end event 'Action completed'    [MsgId: MMSG-205180]	[MsgId: MMSG-205180]
Notify: Transaction "05_SDWAN Circuit Utilization" started.	[MsgId: MMSG-16999]
t=00315885ms: ** 36: Click on 6801 S Tucson Way # 100 link ** started    [MsgId: MMSG-205180]	[MsgId: MMSG-205180]
t=00315894ms: ** 36: Click on 6801 S Tucson Way # 100 link ** successfully completed with end event 'Action completed'    [MsgId: MMSG-205180]	[MsgId: MMSG-205180]
t=00315900ms: ** 37: Wait for Utilization heading ** started    [MsgId: MMSG-205180]	[MsgId: MMSG-205180]
t=00436971ms: Error -205177: ** 37: Wait for Utilization heading ** failed - target object was not found. Identification: Automatic       Snapshot Info [MSH 1 0]    [MsgId: MERR-205177]	[MsgId: MERR-205177]
End auto log messages stack.	[MsgId: MMSG-10544]


Start auto log messages stack - Iteration 1.	[MsgId: MMSG-10545]
t=00318486ms: ** 37: Wait for Utilization heading ** successfully completed with end event 'Action completed'    [MsgId: MMSG-205180]	[MsgId: MMSG-205180]
Notify: Transaction "05_SDWAN Circuit Utilization" ended with a "Pass" status (Duration: 10.2930 Think Time: 0.0020 Wasted Time: 0.2030).	[MsgId: MMSG-16870]
Notify: Transaction "06_SDWAN Network Utilization" started.	[MsgId: MMSG-16999]
t=00318987ms: ** 38: Click on Network Overview link ** started    [MsgId: MMSG-205180]	[MsgId: MMSG-205180]
t=00319195ms: ** 38: Click on Network Overview link ** successfully completed with end event 'Action completed'    [MsgId: MMSG-205180]	[MsgId: MMSG-205180]
t=00319200ms: ** 39: Wait for SD WAN Edge Metrics heading ** started    [MsgId: MMSG-205180]	[MsgId: MMSG-205180]
t=00319407ms: ** 39: Wait for SD WAN Edge Metrics heading ** successfully completed with end event 'Action completed'    [MsgId: MMSG-205180]	[MsgId: MMSG-205180]
t=00319410ms: ** 40: Wait for Upstream  ** started    [MsgId: MMSG-205180]	[MsgId: MMSG-205180]
t=00439841ms: Error -205177: ** 40: Wait for Upstream  ** failed - target object was not found. Identification: Automatic       Snapshot Info [MSH 1 0]    [MsgId: MERR-205177]	[MsgId: MERR-205177]
End auto log messages stack.	[MsgId: MMSG-10544]


Start auto log messages stack - Iteration 1.	[MsgId: MMSG-10545]
t=00322493ms: ** 37: Wait for Utilization heading ** successfully completed with end event 'Action completed'    [MsgId: MMSG-205180]	[MsgId: MMSG-205180]
Notify: Transaction "05_SDWAN Circuit Utilization" ended with a "Pass" status (Duration: 11.2890 Think Time: 0.0020 Wasted Time: 0.2050).	[MsgId: MMSG-16870]
Notify: Transaction "06_SDWAN Network Utilization" started.	[MsgId: MMSG-16999]
t=00322995ms: ** 38: Click on Network Overview link ** started    [MsgId: MMSG-205180]	[MsgId: MMSG-205180]
t=00323217ms: ** 38: Click on Network Overview link ** successfully completed with end event 'Action completed'    [MsgId: MMSG-205180]	[MsgId: MMSG-205180]
t=00323218ms: ** 39: Wait for SD WAN Edge Metrics heading ** started    [MsgId: MMSG-205180]	[MsgId: MMSG-205180]
t=00323424ms: ** 39: Wait for SD WAN Edge Metrics heading ** successfully completed with end event 'Action completed'    [MsgId: MMSG-205180]	[MsgId: MMSG-205180]
t=00323427ms: ** 40: Wait for Upstream  ** started    [MsgId: MMSG-205180]	[MsgId: MMSG-205180]
t=00443948ms: Error -205177: ** 40: Wait for Upstream  ** failed - target object was not found. Identification: Automatic       Snapshot Info [MSH 1 0]    [MsgId: MERR-205177]	[MsgId: MERR-205177]
End auto log messages stack.	[MsgId: MMSG-10544]


Start auto log messages stack - Iteration 1.	[MsgId: MMSG-10545]
t=00323603ms: ** 93: Click on Back link ** started    [MsgId: MMSG-205180]	[MsgId: MMSG-205180]
t=00323975ms: ** 93: Click on Back link ** successfully completed with end event 'Step synchronous network completed'    [MsgId: MMSG-205180]	[MsgId: MMSG-205180]
t=00324477ms: ** 94: Click on Back link ** started    [MsgId: MMSG-205180]	[MsgId: MMSG-205180]
t=00324857ms: ** 94: Click on Back link ** successfully completed with end event 'Step synchronous network completed'    [MsgId: MMSG-205180]	[MsgId: MMSG-205180]
t=00325360ms: ** 95: Click on Account Number / 47796280... cell ** started    [MsgId: MMSG-205180]	[MsgId: MMSG-205180]
t=00328736ms: ** 95: Click on Account Number / 47796280... cell ** successfully completed with end event 'Step network completed'    [MsgId: MMSG-205180]	[MsgId: MMSG-205180]
Notify: Transaction "24_Voice CDR Create a Report" started.	[MsgId: MMSG-16999]
t=00329239ms: ** 96: Click on link (1) link ** started    [MsgId: MMSG-205180]	[MsgId: MMSG-205180]
t=00450197ms: Error -205177: ** 96: Click on link (1) link ** failed - target object was not found. Identification: Descriptors       Snapshot Info [MSH 1 0]    [MsgId: MERR-205177]	[MsgId: MERR-205177]
End auto log messages stack.	[MsgId: MMSG-10544]


Start auto log messages stack - Iteration 1.	[MsgId: MMSG-10545]
t=00313892ms: ** 57: Wait 15 seconds ** started    [MsgId: MMSG-205180]	[MsgId: MMSG-205180]
t=00330237ms: ** 57: Wait 15 seconds ** successfully completed with end event 'Action completed'    [MsgId: MMSG-205180]	[MsgId: MMSG-205180]
t=00330240ms: ** 58: Wait for REPORTS link ** started    [MsgId: MMSG-205180]	[MsgId: MMSG-205180]
t=00330466ms: ** 58: Wait for REPORTS link ** successfully completed with end event 'Action completed'    [MsgId: MMSG-205180]	[MsgId: MMSG-205180]
Notify: Transaction "29_Reports tab" started.	[MsgId: MMSG-16999]
t=00330970ms: ** 59: Click on REPORTS link ** started    [MsgId: MMSG-205180]	[MsgId: MMSG-205180]
t=00332467ms: ** 59: Click on REPORTS link ** successfully completed with end event 'Step synchronous network completed'    [MsgId: MMSG-205180]	[MsgId: MMSG-205180]
t=00332467ms: ** 60: Wait for Created By  ** started    [MsgId: MMSG-205180]	[MsgId: MMSG-205180]
t=00453089ms: Error -205177: ** 60: Wait for Created By  ** failed - target object was not found. Identification: Automatic       Snapshot Info [MSH 1 0]    [MsgId: MERR-205177]	[MsgId: MERR-205177]
End auto log messages stack.	[MsgId: MMSG-10544]


Start auto log messages stack - Iteration 1.	[MsgId: MMSG-10545]
t=00314976ms: ** 57: Wait 15 seconds ** started    [MsgId: MMSG-205180]	[MsgId: MMSG-205180]
t=00331022ms: ** 57: Wait 15 seconds ** successfully completed with end event 'Action completed'    [MsgId: MMSG-205180]	[MsgId: MMSG-205180]
t=00331025ms: ** 58: Wait for REPORTS link ** started    [MsgId: MMSG-205180]	[MsgId: MMSG-205180]
t=00331252ms: ** 58: Wait for REPORTS link ** successfully completed with end event 'Action completed'    [MsgId: MMSG-205180]	[MsgId: MMSG-205180]
Notify: Transaction "29_Reports tab" started.	[MsgId: MMSG-16999]
t=00331754ms: ** 59: Click on REPORTS link ** started    [MsgId: MMSG-205180]	[MsgId: MMSG-205180]
t=00332705ms: ** 59: Click on REPORTS link ** successfully completed with end event 'Step synchronous network completed'    [MsgId: MMSG-205180]	[MsgId: MMSG-205180]
t=00332707ms: ** 60: Wait for Created By  ** started    [MsgId: MMSG-205180]	[MsgId: MMSG-205180]
t=00453280ms: Error -205177: ** 60: Wait for Created By  ** failed - target object was not found. Identification: Automatic       Snapshot Info [MSH 1 0]    [MsgId: MERR-205177]	[MsgId: MERR-205177]
End auto log messages stack.	[MsgId: MMSG-10544]


Start auto log messages stack - Iteration 1.	[MsgId: MMSG-10545]
t=00325304ms: ** 57: Wait 15 seconds ** started    [MsgId: MMSG-205180]	[MsgId: MMSG-205180]
t=00341133ms: ** 57: Wait 15 seconds ** successfully completed with end event 'Action completed'    [MsgId: MMSG-205180]	[MsgId: MMSG-205180]
t=00341136ms: ** 58: Wait for REPORTS link ** started    [MsgId: MMSG-205180]	[MsgId: MMSG-205180]
t=00341355ms: ** 58: Wait for REPORTS link ** successfully completed with end event 'Action completed'    [MsgId: MMSG-205180]	[MsgId: MMSG-205180]
Notify: Transaction "29_Reports tab" started.	[MsgId: MMSG-16999]
t=00341857ms: ** 59: Click on REPORTS link ** started    [MsgId: MMSG-205180]	[MsgId: MMSG-205180]
t=00342852ms: ** 59: Click on REPORTS link ** successfully completed with end event 'Step synchronous network completed'    [MsgId: MMSG-205180]	[MsgId: MMSG-205180]
t=00342856ms: ** 60: Wait for Created By  ** started    [MsgId: MMSG-205180]	[MsgId: MMSG-205180]
t=00463386ms: Error -205177: ** 60: Wait for Created By  ** failed - target object was not found. Identification: Automatic       Snapshot Info [MSH 1 0]    [MsgId: MERR-205177]	[MsgId: MERR-205177]
End auto log messages stack.	[MsgId: MMSG-10544]


Start auto log messages stack - Iteration 1.	[MsgId: MMSG-10545]
t=00330089ms: ** 55: Click on LOCATIONS link ** started    [MsgId: MMSG-205180]	[MsgId: MMSG-205180]
t=00330102ms: ** 55: Click on LOCATIONS link ** successfully completed with end event 'Action completed'    [MsgId: MMSG-205180]	[MsgId: MMSG-205180]
t=00330603ms: ** 56: Reload current page ** started    [MsgId: MMSG-205180]	[MsgId: MMSG-205180]
t=00336427ms: ** 56: Reload current page ** successfully completed with end event 'Step synchronous network completed'    [MsgId: MMSG-205180]	[MsgId: MMSG-205180]
t=00336434ms: ** 57: Wait 15 seconds ** started    [MsgId: MMSG-205180]	[MsgId: MMSG-205180]
t=00352186ms: ** 57: Wait 15 seconds ** successfully completed with end event 'Action completed'    [MsgId: MMSG-205180]	[MsgId: MMSG-205180]
t=00352188ms: ** 58: Wait for REPORTS link ** started    [MsgId: MMSG-205180]	[MsgId: MMSG-205180]
t=00473302ms: Error -205177: ** 58: Wait for REPORTS link ** failed - target object was not found. Identification: Descriptors       Snapshot Info [MSH 1 0]    [MsgId: MERR-205177]	[MsgId: MERR-205177]
Start auto log messages stack - Iteration 1.	[MsgId: MMSG-10545]
Notify: Transaction "06_SDWAN Network Utilization" started.	[MsgId: MMSG-16999]
t=00419087ms: ** 38: Click on Network Overview link ** started    [MsgId: MMSG-205180]	[MsgId: MMSG-205180]
t=00419300ms: ** 38: Click on Network Overview link ** successfully completed with end event 'Action completed'    [MsgId: MMSG-205180]	[MsgId: MMSG-205180]
t=00419304ms: ** 39: Wait for SD WAN Edge Metrics heading ** started    [MsgId: MMSG-205180]	[MsgId: MMSG-205180]
t=00419516ms: ** 39: Wait for SD WAN Edge Metrics heading ** successfully completed with end event 'Action completed'    [MsgId: MMSG-205180]	[MsgId: MMSG-205180]
t=00419519ms: ** 40: Wait for Upstream  ** started    [MsgId: MMSG-205180]	[MsgId: MMSG-205180]
t=00419734ms: ** 40: Wait for Upstream  ** successfully completed with end event 'Action completed'    [MsgId: MMSG-205180]	[MsgId: MMSG-205180]
t=00419737ms: ** 41: Wait for Utilization heading ** started    [MsgId: MMSG-205180]	[MsgId: MMSG-205180]
t=00540812ms: Error -205177: ** 41: Wait for Utilization heading ** failed - target object was not found. Identification: Automatic       Snapshot Info [MSH 1 0]    [MsgId: MERR-205177]	[MsgId: MERR-205177]
End auto log messages stack.	[MsgId: MMSG-10544]


Start auto log messages stack - Iteration 1.	[MsgId: MMSG-10545]
t=00421087ms: ** 37: Wait for Utilization heading ** successfully completed with end event 'Action completed'    [MsgId: MMSG-205180]	[MsgId: MMSG-205180]
Notify: Transaction "05_SDWAN Circuit Utilization" ended with a "Pass" status (Duration: 11.3460 Think Time: 0.0020 Wasted Time: 0.2040).	[MsgId: MMSG-16870]
Notify: Transaction "06_SDWAN Network Utilization" started.	[MsgId: MMSG-16999]
t=00421610ms: ** 38: Click on Network Overview link ** started    [MsgId: MMSG-205180]	[MsgId: MMSG-205180]
t=00421836ms: ** 38: Click on Network Overview link ** successfully completed with end event 'Action completed'    [MsgId: MMSG-205180]	[MsgId: MMSG-205180]
t=00421839ms: ** 39: Wait for SD WAN Edge Metrics heading ** started    [MsgId: MMSG-205180]	[MsgId: MMSG-205180]
t=00422063ms: ** 39: Wait for SD WAN Edge Metrics heading ** successfully completed with end event 'Action completed'    [MsgId: MMSG-205180]	[MsgId: MMSG-205180]
t=00422063ms: ** 40: Wait for Upstream  ** started    [MsgId: MMSG-205180]	[MsgId: MMSG-205180]
t=00542681ms: Error -205177: ** 40: Wait for Upstream  ** failed - target object was not found. Identification: Automatic       Snapshot Info [MSH 1 0]    [MsgId: MERR-205177]	[MsgId: MERR-205177]
End auto log messages stack.	[MsgId: MMSG-10544]


Start auto log messages stack - Iteration 1.	[MsgId: MMSG-10545]
t=00419011ms: ** 34: Click on SD WAN  ** started    [MsgId: MMSG-205180]	[MsgId: MMSG-205180]
t=00422653ms: ** 34: Click on SD WAN  ** successfully completed with end event 'Step synchronous network completed'    [MsgId: MMSG-205180]	[MsgId: MMSG-205180]
t=00423153ms: ** 35: Click on 6620 Wadsworth Blvd cell ** started    [MsgId: MMSG-205180]	[MsgId: MMSG-205180]
t=00423368ms: ** 35: Click on 6620 Wadsworth Blvd cell ** successfully completed with end event 'Action completed'    [MsgId: MMSG-205180]	[MsgId: MMSG-205180]
Notify: Transaction "05_SDWAN Circuit Utilization" started.	[MsgId: MMSG-16999]
t=00423870ms: ** 36: Click on 6801 S Tucson Way # 100 link ** started    [MsgId: MMSG-205180]	[MsgId: MMSG-205180]
t=00423887ms: ** 36: Click on 6801 S Tucson Way # 100 link ** successfully completed with end event 'Action completed'    [MsgId: MMSG-205180]	[MsgId: MMSG-205180]
t=00423890ms: ** 37: Wait for Utilization heading ** started    [MsgId: MMSG-205180]	[MsgId: MMSG-205180]
t=00544960ms: Error -205177: ** 37: Wait for Utilization heading ** failed - target object was not found. Identification: Automatic       Snapshot Info [MSH 1 0]    [MsgId: MERR-205177]	[MsgId: MERR-205177]
End auto log messages stack.	[MsgId: MMSG-10544]


Start auto log messages stack - Iteration 1.	[MsgId: MMSG-10545]
t=00499368ms: ** 72: Click on View Charges link ** successfully completed with end event 'Step network completed'    [MsgId: MMSG-205180]	[MsgId: MMSG-205180]
t=00499370ms: ** 73: Wait for Outbound Calls  ** started    [MsgId: MMSG-205180]	[MsgId: MMSG-205180]
t=00499598ms: ** 73: Wait for Outbound Calls  ** successfully completed with end event 'Action completed'    [MsgId: MMSG-205180]	[MsgId: MMSG-205180]
Notify: Transaction "16_Voice Trunking Non HiCap View Charges" ended with a "Pass" status (Duration: 1.3650 Think Time: 0.0020 Wasted Time: 0.5540).	[MsgId: MMSG-16870]
t=00500100ms: ** 74: Click on Back link ** started    [MsgId: MMSG-205180]	[MsgId: MMSG-205180]
t=00500471ms: ** 74: Click on Back link ** successfully completed with end event 'Step synchronous network completed'    [MsgId: MMSG-205180]	[MsgId: MMSG-205180]
Notify: Transaction "17_Voice Trunking Non HiCap Plan Details" started.	[MsgId: MMSG-16999]
t=00500975ms: ** 75: Click on Plan Details link ** started    [MsgId: MMSG-205180]	[MsgId: MMSG-205180]
t=00622057ms: Error -205177: ** 75: Click on Plan Details link ** failed - target object was not found. Identification: Automatic       Snapshot Info [MSH 1 0]    [MsgId: MERR-205177]	[MsgId: MERR-205177]
End auto log messages stack.	[MsgId: MMSG-10544]


Start auto log messages stack - Iteration 1.	[MsgId: MMSG-10545]
t=00501352ms: ** 99: Click on button (1) button ** started    [MsgId: MMSG-205180]	[MsgId: MMSG-205180]
t=00501575ms: ** 99: Click on button (1) button ** successfully completed with end event 'Action completed'    [MsgId: MMSG-205180]	[MsgId: MMSG-205180]
t=00502080ms: ** 100: Set Start Date * datepicker to 24 ** started    [MsgId: MMSG-205180]	[MsgId: MMSG-205180]
t=00502185ms: ** 100: Set Start Date * datepicker to 24 ** successfully completed with end event 'Action completed'    [MsgId: MMSG-205180]	[MsgId: MMSG-205180]
Notify: Transaction "25_Non HiCap CMR" started.	[MsgId: MMSG-16999]
t=00502687ms: ** 101: Click on Submit button ** started    [MsgId: MMSG-205180]	[MsgId: MMSG-205180]
t=00502899ms: ** 101: Click on Submit button ** successfully completed with end event 'Action completed'    [MsgId: MMSG-205180]	[MsgId: MMSG-205180]
t=00502902ms: ** 102: Wait for Go Download Reports link ** started    [MsgId: MMSG-205180]	[MsgId: MMSG-205180]
t=00623909ms: Error -205177: ** 102: Wait for Go Download Reports link ** failed - target object was not found. Identification: Descriptors       Snapshot Info [MSH 1 0]    [MsgId: MERR-205177]	[MsgId: MERR-205177]
End auto log messages stack.	[MsgId: MMSG-10544]


Start auto log messages stack - Iteration 2.	[MsgId: MMSG-10545]
Notify: Transaction "01_Launch" started.	[MsgId: MMSG-16999]
t=00504947ms: ** 1: Navigate to "https://stage-spectrume...prise.net/login" ** started    [MsgId: MMSG-205180]	[MsgId: MMSG-205180]
t=00510600ms: ** 1: Navigate to https://stage-spectrumenterprise.net/login ** successfully completed with end event 'Step synchronous network completed'    [MsgId: MMSG-205180]	[MsgId: MMSG-205180]
t=00510602ms: ** 2: Wait for Sign In button ** started    [MsgId: MMSG-205180]	[MsgId: MMSG-205180]
t=00631149ms: Error -205177: ** 2: Wait for Sign In button ** failed - target object was not found. Identification: Automatic       Snapshot Info [MSH 2 1]    [MsgId: MERR-205177]	[MsgId: MERR-205177]
End auto log messages stack.	[MsgId: MMSG-10544]


Start auto log messages stack - Iteration 1.	[MsgId: MMSG-10545]
t=00500015ms: ** 48: Click on button (1) button ** started    [MsgId: MMSG-205180]	[MsgId: MMSG-205180]
t=00501936ms: ** 48: Click on button (1) button ** successfully completed with end event 'Step synchronous network completed'    [MsgId: MMSG-205180]	[MsgId: MMSG-205180]
t=00502430ms: ** 49: Click on Last 30 days  ** started    [MsgId: MMSG-205180]	[MsgId: MMSG-205180]
t=00503252ms: ** 49: Click on Last 30 days  ** successfully completed with end event 'Step synchronous network completed'    [MsgId: MMSG-205180]	[MsgId: MMSG-205180]
Notify: Transaction "13_FI Circuit Utilization Report" started.	[MsgId: MMSG-16999]
t=00503754ms: ** 50: Click on Submit button ** started    [MsgId: MMSG-205180]	[MsgId: MMSG-205180]
t=00510862ms: ** 50: Click on Submit button ** successfully completed with end event 'Step network completed'    [MsgId: MMSG-205180]	[MsgId: MMSG-205180]
t=00510865ms: ** 51: Wait for Go Download Reports link ** started    [MsgId: MMSG-205180]	[MsgId: MMSG-205180]
t=00631794ms: Error -205177: ** 51: Wait for Go Download Reports link ** failed - target object was not found. Identification: Descriptors       Snapshot Info [MSH 1 0]    [MsgId: MERR-205177]	[MsgId: MERR-205177]
End auto log messages stack.	[MsgId: MMSG-10544]


Start auto log messages stack - Iteration 1.	[MsgId: MMSG-10545]
t=00511018ms: ** 72: Click on View Charges link ** successfully completed with end event 'Step network completed'    [MsgId: MMSG-205180]	[MsgId: MMSG-205180]
t=00511026ms: ** 73: Wait for Outbound Calls  ** started    [MsgId: MMSG-205180]	[MsgId: MMSG-205180]
t=00511235ms: ** 73: Wait for Outbound Calls  ** successfully completed with end event 'Action completed'    [MsgId: MMSG-205180]	[MsgId: MMSG-205180]
Notify: Transaction "16_Voice Trunking Non HiCap View Charges" ended with a "Pass" status (Duration: 1.3550 Think Time: 0.0020 Wasted Time: 0.5540).	[MsgId: MMSG-16870]
t=00511737ms: ** 74: Click on Back link ** started    [MsgId: MMSG-205180]	[MsgId: MMSG-205180]
t=00512111ms: ** 74: Click on Back link ** successfully completed with end event 'Step synchronous network completed'    [MsgId: MMSG-205180]	[MsgId: MMSG-205180]
Notify: Transaction "17_Voice Trunking Non HiCap Plan Details" started.	[MsgId: MMSG-16999]
t=00512614ms: ** 75: Click on Plan Details link ** started    [MsgId: MMSG-205180]	[MsgId: MMSG-205180]
t=00633516ms: Error -205177: ** 75: Click on Plan Details link ** failed - target object was not found. Identification: Automatic       Snapshot Info [MSH 1 0]    [MsgId: MERR-205177]	[MsgId: MERR-205177]
End auto log messages stack.	[MsgId: MMSG-10544]


Start auto log messages stack - Iteration 1.	[MsgId: MMSG-10545]
t=00507982ms: ** 57: Wait 15 seconds ** started    [MsgId: MMSG-205180]	[MsgId: MMSG-205180]
t=00523984ms: ** 57: Wait 15 seconds ** successfully completed with end event 'Action completed'    [MsgId: MMSG-205180]	[MsgId: MMSG-205180]
t=00523986ms: ** 58: Wait for REPORTS link ** started    [MsgId: MMSG-205180]	[MsgId: MMSG-205180]
t=00524203ms: ** 58: Wait for REPORTS link ** successfully completed with end event 'Action completed'    [MsgId: MMSG-205180]	[MsgId: MMSG-205180]
Notify: Transaction "29_Reports tab" started.	[MsgId: MMSG-16999]
t=00524708ms: ** 59: Click on REPORTS link ** started    [MsgId: MMSG-205180]	[MsgId: MMSG-205180]
t=00526125ms: ** 59: Click on REPORTS link ** successfully completed with end event 'Step synchronous network completed'    [MsgId: MMSG-205180]	[MsgId: MMSG-205180]
t=00526127ms: ** 60: Wait for Created By  ** started    [MsgId: MMSG-205180]	[MsgId: MMSG-205180]
t=00646656ms: Error -205177: ** 60: Wait for Created By  ** failed - target object was not found. Identification: Automatic       Snapshot Info [MSH 1 0]    [MsgId: MERR-205177]	[MsgId: MERR-205177]
End auto log messages stack.	[MsgId: MMSG-10544]


Start auto log messages stack - Iteration 1.	[MsgId: MMSG-10545]
t=00592022ms: ** 72: Click on View Charges link ** successfully completed with end event 'Step network completed'    [MsgId: MMSG-205180]	[MsgId: MMSG-205180]
t=00592028ms: ** 73: Wait for Outbound Calls  ** started    [MsgId: MMSG-205180]	[MsgId: MMSG-205180]
t=00592238ms: ** 73: Wait for Outbound Calls  ** successfully completed with end event 'Action completed'    [MsgId: MMSG-205180]	[MsgId: MMSG-205180]
Notify: Transaction "16_Voice Trunking Non HiCap View Charges" ended with a "Pass" status (Duration: 1.0720 Think Time: 0.0030 Wasted Time: 0.5530).	[MsgId: MMSG-16870]
t=00592741ms: ** 74: Click on Back link ** started    [MsgId: MMSG-205180]	[MsgId: MMSG-205180]
t=00593111ms: ** 74: Click on Back link ** successfully completed with end event 'Step synchronous network completed'    [MsgId: MMSG-205180]	[MsgId: MMSG-205180]
Notify: Transaction "17_Voice Trunking Non HiCap Plan Details" started.	[MsgId: MMSG-16999]
t=00593613ms: ** 75: Click on Plan Details link ** started    [MsgId: MMSG-205180]	[MsgId: MMSG-205180]
t=00714777ms: Error -205177: ** 75: Click on Plan Details link ** failed - target object was not found. Identification: Automatic       Snapshot Info [MSH 1 0]    [MsgId: MERR-205177]	[MsgId: MERR-205177]
End auto log messages stack.	[MsgId: MMSG-10544]


Start auto log messages stack - Iteration 2.	[MsgId: MMSG-10545]
t=00658697ms: ** 37: Wait for Utilization heading ** successfully completed with end event 'Action completed'    [MsgId: MMSG-205180]	[MsgId: MMSG-205180]
Notify: Transaction "05_SDWAN Circuit Utilization" ended with a "Pass" status (Duration: 12.3090 Think Time: 0.0020 Wasted Time: 0.2050).	[MsgId: MMSG-16870]
Notify: Transaction "06_SDWAN Network Utilization" started.	[MsgId: MMSG-16999]
t=00659199ms: ** 38: Click on Network Overview link ** started    [MsgId: MMSG-205180]	[MsgId: MMSG-205180]
t=00659412ms: ** 38: Click on Network Overview link ** successfully completed with end event 'Action completed'    [MsgId: MMSG-205180]	[MsgId: MMSG-205180]
t=00659415ms: ** 39: Wait for SD WAN Edge Metrics heading ** started    [MsgId: MMSG-205180]	[MsgId: MMSG-205180]
t=00659624ms: ** 39: Wait for SD WAN Edge Metrics heading ** successfully completed with end event 'Action completed'    [MsgId: MMSG-205180]	[MsgId: MMSG-205180]
t=00659627ms: ** 40: Wait for Upstream  ** started    [MsgId: MMSG-205180]	[MsgId: MMSG-205180]
t=00780275ms: Error -205177: ** 40: Wait for Upstream  ** failed - target object was not found. Identification: Automatic       Snapshot Info [MSH 2 1]    [MsgId: MERR-205177]	[MsgId: MERR-205177]
End auto log messages stack.	[MsgId: MMSG-10544]


Start auto log messages stack - Iteration 2.	[MsgId: MMSG-10545]
t=00658839ms: ** 37: Wait for Utilization heading ** successfully completed with end event 'Action completed'    [MsgId: MMSG-205180]	[MsgId: MMSG-205180]
Notify: Transaction "05_SDWAN Circuit Utilization" ended with a "Pass" status (Duration: 13.3070 Think Time: 0.0020 Wasted Time: 0.2030).	[MsgId: MMSG-16870]
Notify: Transaction "06_SDWAN Network Utilization" started.	[MsgId: MMSG-16999]
t=00659341ms: ** 38: Click on Network Overview link ** started    [MsgId: MMSG-205180]	[MsgId: MMSG-205180]
t=00659554ms: ** 38: Click on Network Overview link ** successfully completed with end event 'Action completed'    [MsgId: MMSG-205180]	[MsgId: MMSG-205180]
t=00659557ms: ** 39: Wait for SD WAN Edge Metrics heading ** started    [MsgId: MMSG-205180]	[MsgId: MMSG-205180]
t=00659763ms: ** 39: Wait for SD WAN Edge Metrics heading ** successfully completed with end event 'Action completed'    [MsgId: MMSG-205180]	[MsgId: MMSG-205180]
t=00659772ms: ** 40: Wait for Upstream  ** started    [MsgId: MMSG-205180]	[MsgId: MMSG-205180]
t=00780323ms: Error -205177: ** 40: Wait for Upstream  ** failed - target object was not found. Identification: Automatic       Snapshot Info [MSH 2 1]    [MsgId: MERR-205177]	[MsgId: MERR-205177]
End auto log messages stack.	[MsgId: MMSG-10544]


Start auto log messages stack - Iteration 2.	[MsgId: MMSG-10545]
t=00655043ms: ** 34: Click on SD WAN  ** started    [MsgId: MMSG-205180]	[MsgId: MMSG-205180]
t=00658480ms: ** 34: Click on SD WAN  ** successfully completed with end event 'Step synchronous network completed'    [MsgId: MMSG-205180]	[MsgId: MMSG-205180]
t=00658988ms: ** 35: Click on 6620 Wadsworth Blvd cell ** started    [MsgId: MMSG-205180]	[MsgId: MMSG-205180]
t=00659196ms: ** 35: Click on 6620 Wadsworth Blvd cell ** successfully completed with end event 'Action completed'    [MsgId: MMSG-205180]	[MsgId: MMSG-205180]
Notify: Transaction "05_SDWAN Circuit Utilization" started.	[MsgId: MMSG-16999]
t=00659697ms: ** 36: Click on 6801 S Tucson Way # 100 link ** started    [MsgId: MMSG-205180]	[MsgId: MMSG-205180]
t=00659722ms: ** 36: Click on 6801 S Tucson Way # 100 link ** successfully completed with end event 'Action completed'    [MsgId: MMSG-205180]	[MsgId: MMSG-205180]
t=00659725ms: ** 37: Wait for Utilization heading ** started    [MsgId: MMSG-205180]	[MsgId: MMSG-205180]
t=00780809ms: Error -205177: ** 37: Wait for Utilization heading ** failed - target object was not found. Identification: Automatic       Snapshot Info [MSH 2 1]    [MsgId: MERR-205177]	[MsgId: MERR-205177]
End auto log messages stack.	[MsgId: MMSG-10544]


Start auto log messages stack - Iteration 2.	[MsgId: MMSG-10545]
t=00666761ms: ** 34: Click on SD WAN  ** started    [MsgId: MMSG-205180]	[MsgId: MMSG-205180]
t=00669829ms: ** 34: Click on SD WAN  ** successfully completed with end event 'Step synchronous network completed'    [MsgId: MMSG-205180]	[MsgId: MMSG-205180]
t=00670339ms: ** 35: Click on 6620 Wadsworth Blvd cell ** started    [MsgId: MMSG-205180]	[MsgId: MMSG-205180]
t=00670575ms: ** 35: Click on 6620 Wadsworth Blvd cell ** successfully completed with end event 'Action completed'    [MsgId: MMSG-205180]	[MsgId: MMSG-205180]
Notify: Transaction "05_SDWAN Circuit Utilization" started.	[MsgId: MMSG-16999]
t=00671089ms: ** 36: Click on 6801 S Tucson Way # 100 link ** started    [MsgId: MMSG-205180]	[MsgId: MMSG-205180]
t=00671110ms: ** 36: Click on 6801 S Tucson Way # 100 link ** successfully completed with end event 'Action completed'    [MsgId: MMSG-205180]	[MsgId: MMSG-205180]
t=00671116ms: ** 37: Wait for Utilization heading ** started    [MsgId: MMSG-205180]	[MsgId: MMSG-205180]
t=00792158ms: Error -205177: ** 37: Wait for Utilization heading ** failed - target object was not found. Identification: Automatic       Snapshot Info [MSH 2 1]    [MsgId: MERR-205177]	[MsgId: MERR-205177]
End auto log messages stack.	[MsgId: MMSG-10544]


Start auto log messages stack - Iteration 2.	[MsgId: MMSG-10545]
t=00670728ms: ** 34: Click on SD WAN  ** started    [MsgId: MMSG-205180]	[MsgId: MMSG-205180]
t=00671224ms: ** 34: Click on SD WAN  ** successfully completed with end event 'Step synchronous network completed'    [MsgId: MMSG-205180]	[MsgId: MMSG-205180]
t=00671726ms: ** 35: Click on 6620 Wadsworth Blvd cell ** started    [MsgId: MMSG-205180]	[MsgId: MMSG-205180]
t=00671952ms: ** 35: Click on 6620 Wadsworth Blvd cell ** successfully completed with end event 'Action completed'    [MsgId: MMSG-205180]	[MsgId: MMSG-205180]
Notify: Transaction "05_SDWAN Circuit Utilization" started.	[MsgId: MMSG-16999]
t=00672458ms: ** 36: Click on 6801 S Tucson Way # 100 link ** started    [MsgId: MMSG-205180]	[MsgId: MMSG-205180]
t=00672476ms: ** 36: Click on 6801 S Tucson Way # 100 link ** successfully completed with end event 'Action completed'    [MsgId: MMSG-205180]	[MsgId: MMSG-205180]
t=00672480ms: ** 37: Wait for Utilization heading ** started    [MsgId: MMSG-205180]	[MsgId: MMSG-205180]
t=00793489ms: Error -205177: ** 37: Wait for Utilization heading ** failed - target object was not found. Identification: Automatic       Snapshot Info [MSH 2 1]    [MsgId: MERR-205177]	[MsgId: MERR-205177]
End auto log messages stack.	[MsgId: MMSG-10544]


Start auto log messages stack - Iteration 2.	[MsgId: MMSG-10545]
t=00673924ms: ** 34: Click on SD WAN  ** started    [MsgId: MMSG-205180]	[MsgId: MMSG-205180]
t=00674348ms: ** 34: Click on SD WAN  ** successfully completed with end event 'Step synchronous network completed'    [MsgId: MMSG-205180]	[MsgId: MMSG-205180]
t=00674854ms: ** 35: Click on 6620 Wadsworth Blvd cell ** started    [MsgId: MMSG-205180]	[MsgId: MMSG-205180]
t=00675063ms: ** 35: Click on 6620 Wadsworth Blvd cell ** successfully completed with end event 'Action completed'    [MsgId: MMSG-205180]	[MsgId: MMSG-205180]
Notify: Transaction "05_SDWAN Circuit Utilization" started.	[MsgId: MMSG-16999]
t=00675574ms: ** 36: Click on 6801 S Tucson Way # 100 link ** started    [MsgId: MMSG-205180]	[MsgId: MMSG-205180]
t=00675603ms: ** 36: Click on 6801 S Tucson Way # 100 link ** successfully completed with end event 'Action completed'    [MsgId: MMSG-205180]	[MsgId: MMSG-205180]
t=00675607ms: ** 37: Wait for Utilization heading ** started    [MsgId: MMSG-205180]	[MsgId: MMSG-205180]
t=00796624ms: Error -205177: ** 37: Wait for Utilization heading ** failed - target object was not found. Identification: Automatic       Snapshot Info [MSH 2 1]    [MsgId: MERR-205177]	[MsgId: MERR-205177]
End auto log messages stack.	[MsgId: MMSG-10544]


Start auto log messages stack - Iteration 2.	[MsgId: MMSG-10545]
t=00681454ms: ** 34: Click on SD WAN  ** started    [MsgId: MMSG-205180]	[MsgId: MMSG-205180]
t=00685055ms: ** 34: Click on SD WAN  ** successfully completed with end event 'Step synchronous network completed'    [MsgId: MMSG-205180]	[MsgId: MMSG-205180]
t=00685558ms: ** 35: Click on 6620 Wadsworth Blvd cell ** started    [MsgId: MMSG-205180]	[MsgId: MMSG-205180]
t=00685779ms: ** 35: Click on 6620 Wadsworth Blvd cell ** successfully completed with end event 'Action completed'    [MsgId: MMSG-205180]	[MsgId: MMSG-205180]
Notify: Transaction "05_SDWAN Circuit Utilization" started.	[MsgId: MMSG-16999]
t=00686289ms: ** 36: Click on 6801 S Tucson Way # 100 link ** started    [MsgId: MMSG-205180]	[MsgId: MMSG-205180]
t=00686306ms: ** 36: Click on 6801 S Tucson Way # 100 link ** successfully completed with end event 'Action completed'    [MsgId: MMSG-205180]	[MsgId: MMSG-205180]
t=00686309ms: ** 37: Wait for Utilization heading ** started    [MsgId: MMSG-205180]	[MsgId: MMSG-205180]
t=00807365ms: Error -205177: ** 37: Wait for Utilization heading ** failed - target object was not found. Identification: Automatic       Snapshot Info [MSH 2 1]    [MsgId: MERR-205177]	[MsgId: MERR-205177]
End auto log messages stack.	[MsgId: MMSG-10544]


Start auto log messages stack - Iteration 2.	[MsgId: MMSG-10545]
t=00671713ms: ** 57: Wait 15 seconds ** started    [MsgId: MMSG-205180]	[MsgId: MMSG-205180]
t=00687922ms: ** 57: Wait 15 seconds ** successfully completed with end event 'Action completed'    [MsgId: MMSG-205180]	[MsgId: MMSG-205180]
t=00687925ms: ** 58: Wait for REPORTS link ** started    [MsgId: MMSG-205180]	[MsgId: MMSG-205180]
t=00688147ms: ** 58: Wait for REPORTS link ** successfully completed with end event 'Action completed'    [MsgId: MMSG-205180]	[MsgId: MMSG-205180]
Notify: Transaction "29_Reports tab" started.	[MsgId: MMSG-16999]
t=00688658ms: ** 59: Click on REPORTS link ** started    [MsgId: MMSG-205180]	[MsgId: MMSG-205180]
t=00690156ms: ** 59: Click on REPORTS link ** successfully completed with end event 'Step synchronous network completed'    [MsgId: MMSG-205180]	[MsgId: MMSG-205180]
t=00690159ms: ** 60: Wait for Created By  ** started    [MsgId: MMSG-205180]	[MsgId: MMSG-205180]
t=00810688ms: Error -205177: ** 60: Wait for Created By  ** failed - target object was not found. Identification: Automatic       Snapshot Info [MSH 2 1]    [MsgId: MERR-205177]	[MsgId: MERR-205177]
End auto log messages stack.	[MsgId: MMSG-10544]


Start auto log messages stack - Iteration 2.	[MsgId: MMSG-10545]
Notify: Transaction "06_SDWAN Network Utilization" started.	[MsgId: MMSG-16999]
t=00753692ms: ** 38: Click on Network Overview link ** started    [MsgId: MMSG-205180]	[MsgId: MMSG-205180]
t=00753910ms: ** 38: Click on Network Overview link ** successfully completed with end event 'Action completed'    [MsgId: MMSG-205180]	[MsgId: MMSG-205180]
t=00753918ms: ** 39: Wait for SD WAN Edge Metrics heading ** started    [MsgId: MMSG-205180]	[MsgId: MMSG-205180]
t=00754123ms: ** 39: Wait for SD WAN Edge Metrics heading ** successfully completed with end event 'Action completed'    [MsgId: MMSG-205180]	[MsgId: MMSG-205180]
t=00754126ms: ** 40: Wait for Upstream  ** started    [MsgId: MMSG-205180]	[MsgId: MMSG-205180]
t=00754344ms: ** 40: Wait for Upstream  ** successfully completed with end event 'Action completed'    [MsgId: MMSG-205180]	[MsgId: MMSG-205180]
t=00754351ms: ** 41: Wait for Utilization heading ** started    [MsgId: MMSG-205180]	[MsgId: MMSG-205180]
t=00875486ms: Error -205177: ** 41: Wait for Utilization heading ** failed - target object was not found. Identification: Automatic       Snapshot Info [MSH 2 1]    [MsgId: MERR-205177]	[MsgId: MERR-205177]
End auto log messages stack.	[MsgId: MMSG-10544]


Start auto log messages stack - Iteration 2.	[MsgId: MMSG-10545]
t=00755192ms: ** 37: Wait for Utilization heading ** successfully completed with end event 'Action completed'    [MsgId: MMSG-205180]	[MsgId: MMSG-205180]
Notify: Transaction "05_SDWAN Circuit Utilization" ended with a "Pass" status (Duration: 12.3240 Think Time: 0.0020 Wasted Time: 0.2050).	[MsgId: MMSG-16870]
Notify: Transaction "06_SDWAN Network Utilization" started.	[MsgId: MMSG-16999]
t=00755694ms: ** 38: Click on Network Overview link ** started    [MsgId: MMSG-205180]	[MsgId: MMSG-205180]
t=00755917ms: ** 38: Click on Network Overview link ** successfully completed with end event 'Action completed'    [MsgId: MMSG-205180]	[MsgId: MMSG-205180]
t=00755919ms: ** 39: Wait for SD WAN Edge Metrics heading ** started    [MsgId: MMSG-205180]	[MsgId: MMSG-205180]
t=00756125ms: ** 39: Wait for SD WAN Edge Metrics heading ** successfully completed with end event 'Action completed'    [MsgId: MMSG-205180]	[MsgId: MMSG-205180]
t=00756127ms: ** 40: Wait for Upstream  ** started    [MsgId: MMSG-205180]	[MsgId: MMSG-205180]
t=00876645ms: Error -205177: ** 40: Wait for Upstream  ** failed - target object was not found. Identification: Automatic       Snapshot Info [MSH 2 1]    [MsgId: MERR-205177]	[MsgId: MERR-205177]
End auto log messages stack.	[MsgId: MMSG-10544]


Start auto log messages stack - Iteration 2.	[MsgId: MMSG-10545]
t=00757371ms: ** 37: Wait for Utilization heading ** successfully completed with end event 'Action completed'    [MsgId: MMSG-205180]	[MsgId: MMSG-205180]
Notify: Transaction "05_SDWAN Circuit Utilization" ended with a "Pass" status (Duration: 10.2850 Think Time: 0.0020 Wasted Time: 0.2020).	[MsgId: MMSG-16870]
Notify: Transaction "06_SDWAN Network Utilization" started.	[MsgId: MMSG-16999]
t=00757874ms: ** 38: Click on Network Overview link ** started    [MsgId: MMSG-205180]	[MsgId: MMSG-205180]
t=00758106ms: ** 38: Click on Network Overview link ** successfully completed with end event 'Action completed'    [MsgId: MMSG-205180]	[MsgId: MMSG-205180]
t=00758109ms: ** 39: Wait for SD WAN Edge Metrics heading ** started    [MsgId: MMSG-205180]	[MsgId: MMSG-205180]
t=00758320ms: ** 39: Wait for SD WAN Edge Metrics heading ** successfully completed with end event 'Action completed'    [MsgId: MMSG-205180]	[MsgId: MMSG-205180]
t=00758324ms: ** 40: Wait for Upstream  ** started    [MsgId: MMSG-205180]	[MsgId: MMSG-205180]
t=00879004ms: Error -205177: ** 40: Wait for Upstream  ** failed - target object was not found. Identification: Automatic       Snapshot Info [MSH 2 1]    [MsgId: MERR-205177]	[MsgId: MERR-205177]
End auto log messages stack.	[MsgId: MMSG-10544]


Start auto log messages stack - Iteration 2.	[MsgId: MMSG-10545]
t=00763071ms: ** 72: Click on View Charges link ** successfully completed with end event 'Step network completed'    [MsgId: MMSG-205180]	[MsgId: MMSG-205180]
t=00763073ms: ** 73: Wait for Outbound Calls  ** started    [MsgId: MMSG-205180]	[MsgId: MMSG-205180]
t=00763286ms: ** 73: Wait for Outbound Calls  ** successfully completed with end event 'Action completed'    [MsgId: MMSG-205180]	[MsgId: MMSG-205180]
Notify: Transaction "16_Voice Trunking Non HiCap View Charges" ended with a "Pass" status (Duration: 1.1160 Think Time: 0.0020 Wasted Time: 0.5610).	[MsgId: MMSG-16870]
t=00763789ms: ** 74: Click on Back link ** started    [MsgId: MMSG-205180]	[MsgId: MMSG-205180]
t=00764159ms: ** 74: Click on Back link ** successfully completed with end event 'Step synchronous network completed'    [MsgId: MMSG-205180]	[MsgId: MMSG-205180]
Notify: Transaction "17_Voice Trunking Non HiCap Plan Details" started.	[MsgId: MMSG-16999]
t=00764662ms: ** 75: Click on Plan Details link ** started    [MsgId: MMSG-205180]	[MsgId: MMSG-205180]
t=00885795ms: Error -205177: ** 75: Click on Plan Details link ** failed - target object was not found. Identification: Automatic       Snapshot Info [MSH 2 1]    [MsgId: MERR-205177]	[MsgId: MERR-205177]
End auto log messages stack.	[MsgId: MMSG-10544]


Start auto log messages stack - Iteration 2.	[MsgId: MMSG-10545]
t=00776458ms: ** 99: Click on button (1) button ** started    [MsgId: MMSG-205180]	[MsgId: MMSG-205180]
t=00776683ms: ** 99: Click on button (1) button ** successfully completed with end event 'Action completed'    [MsgId: MMSG-205180]	[MsgId: MMSG-205180]
t=00777184ms: ** 100: Set Start Date * datepicker to 24 ** started    [MsgId: MMSG-205180]	[MsgId: MMSG-205180]
t=00777279ms: ** 100: Set Start Date * datepicker to 24 ** successfully completed with end event 'Action completed'    [MsgId: MMSG-205180]	[MsgId: MMSG-205180]
Notify: Transaction "25_Non HiCap CMR" started.	[MsgId: MMSG-16999]
t=00777783ms: ** 101: Click on Submit button ** started    [MsgId: MMSG-205180]	[MsgId: MMSG-205180]
t=00777989ms: ** 101: Click on Submit button ** successfully completed with end event 'Action completed'    [MsgId: MMSG-205180]	[MsgId: MMSG-205180]
t=00777991ms: ** 102: Wait for Go Download Reports link ** started    [MsgId: MMSG-205180]	[MsgId: MMSG-205180]
t=00898960ms: Error -205177: ** 102: Wait for Go Download Reports link ** failed - target object was not found. Identification: Descriptors       Snapshot Info [MSH 2 1]    [MsgId: MERR-205177]	[MsgId: MERR-205177]
End auto log messages stack.	[MsgId: MMSG-10544]


Start auto log messages stack - Iteration 2.	[MsgId: MMSG-10545]
t=00811698ms: ** 25: Click on 7330 State Route 54 gridcell ** successfully completed with end event 'Action completed'    [MsgId: MMSG-205180]	[MsgId: MMSG-205180]
t=00811698ms: ** 26: Wait for Utilization heading ** started    [MsgId: MMSG-205180]	[MsgId: MMSG-205180]
t=00836136ms: ** 26: Wait for Utilization heading ** successfully completed with end event 'Action completed'    [MsgId: MMSG-205180]	[MsgId: MMSG-205180]
Notify: Transaction "09_Network Circuit Create a Report" started.	[MsgId: MMSG-16999]
t=00836637ms: ** 27: Click on button (4) button ** started    [MsgId: MMSG-205180]	[MsgId: MMSG-205180]
t=00838662ms: ** 27: Click on button (4) button ** successfully completed with end event 'Step synchronous network completed'    [MsgId: MMSG-205180]	[MsgId: MMSG-205180]
Notify: Transaction "09_Network Circuit Create a Report" ended with a "Pass" status (Duration: 2.0250 Wasted Time: 0.3510).	[MsgId: MMSG-16871]
t=00839165ms: ** 28: Scroll on Fill Page ** started    [MsgId: MMSG-205180]	[MsgId: MMSG-205180]
t=00960449ms: Error -205177: ** 28: Scroll on Fill Page ** failed - target object was not found. Identification: Automatic       Snapshot Info [MSH 2 1]    [MsgId: MERR-205177]	[MsgId: MERR-205177]
Start auto log messages stack - Iteration 2.	[MsgId: MMSG-10545]
t=00841953ms: ** 34: Click on SD WAN  ** started    [MsgId: MMSG-205180]	[MsgId: MMSG-205180]
t=00845836ms: ** 34: Click on SD WAN  ** successfully completed with end event 'Step synchronous network completed'    [MsgId: MMSG-205180]	[MsgId: MMSG-205180]
t=00846338ms: ** 35: Click on 6620 Wadsworth Blvd cell ** started    [MsgId: MMSG-205180]	[MsgId: MMSG-205180]
t=00846557ms: ** 35: Click on 6620 Wadsworth Blvd cell ** successfully completed with end event 'Action completed'    [MsgId: MMSG-205180]	[MsgId: MMSG-205180]
Notify: Transaction "05_SDWAN Circuit Utilization" started.	[MsgId: MMSG-16999]
t=00847066ms: ** 36: Click on 6801 S Tucson Way # 100 link ** started    [MsgId: MMSG-205180]	[MsgId: MMSG-205180]
t=00847080ms: ** 36: Click on 6801 S Tucson Way # 100 link ** successfully completed with end event 'Action completed'    [MsgId: MMSG-205180]	[MsgId: MMSG-205180]
t=00847082ms: ** 37: Wait for Utilization heading ** started    [MsgId: MMSG-205180]	[MsgId: MMSG-205180]
t=00968080ms: Error -205177: ** 37: Wait for Utilization heading ** failed - target object was not found. Identification: Automatic       Snapshot Info [MSH 2 1]    [MsgId: MERR-205177]	[MsgId: MERR-205177]
End auto log messages stack.	[MsgId: MMSG-10544]


Start auto log messages stack - Iteration 3.	[MsgId: MMSG-10545]
Notify: Transaction "06_SDWAN Network Utilization" started.	[MsgId: MMSG-16999]
t=00848919ms: ** 38: Click on Network Overview link ** started    [MsgId: MMSG-205180]	[MsgId: MMSG-205180]
t=00849131ms: ** 38: Click on Network Overview link ** successfully completed with end event 'Action completed'    [MsgId: MMSG-205180]	[MsgId: MMSG-205180]
t=00849134ms: ** 39: Wait for SD WAN Edge Metrics heading ** started    [MsgId: MMSG-205180]	[MsgId: MMSG-205180]
t=00849340ms: ** 39: Wait for SD WAN Edge Metrics heading ** successfully completed with end event 'Action completed'    [MsgId: MMSG-205180]	[MsgId: MMSG-205180]
t=00849349ms: ** 40: Wait for Upstream  ** started    [MsgId: MMSG-205180]	[MsgId: MMSG-205180]
t=00849556ms: ** 40: Wait for Upstream  ** successfully completed with end event 'Action completed'    [MsgId: MMSG-205180]	[MsgId: MMSG-205180]
t=00849566ms: ** 41: Wait for Utilization heading ** started    [MsgId: MMSG-205180]	[MsgId: MMSG-205180]
t=00970661ms: Error -205177: ** 41: Wait for Utilization heading ** failed - target object was not found. Identification: Automatic       Snapshot Info [MSH 3 2]    [MsgId: MERR-205177]	[MsgId: MERR-205177]
End auto log messages stack.	[MsgId: MMSG-10544]


Start auto log messages stack - Iteration 2.	[MsgId: MMSG-10545]
t=00850899ms: ** 34: Click on SD WAN  ** started    [MsgId: MMSG-205180]	[MsgId: MMSG-205180]
t=00854601ms: ** 34: Click on SD WAN  ** successfully completed with end event 'Step synchronous network completed'    [MsgId: MMSG-205180]	[MsgId: MMSG-205180]
t=00855103ms: ** 35: Click on 6620 Wadsworth Blvd cell ** started    [MsgId: MMSG-205180]	[MsgId: MMSG-205180]
t=00855331ms: ** 35: Click on 6620 Wadsworth Blvd cell ** successfully completed with end event 'Action completed'    [MsgId: MMSG-205180]	[MsgId: MMSG-205180]
Notify: Transaction "05_SDWAN Circuit Utilization" started.	[MsgId: MMSG-16999]
t=00855834ms: ** 36: Click on 6801 S Tucson Way # 100 link ** started    [MsgId: MMSG-205180]	[MsgId: MMSG-205180]
t=00855848ms: ** 36: Click on 6801 S Tucson Way # 100 link ** successfully completed with end event 'Action completed'    [MsgId: MMSG-205180]	[MsgId: MMSG-205180]
t=00855852ms: ** 37: Wait for Utilization heading ** started    [MsgId: MMSG-205180]	[MsgId: MMSG-205180]
t=00976866ms: Error -205177: ** 37: Wait for Utilization heading ** failed - target object was not found. Identification: Automatic       Snapshot Info [MSH 2 1]    [MsgId: MERR-205177]	[MsgId: MERR-205177]
End auto log messages stack.	[MsgId: MMSG-10544]


Start auto log messages stack - Iteration 2.	[MsgId: MMSG-10545]
t=00857185ms: ** 34: Click on SD WAN  ** started    [MsgId: MMSG-205180]	[MsgId: MMSG-205180]
t=00857556ms: ** 34: Click on SD WAN  ** successfully completed with end event 'Step synchronous network completed'    [MsgId: MMSG-205180]	[MsgId: MMSG-205180]
t=00858068ms: ** 35: Click on 6620 Wadsworth Blvd cell ** started    [MsgId: MMSG-205180]	[MsgId: MMSG-205180]
t=00858283ms: ** 35: Click on 6620 Wadsworth Blvd cell ** successfully completed with end event 'Action completed'    [MsgId: MMSG-205180]	[MsgId: MMSG-205180]
Notify: Transaction "05_SDWAN Circuit Utilization" started.	[MsgId: MMSG-16999]
t=00858784ms: ** 36: Click on 6801 S Tucson Way # 100 link ** started    [MsgId: MMSG-205180]	[MsgId: MMSG-205180]
t=00858794ms: ** 36: Click on 6801 S Tucson Way # 100 link ** successfully completed with end event 'Action completed'    [MsgId: MMSG-205180]	[MsgId: MMSG-205180]
t=00858796ms: ** 37: Wait for Utilization heading ** started    [MsgId: MMSG-205180]	[MsgId: MMSG-205180]
t=00979778ms: Error -205177: ** 37: Wait for Utilization heading ** failed - target object was not found. Identification: Automatic       Snapshot Info [MSH 2 1]    [MsgId: MERR-205177]	[MsgId: MERR-205177]
End auto log messages stack.	[MsgId: MMSG-10544]


Start auto log messages stack - Iteration 2.	[MsgId: MMSG-10545]
Notify: Transaction "06_SDWAN Network Utilization" started.	[MsgId: MMSG-16999]
t=00859353ms: ** 38: Click on Network Overview link ** started    [MsgId: MMSG-205180]	[MsgId: MMSG-205180]
t=00859564ms: ** 38: Click on Network Overview link ** successfully completed with end event 'Action completed'    [MsgId: MMSG-205180]	[MsgId: MMSG-205180]
t=00859569ms: ** 39: Wait for SD WAN Edge Metrics heading ** started    [MsgId: MMSG-205180]	[MsgId: MMSG-205180]
t=00859781ms: ** 39: Wait for SD WAN Edge Metrics heading ** successfully completed with end event 'Action completed'    [MsgId: MMSG-205180]	[MsgId: MMSG-205180]
t=00859783ms: ** 40: Wait for Upstream  ** started    [MsgId: MMSG-205180]	[MsgId: MMSG-205180]
t=00859991ms: ** 40: Wait for Upstream  ** successfully completed with end event 'Action completed'    [MsgId: MMSG-205180]	[MsgId: MMSG-205180]
t=00859997ms: ** 41: Wait for Utilization heading ** started    [MsgId: MMSG-205180]	[MsgId: MMSG-205180]
t=00981024ms: Error -205177: ** 41: Wait for Utilization heading ** failed - target object was not found. Identification: Automatic       Snapshot Info [MSH 2 1]    [MsgId: MERR-205177]	[MsgId: MERR-205177]
End auto log messages stack.	[MsgId: MMSG-10544]


Start auto log messages stack - Iteration 2.	[MsgId: MMSG-10545]
t=00924248ms: ** 37: Wait for Utilization heading ** successfully completed with end event 'Action completed'    [MsgId: MMSG-205180]	[MsgId: MMSG-205180]
Notify: Transaction "05_SDWAN Circuit Utilization" ended with a "Pass" status (Duration: 9.2900 Think Time: 0.0020 Wasted Time: 0.4080).	[MsgId: MMSG-16870]
Notify: Transaction "06_SDWAN Network Utilization" started.	[MsgId: MMSG-16999]
t=00924750ms: ** 38: Click on Network Overview link ** started    [MsgId: MMSG-205180]	[MsgId: MMSG-205180]
t=00924984ms: ** 38: Click on Network Overview link ** successfully completed with end event 'Action completed'    [MsgId: MMSG-205180]	[MsgId: MMSG-205180]
t=00924987ms: ** 39: Wait for SD WAN Edge Metrics heading ** started    [MsgId: MMSG-205180]	[MsgId: MMSG-205180]
t=00925197ms: ** 39: Wait for SD WAN Edge Metrics heading ** successfully completed with end event 'Action completed'    [MsgId: MMSG-205180]	[MsgId: MMSG-205180]
t=00925200ms: ** 40: Wait for Upstream  ** started    [MsgId: MMSG-205180]	[MsgId: MMSG-205180]
t=01045940ms: Error -205177: ** 40: Wait for Upstream  ** failed - target object was not found. Identification: Automatic       Snapshot Info [MSH 2 1]    [MsgId: MERR-205177]	[MsgId: MERR-205177]
End auto log messages stack.	[MsgId: MMSG-10544]


