Start auto log messages stack - Iteration 2.	[MsgId: MMSG-10545]
t=00747614ms: ** 99: Click on button (1) button ** started    [MsgId: MMSG-205180]	[MsgId: MMSG-205180]
t=00747828ms: ** 99: Click on button (1) button ** successfully completed with end event 'Action completed'    [MsgId: MMSG-205180]	[MsgId: MMSG-205180]
t=00748330ms: ** 100: Set Start Date * datepicker to 24 ** started    [MsgId: MMSG-205180]	[MsgId: MMSG-205180]
t=00748381ms: ** 100: Set Start Date * datepicker to 24 ** successfully completed with end event 'Action completed'    [MsgId: MMSG-205180]	[MsgId: MMSG-205180]
Notify: Transaction "25_Non HiCap CMR" started.	[MsgId: MMSG-16999]
t=00748883ms: ** 101: Click on Submit button ** started    [MsgId: MMSG-205180]	[MsgId: MMSG-205180]
t=00749104ms: ** 101: Click on Submit button ** successfully completed with end event 'Action completed'    [MsgId: MMSG-205180]	[MsgId: MMSG-205180]
t=00749106ms: ** 102: Wait for Go Download Reports link ** started    [MsgId: MMSG-205180]	[MsgId: MMSG-205180]
t=00869838ms: Error -205177: ** 102: Wait for Go Download Reports link ** failed - target object was not found. Identification: Descriptors       Snapshot Info [MSH 2 0]    [MsgId: MERR-205177]	[MsgId: MERR-205177]
End auto log messages stack.	[MsgId: MMSG-10544]


Start auto log messages stack - Iteration 4.	[MsgId: MMSG-10545]
t=01669136ms: ** 116: Click on element (2)  ** started    [MsgId: MMSG-205180]	[MsgId: MMSG-205180]
t=01669343ms: ** 116: Click on element (2)  ** successfully completed with end event 'Action completed'    [MsgId: MMSG-205180]	[MsgId: MMSG-205180]
t=01669846ms: ** 117: Click on M / 1 day ** started    [MsgId: MMSG-205180]	[MsgId: MMSG-205180]
t=01669861ms: ** 117: Click on M / 1 day ** successfully completed with end event 'Action completed'    [MsgId: MMSG-205180]	[MsgId: MMSG-205180]
Notify: Transaction "27_Hi Cap CMR" started.	[MsgId: MMSG-16999]
t=01670373ms: ** 118: Click on Submit button ** started    [MsgId: MMSG-205180]	[MsgId: MMSG-205180]
t=01670583ms: ** 118: Click on Submit button ** successfully completed with end event 'Action completed'    [MsgId: MMSG-205180]	[MsgId: MMSG-205180]
t=01670586ms: ** 119: Wait for Go Download Reports link ** started    [MsgId: MMSG-205180]	[MsgId: MMSG-205180]
t=01791612ms: Error -205177: ** 119: Wait for Go Download Reports link ** failed - target object was not found. Identification: Descriptors       Snapshot Info [MSH 4 1]    [MsgId: MERR-205177]	[MsgId: MERR-205177]
End auto log messages stack.	[MsgId: MMSG-10544]


Start auto log messages stack - Iteration 7.	[MsgId: MMSG-10545]
t=03104357ms: ** 127: Click on Close Button button ** successfully completed with end event 'Action completed'    [MsgId: MMSG-205180]	[MsgId: MMSG-205180]
t=03104860ms: ** 128: Click on We're Preparing Your... button ** started    [MsgId: MMSG-205180]	[MsgId: MMSG-205180]
t=03105243ms: ** 128: Click on We're Preparing Your... button ** successfully completed with end event 'Step synchronous network completed'    [MsgId: MMSG-205180]	[MsgId: MMSG-205180]
t=03105754ms: ** 129: Click on Z Perf test button ** started    [MsgId: MMSG-205180]	[MsgId: MMSG-205180]
t=03105914ms: ** 129: Click on Z Perf test button ** successfully completed with end event 'Step synchronous network completed'    [MsgId: MMSG-205180]	[MsgId: MMSG-205180]
Notify: Transaction "32_Event Log" started.	[MsgId: MMSG-16999]
t=03106424ms: ** 130: Click on View Event Logs none ** started    [MsgId: MMSG-205180]	[MsgId: MMSG-205180]
t=03141986ms: Error -205177: ** 130: Click on View Event Logs none ** failed - end event error due to network timeout. Open requests: https://www.spectrumenterprise.net/api/accounts/694f3d6b-73ea-4b6b-9ca5-9ba11b20118c/reports;        Snapshot Info [MSH 7 2]    [MsgId: MERR-205177]	[MsgId: MERR-205177]
End auto log messages stack.	[MsgId: MMSG-10544]


Start auto log messages stack - Iteration 8.	[MsgId: MMSG-10545]
t=03429807ms: ** 99: Click on button (1) button ** started    [MsgId: MMSG-205180]	[MsgId: MMSG-205180]
t=03430020ms: ** 99: Click on button (1) button ** successfully completed with end event 'Action completed'    [MsgId: MMSG-205180]	[MsgId: MMSG-205180]
t=03430522ms: ** 100: Set Start Date * datepicker to 24 ** started    [MsgId: MMSG-205180]	[MsgId: MMSG-205180]
t=03430578ms: ** 100: Set Start Date * datepicker to 24 ** successfully completed with end event 'Action completed'    [MsgId: MMSG-205180]	[MsgId: MMSG-205180]
Notify: Transaction "25_Non HiCap CMR" started.	[MsgId: MMSG-16999]
t=03431083ms: ** 101: Click on Submit button ** started    [MsgId: MMSG-205180]	[MsgId: MMSG-205180]
t=03431297ms: ** 101: Click on Submit button ** successfully completed with end event 'Action completed'    [MsgId: MMSG-205180]	[MsgId: MMSG-205180]
t=03431299ms: ** 102: Wait for Go Download Reports link ** started    [MsgId: MMSG-205180]	[MsgId: MMSG-205180]
t=03552335ms: Error -205177: ** 102: Wait for Go Download Reports link ** failed - target object was not found. Identification: Descriptors       Snapshot Info [MSH 8 3]    [MsgId: MERR-205177]	[MsgId: MERR-205177]
End auto log messages stack.	[MsgId: MMSG-10544]


Start auto log messages stack - Iteration 9.	[MsgId: MMSG-10545]
t=03938978ms: ** 122: Click on link (1) link ** successfully completed with end event 'Step synchronous network completed'    [MsgId: MMSG-205180]	[MsgId: MMSG-205180]
t=03939494ms: ** 123: Click on What type of Voice Trunking... label ** started    [MsgId: MMSG-205180]	[MsgId: MMSG-205180]
t=03939701ms: ** 123: Click on What type of Voice Trunking... label ** successfully completed with end event 'Action completed'    [MsgId: MMSG-205180]	[MsgId: MMSG-205180]
t=03940206ms: ** 124: Click on What type of Voice Trunking... button ** started    [MsgId: MMSG-205180]	[MsgId: MMSG-205180]
t=03940413ms: ** 124: Click on What type of Voice Trunking... button ** successfully completed with end event 'Action completed'    [MsgId: MMSG-205180]	[MsgId: MMSG-205180]
Notify: Transaction "28_Hi Cap CDR" started.	[MsgId: MMSG-16999]
t=03940915ms: ** 125: Click on Submit button ** started    [MsgId: MMSG-205180]	[MsgId: MMSG-205180]
t=03980485ms: Error -205177: ** 125: Click on Submit button ** failed - end event error due to network timeout. Open requests: https://www.spectrumenterprise.net/api/accounts/694f3d6b-73ea-4b6b-9ca5-9ba11b20118c/reports; https://api.spectrum.net/entservices/inventory/v2/accounts/694f3d6b-73ea-4b6b-9ca5-9ba11b20118c/networkServices/tickets/?openDateStart=1549004400000&ticketStatus=In%20Progress;        Snapshot Info [MSH 9 4]    [MsgId: MERR-205177]	[MsgId: MERR-205177]
End auto log messages stack.	[MsgId: MMSG-10544]


Start auto log messages stack - Iteration 10.	[MsgId: MMSG-10545]
t=03990050ms: ** 4: Type perftest043@mailinator.com in Username emailbox ** successfully completed with end event 'Action completed'    [MsgId: MMSG-205180]	[MsgId: MMSG-205180]
t=03990552ms: ** 5: Type ******** in Password passwordbox ** started    [MsgId: MMSG-205180]	[MsgId: MMSG-205180]
t=03991219ms: ** 5: Type ******** in Password passwordbox ** successfully completed with end event 'Action completed'    [MsgId: MMSG-205180]	[MsgId: MMSG-205180]
Notify: Transaction "02_Login" started.	[MsgId: MMSG-16999]
t=03991721ms: ** 6: Click on Sign In button ** started    [MsgId: MMSG-205180]	[MsgId: MMSG-205180]
t=04000685ms: ** 6: Click on Sign In button ** successfully completed with end event 'Step network completed'    [MsgId: MMSG-205180]	[MsgId: MMSG-205180]
Notify: Transaction "02_Login" ended with a "Pass" status (Duration: 8.9640 Wasted Time: 0.3670).	[MsgId: MMSG-16871]
t=04000688ms: ** 7: Wait for All Network Services  ** started    [MsgId: MMSG-205180]	[MsgId: MMSG-205180]
t=04121762ms: Error -205177: ** 7: Wait for All Network Services  ** failed - target object was not found. Identification: Automatic       Snapshot Info [MSH 10 5]    [MsgId: MERR-205177]	[MsgId: MERR-205177]
Start auto log messages stack - Iteration 11.	[MsgId: MMSG-10545]
t=04382167ms: ** 99: Click on button (1) button ** started    [MsgId: MMSG-205180]	[MsgId: MMSG-205180]
t=04382383ms: ** 99: Click on button (1) button ** successfully completed with end event 'Action completed'    [MsgId: MMSG-205180]	[MsgId: MMSG-205180]
t=04382885ms: ** 100: Set Start Date * datepicker to 24 ** started    [MsgId: MMSG-205180]	[MsgId: MMSG-205180]
t=04382935ms: ** 100: Set Start Date * datepicker to 24 ** successfully completed with end event 'Action completed'    [MsgId: MMSG-205180]	[MsgId: MMSG-205180]
Notify: Transaction "25_Non HiCap CMR" started.	[MsgId: MMSG-16999]
t=04383445ms: ** 101: Click on Submit button ** started    [MsgId: MMSG-205180]	[MsgId: MMSG-205180]
t=04383654ms: ** 101: Click on Submit button ** successfully completed with end event 'Action completed'    [MsgId: MMSG-205180]	[MsgId: MMSG-205180]
t=04383657ms: ** 102: Wait for Go Download Reports link ** started    [MsgId: MMSG-205180]	[MsgId: MMSG-205180]
t=04504680ms: Error -205177: ** 102: Wait for Go Download Reports link ** failed - target object was not found. Identification: Descriptors       Snapshot Info [MSH 11 6]    [MsgId: MERR-205177]	[MsgId: MERR-205177]
End auto log messages stack.	[MsgId: MMSG-10544]


