Start auto log messages stack - Iteration 1.	[MsgId: MMSG-10545]
t=00244765ms: ** 59: Click on SUPPORT link ** successfully completed with end event 'Step network completed'    [MsgId: MMSG-205180]	[MsgId: MMSG-205180]
t=00244769ms: ** 60: Wait for IN PROGRESS heading ** started    [MsgId: MMSG-205180]	[MsgId: MMSG-205180]
t=00245134ms: ** 60: Wait for IN PROGRESS heading ** successfully completed with end event 'Action completed'    [MsgId: MMSG-205180]	[MsgId: MMSG-205180]
t=00245137ms: ** 61: Wait for TOP 5 RESOLUTIONS heading ** started    [MsgId: MMSG-205180]	[MsgId: MMSG-205180]
t=00245343ms: ** 61: Wait for TOP 5 RESOLUTIONS heading ** successfully completed with end event 'Action completed'    [MsgId: MMSG-205180]	[MsgId: MMSG-205180]
Notify: Transaction "30_Support Overview" ended with a "Pass" status (Duration: 22.8090 Think Time: 0.0030 Wasted Time: 0.5570).	[MsgId: MMSG-16870]
Notify: Transaction "31_Support Ticket" started.	[MsgId: MMSG-16999]
t=00245851ms: ** 62: Click on Tickets link ** started    [MsgId: MMSG-205180]	[MsgId: MMSG-205180]
t=00287273ms: Error -205177: ** 62: Click on Tickets link ** failed - end event error due to network timeout. Open requests: https://staging.api.spectrum.net/entservices/inventory/v3/accounts/694f3d6b-73ea-4b6b-9ca5-9ba11b20118c/networkServices/tickets/?openDateStart=1549004400000;        Snapshot Info [MSH 1 0]    [MsgId: MERR-205177]	[MsgId: MERR-205177]
End auto log messages stack.	[MsgId: MMSG-10544]


Start auto log messages stack - Iteration 1.	[MsgId: MMSG-10545]
t=00252165ms: ** 59: Click on SUPPORT link ** successfully completed with end event 'Step network completed'    [MsgId: MMSG-205180]	[MsgId: MMSG-205180]
t=00252168ms: ** 60: Wait for IN PROGRESS heading ** started    [MsgId: MMSG-205180]	[MsgId: MMSG-205180]
t=00252573ms: ** 60: Wait for IN PROGRESS heading ** successfully completed with end event 'Action completed'    [MsgId: MMSG-205180]	[MsgId: MMSG-205180]
t=00252576ms: ** 61: Wait for TOP 5 RESOLUTIONS heading ** started    [MsgId: MMSG-205180]	[MsgId: MMSG-205180]
t=00252786ms: ** 61: Wait for TOP 5 RESOLUTIONS heading ** successfully completed with end event 'Action completed'    [MsgId: MMSG-205180]	[MsgId: MMSG-205180]
Notify: Transaction "30_Support Overview" ended with a "Pass" status (Duration: 17.6520 Think Time: 0.0040 Wasted Time: 0.5630).	[MsgId: MMSG-16870]
Notify: Transaction "31_Support Ticket" started.	[MsgId: MMSG-16999]
t=00253289ms: ** 62: Click on Tickets link ** started    [MsgId: MMSG-205180]	[MsgId: MMSG-205180]
t=00292904ms: Error -205177: ** 62: Click on Tickets link ** failed - end event error due to network timeout. Open requests: https://staging.api.spectrum.net/entservices/inventory/v3/accounts/694f3d6b-73ea-4b6b-9ca5-9ba11b20118c/networkServices/tickets/?openDateStart=1549004400000; https://staging.api.spectrum.net/entservices/inventory/v3/accounts/694f3d6b-73ea-4b6b-9ca5-9ba11b20118c/networkServices/tickets/?openDateStart=1549004400000&ticketStatus=In%20Progress;        Snapshot Info [MSH 1 0]    [MsgId: MERR-205177]	[MsgId: MERR-205177]
End auto log messages stack.	[MsgId: MMSG-10544]


Start auto log messages stack - Iteration 1.	[MsgId: MMSG-10545]
t=00292604ms: ** 59: Click on SUPPORT link ** successfully completed with end event 'Step network completed'    [MsgId: MMSG-205180]	[MsgId: MMSG-205180]
t=00292618ms: ** 60: Wait for IN PROGRESS heading ** started    [MsgId: MMSG-205180]	[MsgId: MMSG-205180]
t=00292832ms: ** 60: Wait for IN PROGRESS heading ** successfully completed with end event 'Action completed'    [MsgId: MMSG-205180]	[MsgId: MMSG-205180]
t=00292835ms: ** 61: Wait for TOP 5 RESOLUTIONS heading ** started    [MsgId: MMSG-205180]	[MsgId: MMSG-205180]
t=00293049ms: ** 61: Wait for TOP 5 RESOLUTIONS heading ** successfully completed with end event 'Action completed'    [MsgId: MMSG-205180]	[MsgId: MMSG-205180]
Notify: Transaction "30_Support Overview" ended with a "Pass" status (Duration: 31.2990 Think Time: 0.0040 Wasted Time: 0.5590).	[MsgId: MMSG-16870]
Notify: Transaction "31_Support Ticket" started.	[MsgId: MMSG-16999]
t=00293549ms: ** 62: Click on Tickets link ** started    [MsgId: MMSG-205180]	[MsgId: MMSG-205180]
t=00328923ms: Error -205177: ** 62: Click on Tickets link ** failed - end event error due to network timeout. Open requests: https://staging.api.spectrum.net/entservices/inventory/v3/accounts/694f3d6b-73ea-4b6b-9ca5-9ba11b20118c/networkServices/tickets/?openDateStart=1549004400000; https://staging.api.spectrum.net/entservices/inventory/v3/accounts/694f3d6b-73ea-4b6b-9ca5-9ba11b20118c/networkServices/tickets/?openDateStart=1549004400000; https://staging.api.spectrum.net/entservices/inventory/v3/accounts/694f3d6b-73ea-4b6b-9ca5-9ba11b20118c/networkServices/tickets/?openDateStart=1549004400000&ticketStatus=In%20Progress;        Snapshot Info [MSH 1 0]    [MsgId: MERR-205177]	[MsgId: MERR-205177]
End auto log messages stack.	[MsgId: MMSG-10544]


Start auto log messages stack - Iteration 1.	[MsgId: MMSG-10545]
t=00249174ms: ** 60: Wait for IN PROGRESS heading ** successfully completed with end event 'Action completed'    [MsgId: MMSG-205180]	[MsgId: MMSG-205180]
t=00249180ms: ** 61: Wait for TOP 5 RESOLUTIONS heading ** started    [MsgId: MMSG-205180]	[MsgId: MMSG-205180]
t=00249386ms: ** 61: Wait for TOP 5 RESOLUTIONS heading ** successfully completed with end event 'Action completed'    [MsgId: MMSG-205180]	[MsgId: MMSG-205180]
Notify: Transaction "30_Support Overview" ended with a "Pass" status (Duration: 17.4590 Think Time: 0.0040 Wasted Time: 0.4030).	[MsgId: MMSG-16870]
Notify: Transaction "31_Support Ticket" started.	[MsgId: MMSG-16999]
t=00249888ms: ** 62: Click on Tickets link ** started    [MsgId: MMSG-205180]	[MsgId: MMSG-205180]
t=00250055ms: ** 62: Click on Tickets link ** successfully completed with end event 'Step network completed'    [MsgId: MMSG-205180]	[MsgId: MMSG-205180]
t=00250064ms: ** 63: Wait for Ticket ID  ** started    [MsgId: MMSG-205180]	[MsgId: MMSG-205180]
t=00371103ms: Error -205177: ** 63: Wait for Ticket ID  ** failed - target object was not found. Identification: Automatic       Snapshot Info [MSH 1 0]    [MsgId: MERR-205177]	[MsgId: MERR-205177]
End auto log messages stack.	[MsgId: MMSG-10544]


Start auto log messages stack - Iteration 1.	[MsgId: MMSG-10545]
t=00252850ms: ** 53: Click on LOCATIONS link ** started    [MsgId: MMSG-205180]	[MsgId: MMSG-205180]
t=00252863ms: ** 53: Click on LOCATIONS link ** successfully completed with end event 'Action completed'    [MsgId: MMSG-205180]	[MsgId: MMSG-205180]
t=00253367ms: ** 54: Reload current page ** started    [MsgId: MMSG-205180]	[MsgId: MMSG-205180]
t=00254397ms: ** 54: Reload current page ** successfully completed with end event 'Step synchronous network completed'    [MsgId: MMSG-205180]	[MsgId: MMSG-205180]
t=00254400ms: ** 55: Wait 15 seconds ** started    [MsgId: MMSG-205180]	[MsgId: MMSG-205180]
t=00270165ms: ** 55: Wait 15 seconds ** successfully completed with end event 'Action completed'    [MsgId: MMSG-205180]	[MsgId: MMSG-205180]
t=00270168ms: ** 56: Wait for REPORTS link ** started    [MsgId: MMSG-205180]	[MsgId: MMSG-205180]
t=00391358ms: Error -205177: ** 56: Wait for REPORTS link ** failed - target object was not found. Identification: Descriptors       Snapshot Info [MSH 1 0]    [MsgId: MERR-205177]	[MsgId: MERR-205177]
Start auto log messages stack - Iteration 1.	[MsgId: MMSG-10545]
t=00269106ms: ** 4: Type perftest088@mailinator.com in Username emailbox ** successfully completed with end event 'Action completed'    [MsgId: MMSG-205180]	[MsgId: MMSG-205180]
t=00269612ms: ** 5: Type ******** in Password passwordbox ** started    [MsgId: MMSG-205180]	[MsgId: MMSG-205180]
t=00270267ms: ** 5: Type ******** in Password passwordbox ** successfully completed with end event 'Action completed'    [MsgId: MMSG-205180]	[MsgId: MMSG-205180]
Notify: Transaction "02_Login" started.	[MsgId: MMSG-16999]
t=00270771ms: ** 6: Click on Sign In button ** started    [MsgId: MMSG-205180]	[MsgId: MMSG-205180]
t=00272396ms: ** 6: Click on Sign In button ** successfully completed with end event 'Step network completed'    [MsgId: MMSG-205180]	[MsgId: MMSG-205180]
Notify: Transaction "02_Login" ended with a "Pass" status (Duration: 1.6230 Wasted Time: 0.3510).	[MsgId: MMSG-16871]
t=00272403ms: ** 7: Wait for All Network Services  ** started    [MsgId: MMSG-205180]	[MsgId: MMSG-205180]
t=00392836ms: Error -205177: ** 7: Wait for All Network Services  ** failed - target object was not found. Identification: Automatic       Snapshot Info [MSH 1 0]    [MsgId: MERR-205177]	[MsgId: MERR-205177]
