Start auto log messages stack - Iteration 2.	[MsgId: MMSG-10545]
t=00658448ms: ** 123: Click on perftest 041 link ** successfully completed with end event 'Step synchronous network completed'    [MsgId: MMSG-205180]	[MsgId: MMSG-205180]
t=00658450ms: ** 124: Wait for Username  ** started    [MsgId: MMSG-205180]	[MsgId: MMSG-205180]
t=00658655ms: ** 124: Wait for Username  ** successfully completed with end event 'Action completed'    [MsgId: MMSG-205180]	[MsgId: MMSG-205180]
Notify: Transaction "34_View User -Users Link" started.	[MsgId: MMSG-16999]
t=00659158ms: ** 125: Click on perftest 041 button ** started    [MsgId: MMSG-205180]	[MsgId: MMSG-205180]
t=00659426ms: ** 125: Click on perftest 041 button ** successfully completed with end event 'Step synchronous network completed'    [MsgId: MMSG-205180]	[MsgId: MMSG-205180]
Notify: Transaction "34_View User -Users Link" ended with a "Pass" status (Duration: 0.2690 Wasted Time: 0.1530).	[MsgId: MMSG-16871]
t=00659928ms: ** 126: Click on Users link ** started    [MsgId: MMSG-205180]	[MsgId: MMSG-205180]
t=00695389ms: Error -205177: ** 126: Click on Users link ** failed - end event error due to network timeout. Open requests: https://spectrumenterprise.net/api/accounts/694f3d6b-73ea-4b6b-9ca5-9ba11b20118c/reports;        Snapshot Info [MSH 2 0]    [MsgId: MERR-205177]	[MsgId: MERR-205177]
Start auto log messages stack - Iteration 4.	[MsgId: MMSG-10545]
Notify: Transaction "07_EP-LAN Circuit Utilization" started.	[MsgId: MMSG-16999]
t=01105870ms: ** 17: Click on 1014 Corporate Park Dr cell ** started    [MsgId: MMSG-205180]	[MsgId: MMSG-205180]
t=01133080ms: ** 17: Click on 1014 Corporate Park Dr cell ** successfully completed with end event 'Step network completed'    [MsgId: MMSG-205180]	[MsgId: MMSG-205180]
t=01133082ms: ** 18: Wait for Utilization heading ** started    [MsgId: MMSG-205180]	[MsgId: MMSG-205180]
t=01133288ms: ** 18: Wait for Utilization heading ** successfully completed with end event 'Action completed'    [MsgId: MMSG-205180]	[MsgId: MMSG-205180]
Notify: Transaction "07_EP-LAN Circuit Utilization" ended with a "Pass" status (Duration: 27.4180 Think Time: 0.0020 Wasted Time: 0.5550).	[MsgId: MMSG-16870]
Notify: Transaction "08_EP-LAN Service Availability" started.	[MsgId: MMSG-16999]
t=01133790ms: ** 19: Click on Service Availability  ** started    [MsgId: MMSG-205180]	[MsgId: MMSG-205180]
t=01169225ms: Error -205177: ** 19: Click on Service Availability  ** failed - end event error due to network timeout. Open requests: https://spectrumenterprise.net/api/metrics/circuit;        Snapshot Info [MSH 4 1]    [MsgId: MERR-205177]	[MsgId: MERR-205177]
End auto log messages stack.	[MsgId: MMSG-10544]


Start auto log messages stack - Iteration 6.	[MsgId: MMSG-10545]
t=01838527ms: ** 32: Click on All Network Services  ** started    [MsgId: MMSG-205180]	[MsgId: MMSG-205180]
t=01838734ms: ** 32: Click on All Network Services  ** successfully completed with end event 'Action completed'    [MsgId: MMSG-205180]	[MsgId: MMSG-205180]
t=01839237ms: ** 33: Click on SD WAN  ** started    [MsgId: MMSG-205180]	[MsgId: MMSG-205180]
t=01839959ms: ** 33: Click on SD WAN  ** successfully completed with end event 'Step synchronous network completed'    [MsgId: MMSG-205180]	[MsgId: MMSG-205180]
Notify: Transaction "05_SDWAN Circuit Utilization" started.	[MsgId: MMSG-16999]
t=01840460ms: ** 34: Click on 366 N Lake Ave cell ** started    [MsgId: MMSG-205180]	[MsgId: MMSG-205180]
t=01840498ms: ** 34: Click on 366 N Lake Ave cell ** successfully completed with end event 'Action completed'    [MsgId: MMSG-205180]	[MsgId: MMSG-205180]
t=01840501ms: ** 35: Wait for Utilization heading ** started    [MsgId: MMSG-205180]	[MsgId: MMSG-205180]
t=01961237ms: Error -205177: ** 35: Wait for Utilization heading ** failed - target object was not found. Identification: Automatic       Snapshot Info [MSH 6 2]    [MsgId: MERR-205177]	[MsgId: MERR-205177]
End auto log messages stack.	[MsgId: MMSG-10544]


Start auto log messages stack - Iteration 8.	[MsgId: MMSG-10545]
t=02496912ms: ** 32: Click on All Network Services  ** started    [MsgId: MMSG-205180]	[MsgId: MMSG-205180]
t=02497119ms: ** 32: Click on All Network Services  ** successfully completed with end event 'Action completed'    [MsgId: MMSG-205180]	[MsgId: MMSG-205180]
t=02497622ms: ** 33: Click on SD WAN  ** started    [MsgId: MMSG-205180]	[MsgId: MMSG-205180]
t=02498351ms: ** 33: Click on SD WAN  ** successfully completed with end event 'Step synchronous network completed'    [MsgId: MMSG-205180]	[MsgId: MMSG-205180]
Notify: Transaction "05_SDWAN Circuit Utilization" started.	[MsgId: MMSG-16999]
t=02498854ms: ** 34: Click on 366 N Lake Ave cell ** started    [MsgId: MMSG-205180]	[MsgId: MMSG-205180]
t=02498891ms: ** 34: Click on 366 N Lake Ave cell ** successfully completed with end event 'Action completed'    [MsgId: MMSG-205180]	[MsgId: MMSG-205180]
t=02498894ms: ** 35: Wait for Utilization heading ** started    [MsgId: MMSG-205180]	[MsgId: MMSG-205180]
t=02619644ms: Error -205177: ** 35: Wait for Utilization heading ** failed - target object was not found. Identification: Automatic       Snapshot Info [MSH 8 3]    [MsgId: MERR-205177]	[MsgId: MERR-205177]
End auto log messages stack.	[MsgId: MMSG-10544]


Start auto log messages stack - Iteration 13.	[MsgId: MMSG-10545]
t=04435615ms: ** 115: Click on Submit button ** successfully completed with end event 'Action completed'    [MsgId: MMSG-205180]	[MsgId: MMSG-205180]
Notify: Transaction "28_Hi Cap CDR" ended with a "Pass" status (Duration: 0.2070 Wasted Time: 0.2000).	[MsgId: MMSG-16871]
t=04436117ms: ** 116: Click on We're Preparing Your... button ** started    [MsgId: MMSG-205180]	[MsgId: MMSG-205180]
t=04436709ms: ** 116: Click on We're Preparing Your... button ** successfully completed with end event 'Step synchronous network completed'    [MsgId: MMSG-205180]	[MsgId: MMSG-205180]
t=04437212ms: ** 117: Click on Z Perf test button ** started    [MsgId: MMSG-205180]	[MsgId: MMSG-205180]
t=04437488ms: ** 117: Click on Z Perf test button ** successfully completed with end event 'Step synchronous network completed'    [MsgId: MMSG-205180]	[MsgId: MMSG-205180]
Notify: Transaction "32_Event Log" started.	[MsgId: MMSG-16999]
t=04437989ms: ** 118: Click on View Event Logs none ** started    [MsgId: MMSG-205180]	[MsgId: MMSG-205180]
t=04473476ms: Error -205177: ** 118: Click on View Event Logs none ** failed - end event error due to network timeout. Open requests: https://spectrumenterprise.net/api/accounts/694f3d6b-73ea-4b6b-9ca5-9ba11b20118c/reports;        Snapshot Info [MSH 13 4]    [MsgId: MERR-205177]	[MsgId: MERR-205177]
End auto log messages stack.	[MsgId: MMSG-10544]


Start auto log messages stack - Iteration 15.	[MsgId: MMSG-10545]
t=05098243ms: ** 38: Click on Fiber Internet link ** successfully completed with end event 'Step synchronous network completed'    [MsgId: MMSG-205180]	[MsgId: MMSG-205180]
t=05098245ms: ** 39: Wait for Address listitem ** started    [MsgId: MMSG-205180]	[MsgId: MMSG-205180]
t=05098451ms: ** 39: Wait for Address listitem ** successfully completed with end event 'Action completed'    [MsgId: MMSG-205180]	[MsgId: MMSG-205180]
Notify: Transaction "11_Fiber Internet Tab" ended with a "Pass" status (Duration: 1.0770 Think Time: 0.0020 Wasted Time: 0.3550).	[MsgId: MMSG-16870]
Notify: Transaction "12_FI Circuit Utilization" started.	[MsgId: MMSG-16999]
t=05098954ms: ** 40: Click on 105 Wolfpack Rd cell ** started    [MsgId: MMSG-205180]	[MsgId: MMSG-205180]
t=05219335ms: ** 40: Click on 105 Wolfpack Rd cell ** successfully completed with end event 'Step network completed'    [MsgId: MMSG-205180]	[MsgId: MMSG-205180]
t=05219338ms: ** 41: Wait for Bandwidth: 25 Mbps  ** started    [MsgId: MMSG-205180]	[MsgId: MMSG-205180]
t=05339572ms: Error -205177: ** 41: Wait for Bandwidth: 25 Mbps  ** failed - target object was not found. Identification: Automatic       Snapshot Info [MSH 15 5]    [MsgId: MERR-205177]	[MsgId: MERR-205177]
End auto log messages stack.	[MsgId: MMSG-10544]


Start auto log messages stack - Iteration 18.	[MsgId: MMSG-10545]
t=06431002ms: ** 26: Click on link (1) link ** successfully completed with end event 'Step synchronous network completed'    [MsgId: MMSG-205180]	[MsgId: MMSG-205180]
Notify: Transaction "09_Network Circuit Create a Report" ended with a "Pass" status (Duration: 0.8440 Wasted Time: 0.3550).	[MsgId: MMSG-16871]
t=06431505ms: ** 27: Scroll on Fill Page ** started    [MsgId: MMSG-205180]	[MsgId: MMSG-205180]
t=06431711ms: ** 27: Scroll on Fill Page ** successfully completed with end event 'Action completed'    [MsgId: MMSG-205180]	[MsgId: MMSG-205180]
t=06432212ms: ** 28: Click on Last 30 days  ** started    [MsgId: MMSG-205180]	[MsgId: MMSG-205180]
t=06432432ms: ** 28: Click on Last 30 days  ** successfully completed with end event 'Action completed'    [MsgId: MMSG-205180]	[MsgId: MMSG-205180]
Notify: Transaction "10_Network Circuit Generate Report" started.	[MsgId: MMSG-16999]
t=06432934ms: ** 29: Click on Submit button ** started    [MsgId: MMSG-205180]	[MsgId: MMSG-205180]
t=06553685ms: Error -205177: ** 29: Click on Submit button ** failed - object defined in end event was not found.       Snapshot Info [MSH 18 6]    [MsgId: MERR-205177]	[MsgId: MERR-205177]
End auto log messages stack.	[MsgId: MMSG-10544]


Start auto log messages stack - Iteration 19.	[MsgId: MMSG-10545]
t=06912171ms: ** 115: Click on Submit button ** successfully completed with end event 'Action completed'    [MsgId: MMSG-205180]	[MsgId: MMSG-205180]
Notify: Transaction "28_Hi Cap CDR" ended with a "Pass" status (Duration: 0.2090 Wasted Time: 0.2020).	[MsgId: MMSG-16871]
t=06912673ms: ** 116: Click on We're Preparing Your... button ** started    [MsgId: MMSG-205180]	[MsgId: MMSG-205180]
t=06913257ms: ** 116: Click on We're Preparing Your... button ** successfully completed with end event 'Step synchronous network completed'    [MsgId: MMSG-205180]	[MsgId: MMSG-205180]
t=06913760ms: ** 117: Click on Z Perf test button ** started    [MsgId: MMSG-205180]	[MsgId: MMSG-205180]
t=06914037ms: ** 117: Click on Z Perf test button ** successfully completed with end event 'Step synchronous network completed'    [MsgId: MMSG-205180]	[MsgId: MMSG-205180]
Notify: Transaction "32_Event Log" started.	[MsgId: MMSG-16999]
t=06914539ms: ** 118: Click on View Event Logs none ** started    [MsgId: MMSG-205180]	[MsgId: MMSG-205180]
t=06950004ms: Error -205177: ** 118: Click on View Event Logs none ** failed - end event error due to network timeout. Open requests: https://spectrumenterprise.net/api/accounts/694f3d6b-73ea-4b6b-9ca5-9ba11b20118c/reports;        Snapshot Info [MSH 19 7]    [MsgId: MERR-205177]	[MsgId: MERR-205177]
End auto log messages stack.	[MsgId: MMSG-10544]


Start auto log messages stack - Iteration 20.	[MsgId: MMSG-10545]
Notify: Transaction "01_Launch" started.	[MsgId: MMSG-16999]
t=06981356ms: ** 1: Navigate to "https://spectrumenterprise.net/login" ** started    [MsgId: MMSG-205180]	[MsgId: MMSG-205180]
t=06982354ms: ** 1: Navigate to https://spectrumenterprise.net/login ** successfully completed with end event 'Step synchronous network completed'    [MsgId: MMSG-205180]	[MsgId: MMSG-205180]
t=06982356ms: ** 2: Wait for Sign In button ** started    [MsgId: MMSG-205180]	[MsgId: MMSG-205180]
t=07103598ms: Error -205177: ** 2: Wait for Sign In button ** failed - target object was not found. Identification: Automatic       Snapshot Info [MSH 20 8]    [MsgId: MERR-205177]	[MsgId: MERR-205177]
End auto log messages stack.	[MsgId: MMSG-10544]


