Start auto log messages stack - Iteration 1.	[MsgId: MMSG-10545]
t=00009378ms: ** 4: Type perftest043@mailinator.com in Username emailbox ** started    [MsgId: MMSG-205180]	[MsgId: MMSG-205180]
t=00011937ms: ** 4: Type perftest043@mailinator.com in Username emailbox ** successfully completed with end event 'Action completed'    [MsgId: MMSG-205180]	[MsgId: MMSG-205180]
t=00012441ms: ** 5: Type ******** in Password passwordbox ** started    [MsgId: MMSG-205180]	[MsgId: MMSG-205180]
t=00013171ms: ** 5: Type ******** in Password passwordbox ** successfully completed with end event 'Action completed'    [MsgId: MMSG-205180]	[MsgId: MMSG-205180]
Notify: Transaction "02_Login" started.	[MsgId: MMSG-16999]
t=00013688ms: ** 6: Click on Sign In button ** started    [MsgId: MMSG-205180]	[MsgId: MMSG-205180]
t=00013897ms: ** 6: Click on Sign In button ** successfully completed with end event 'Action completed'    [MsgId: MMSG-205180]	[MsgId: MMSG-205180]
t=00013900ms: ** 7: Wait for All Network Services  ** started    [MsgId: MMSG-205180]	[MsgId: MMSG-205180]
t=00134360ms: Error -205177: ** 7: Wait for All Network Services  ** failed - target object was not found. Identification: Automatic       Snapshot Info [MSH 1 0]    [MsgId: MERR-205177]	[MsgId: MERR-205177]
End auto log messages stack.	[MsgId: MMSG-10544]


Start auto log messages stack - Iteration 2.	[MsgId: MMSG-10545]
t=00140734ms: ** 4: Type perftest043@mailinator.com in Username emailbox ** started    [MsgId: MMSG-205180]	[MsgId: MMSG-205180]
t=00143582ms: ** 4: Type perftest043@mailinator.com in Username emailbox ** successfully completed with end event 'Action completed'    [MsgId: MMSG-205180]	[MsgId: MMSG-205180]
t=00144099ms: ** 5: Type ******** in Password passwordbox ** started    [MsgId: MMSG-205180]	[MsgId: MMSG-205180]
t=00144647ms: ** 5: Type ******** in Password passwordbox ** successfully completed with end event 'Action completed'    [MsgId: MMSG-205180]	[MsgId: MMSG-205180]
Notify: Transaction "02_Login" started.	[MsgId: MMSG-16999]
t=00145163ms: ** 6: Click on Sign In button ** started    [MsgId: MMSG-205180]	[MsgId: MMSG-205180]
t=00145372ms: ** 6: Click on Sign In button ** successfully completed with end event 'Action completed'    [MsgId: MMSG-205180]	[MsgId: MMSG-205180]
t=00145375ms: ** 7: Wait for All Network Services  ** started    [MsgId: MMSG-205180]	[MsgId: MMSG-205180]
t=00265667ms: Error -205177: ** 7: Wait for All Network Services  ** failed - target object was not found. Identification: Automatic       Snapshot Info [MSH 2 1]    [MsgId: MERR-205177]	[MsgId: MERR-205177]
End auto log messages stack.	[MsgId: MMSG-10544]


Start auto log messages stack - Iteration 3.	[MsgId: MMSG-10545]
t=00271938ms: ** 4: Type perftest043@mailinator.com in Username emailbox ** started    [MsgId: MMSG-205180]	[MsgId: MMSG-205180]
t=00274545ms: ** 4: Type perftest043@mailinator.com in Username emailbox ** successfully completed with end event 'Action completed'    [MsgId: MMSG-205180]	[MsgId: MMSG-205180]
t=00275047ms: ** 5: Type ******** in Password passwordbox ** started    [MsgId: MMSG-205180]	[MsgId: MMSG-205180]
t=00275629ms: ** 5: Type ******** in Password passwordbox ** successfully completed with end event 'Action completed'    [MsgId: MMSG-205180]	[MsgId: MMSG-205180]
Notify: Transaction "02_Login" started.	[MsgId: MMSG-16999]
t=00276132ms: ** 6: Click on Sign In button ** started    [MsgId: MMSG-205180]	[MsgId: MMSG-205180]
t=00276341ms: ** 6: Click on Sign In button ** successfully completed with end event 'Action completed'    [MsgId: MMSG-205180]	[MsgId: MMSG-205180]
t=00276343ms: ** 7: Wait for All Network Services  ** started    [MsgId: MMSG-205180]	[MsgId: MMSG-205180]
t=00397385ms: Error -205177: ** 7: Wait for All Network Services  ** failed - target object was not found. Identification: Automatic       Snapshot Info [MSH 3 2]    [MsgId: MERR-205177]	[MsgId: MERR-205177]
End auto log messages stack.	[MsgId: MMSG-10544]


