Start auto log messages stack - Iteration 1.	[MsgId: MMSG-10545]
t=00184329ms: ** 34: Click on SD WAN  ** started    [MsgId: MMSG-205180]	[MsgId: MMSG-205180]
t=00187211ms: ** 34: Click on SD WAN  ** successfully completed with end event 'Step synchronous network completed'    [MsgId: MMSG-205180]	[MsgId: MMSG-205180]
t=00187714ms: ** 35: Click on 6620 Wadsworth Blvd cell ** started    [MsgId: MMSG-205180]	[MsgId: MMSG-205180]
t=00187928ms: ** 35: Click on 6620 Wadsworth Blvd cell ** successfully completed with end event 'Action completed'    [MsgId: MMSG-205180]	[MsgId: MMSG-205180]
Notify: Transaction "05_SDWAN Circuit Utilization" started.	[MsgId: MMSG-16999]
t=00188431ms: ** 36: Click on 6801 S Tucson Way # 100 link ** started    [MsgId: MMSG-205180]	[MsgId: MMSG-205180]
t=00188445ms: ** 36: Click on 6801 S Tucson Way # 100 link ** successfully completed with end event 'Action completed'    [MsgId: MMSG-205180]	[MsgId: MMSG-205180]
t=00188447ms: ** 37: Wait for Utilization heading ** started    [MsgId: MMSG-205180]	[MsgId: MMSG-205180]
t=00309396ms: Error -205177: ** 37: Wait for Utilization heading ** failed - target object was not found. Identification: Automatic       Snapshot Info [MSH 1 0]    [MsgId: MERR-205177]	[MsgId: MERR-205177]
End auto log messages stack.	[MsgId: MMSG-10544]


Start auto log messages stack - Iteration 1.	[MsgId: MMSG-10545]
t=00184055ms: ** 34: Click on SD WAN  ** started    [MsgId: MMSG-205180]	[MsgId: MMSG-205180]
t=00188127ms: ** 34: Click on SD WAN  ** successfully completed with end event 'Step synchronous network completed'    [MsgId: MMSG-205180]	[MsgId: MMSG-205180]
t=00188629ms: ** 35: Click on 6620 Wadsworth Blvd cell ** started    [MsgId: MMSG-205180]	[MsgId: MMSG-205180]
t=00188836ms: ** 35: Click on 6620 Wadsworth Blvd cell ** successfully completed with end event 'Action completed'    [MsgId: MMSG-205180]	[MsgId: MMSG-205180]
Notify: Transaction "05_SDWAN Circuit Utilization" started.	[MsgId: MMSG-16999]
t=00189342ms: ** 36: Click on 6801 S Tucson Way # 100 link ** started    [MsgId: MMSG-205180]	[MsgId: MMSG-205180]
t=00189356ms: ** 36: Click on 6801 S Tucson Way # 100 link ** successfully completed with end event 'Action completed'    [MsgId: MMSG-205180]	[MsgId: MMSG-205180]
t=00189360ms: ** 37: Wait for Utilization heading ** started    [MsgId: MMSG-205180]	[MsgId: MMSG-205180]
t=00310300ms: Error -205177: ** 37: Wait for Utilization heading ** failed - target object was not found. Identification: Automatic       Snapshot Info [MSH 1 0]    [MsgId: MERR-205177]	[MsgId: MERR-205177]
End auto log messages stack.	[MsgId: MMSG-10544]


Start auto log messages stack - Iteration 1.	[MsgId: MMSG-10545]
Notify: Transaction "01_Launch" started.	[MsgId: MMSG-16999]
t=00184904ms: ** 1: Navigate to "https://stage-spectrume...prise.net/login" ** started    [MsgId: MMSG-205180]	[MsgId: MMSG-205180]
t=00191042ms: ** 1: Navigate to https://stage-spectrumenterprise.net/login ** successfully completed with end event 'Step synchronous network completed'    [MsgId: MMSG-205180]	[MsgId: MMSG-205180]
t=00191047ms: ** 2: Wait for Sign In button ** started    [MsgId: MMSG-205180]	[MsgId: MMSG-205180]
t=00311430ms: Error -205177: ** 2: Wait for Sign In button ** failed - target object was not found. Identification: Automatic       Snapshot Info [MSH 1 0]    [MsgId: MERR-205177]	[MsgId: MERR-205177]
End auto log messages stack.	[MsgId: MMSG-10544]


Start auto log messages stack - Iteration 1.	[MsgId: MMSG-10545]
t=00227354ms: ** 1: Navigate to https://stage-spectrumenterprise.net/login ** successfully completed with end event 'Step synchronous network completed'    [MsgId: MMSG-205180]	[MsgId: MMSG-205180]
t=00227364ms: ** 2: Wait for Sign In button ** started    [MsgId: MMSG-205180]	[MsgId: MMSG-205180]
t=00229682ms: ** 2: Wait for Sign In button ** successfully completed with end event 'Action completed'    [MsgId: MMSG-205180]	[MsgId: MMSG-205180]
Notify: Transaction "01_Launch" ended with a "Pass" status (Duration: 30.1050 Think Time: 0.0060 Wasted Time: 11.8690).	[MsgId: MMSG-16870]
t=00230185ms: ** 3: Reload current page ** started    [MsgId: MMSG-205180]	[MsgId: MMSG-205180]
t=00235536ms: ** 3: Reload current page ** successfully completed with end event 'Step synchronous network completed'    [MsgId: MMSG-205180]	[MsgId: MMSG-205180]
t=00236043ms: ** 4: Type Username1 in Username emailbox ** started    [MsgId: MMSG-205180]	[MsgId: MMSG-205180]
t=00357006ms: Error -205177: ** 4: Type Username1 in Username emailbox ** failed - target object was not found. Identification: Automatic       Snapshot Info [MSH 1 0]    [MsgId: MERR-205177]	[MsgId: MERR-205177]
Start auto log messages stack - Iteration 1.	[MsgId: MMSG-10545]
t=00256611ms: ** 37: Wait for Utilization heading ** successfully completed with end event 'Action completed'    [MsgId: MMSG-205180]	[MsgId: MMSG-205180]
Notify: Transaction "05_SDWAN Circuit Utilization" ended with a "Pass" status (Duration: 13.3030 Think Time: 0.0020 Wasted Time: 0.4070).	[MsgId: MMSG-16870]
Notify: Transaction "06_SDWAN Network Utilization" started.	[MsgId: MMSG-16999]
t=00257112ms: ** 38: Click on Network Overview link ** started    [MsgId: MMSG-205180]	[MsgId: MMSG-205180]
t=00257326ms: ** 38: Click on Network Overview link ** successfully completed with end event 'Action completed'    [MsgId: MMSG-205180]	[MsgId: MMSG-205180]
t=00257329ms: ** 39: Wait for SD WAN Edge Metrics heading ** started    [MsgId: MMSG-205180]	[MsgId: MMSG-205180]
t=00257535ms: ** 39: Wait for SD WAN Edge Metrics heading ** successfully completed with end event 'Action completed'    [MsgId: MMSG-205180]	[MsgId: MMSG-205180]
t=00257540ms: ** 40: Wait for Upstream  ** started    [MsgId: MMSG-205180]	[MsgId: MMSG-205180]
t=00378025ms: Error -205177: ** 40: Wait for Upstream  ** failed - target object was not found. Identification: Automatic       Snapshot Info [MSH 1 0]    [MsgId: MERR-205177]	[MsgId: MERR-205177]
End auto log messages stack.	[MsgId: MMSG-10544]


Start auto log messages stack - Iteration 1.	[MsgId: MMSG-10545]
Notify: Transaction "06_SDWAN Network Utilization" started.	[MsgId: MMSG-16999]
t=00257152ms: ** 38: Click on Network Overview link ** started    [MsgId: MMSG-205180]	[MsgId: MMSG-205180]
t=00257366ms: ** 38: Click on Network Overview link ** successfully completed with end event 'Action completed'    [MsgId: MMSG-205180]	[MsgId: MMSG-205180]
t=00257369ms: ** 39: Wait for SD WAN Edge Metrics heading ** started    [MsgId: MMSG-205180]	[MsgId: MMSG-205180]
t=00257577ms: ** 39: Wait for SD WAN Edge Metrics heading ** successfully completed with end event 'Action completed'    [MsgId: MMSG-205180]	[MsgId: MMSG-205180]
t=00257580ms: ** 40: Wait for Upstream  ** started    [MsgId: MMSG-205180]	[MsgId: MMSG-205180]
t=00257787ms: ** 40: Wait for Upstream  ** successfully completed with end event 'Action completed'    [MsgId: MMSG-205180]	[MsgId: MMSG-205180]
t=00257793ms: ** 41: Wait for Utilization heading ** started    [MsgId: MMSG-205180]	[MsgId: MMSG-205180]
t=00378761ms: Error -205177: ** 41: Wait for Utilization heading ** failed - target object was not found. Identification: Automatic       Snapshot Info [MSH 1 0]    [MsgId: MERR-205177]	[MsgId: MERR-205177]
End auto log messages stack.	[MsgId: MMSG-10544]


Start auto log messages stack - Iteration 1.	[MsgId: MMSG-10545]
t=00230745ms: ** 25: Click on 7330 State Route 54 gridcell ** successfully completed with end event 'Action completed'    [MsgId: MMSG-205180]	[MsgId: MMSG-205180]
t=00230748ms: ** 26: Wait for Utilization heading ** started    [MsgId: MMSG-205180]	[MsgId: MMSG-205180]
t=00271302ms: ** 26: Wait for Utilization heading ** successfully completed with end event 'Action completed'    [MsgId: MMSG-205180]	[MsgId: MMSG-205180]
Notify: Transaction "09_Network Circuit Create a Report" started.	[MsgId: MMSG-16999]
t=00271812ms: ** 27: Click on button (4) button ** started    [MsgId: MMSG-205180]	[MsgId: MMSG-205180]
t=00273212ms: ** 27: Click on button (4) button ** successfully completed with end event 'Step synchronous network completed'    [MsgId: MMSG-205180]	[MsgId: MMSG-205180]
Notify: Transaction "09_Network Circuit Create a Report" ended with a "Pass" status (Duration: 1.4100 Wasted Time: 0.3520).	[MsgId: MMSG-16871]
t=00273715ms: ** 28: Scroll on Fill Page ** started    [MsgId: MMSG-205180]	[MsgId: MMSG-205180]
t=00394995ms: Error -205177: ** 28: Scroll on Fill Page ** failed - target object was not found. Identification: Automatic       Snapshot Info [MSH 1 0]    [MsgId: MERR-205177]	[MsgId: MERR-205177]
Start auto log messages stack - Iteration 1.	[MsgId: MMSG-10545]
t=00347128ms: ** 99: Click on button (1) button ** started    [MsgId: MMSG-205180]	[MsgId: MMSG-205180]
t=00347355ms: ** 99: Click on button (1) button ** successfully completed with end event 'Action completed'    [MsgId: MMSG-205180]	[MsgId: MMSG-205180]
t=00347859ms: ** 100: Set Start Date * datepicker to 24 ** started    [MsgId: MMSG-205180]	[MsgId: MMSG-205180]
t=00347957ms: ** 100: Set Start Date * datepicker to 24 ** successfully completed with end event 'Action completed'    [MsgId: MMSG-205180]	[MsgId: MMSG-205180]
Notify: Transaction "25_Non HiCap CMR" started.	[MsgId: MMSG-16999]
t=00348459ms: ** 101: Click on Submit button ** started    [MsgId: MMSG-205180]	[MsgId: MMSG-205180]
t=00348665ms: ** 101: Click on Submit button ** successfully completed with end event 'Action completed'    [MsgId: MMSG-205180]	[MsgId: MMSG-205180]
t=00348675ms: ** 102: Wait for Go Download Reports link ** started    [MsgId: MMSG-205180]	[MsgId: MMSG-205180]
t=00469701ms: Error -205177: ** 102: Wait for Go Download Reports link ** failed - target object was not found. Identification: Descriptors       Snapshot Info [MSH 1 0]    [MsgId: MERR-205177]	[MsgId: MERR-205177]
End auto log messages stack.	[MsgId: MMSG-10544]


Start auto log messages stack - Iteration 1.	[MsgId: MMSG-10545]
t=00436559ms: ** 99: Click on button (1) button ** started    [MsgId: MMSG-205180]	[MsgId: MMSG-205180]
t=00436787ms: ** 99: Click on button (1) button ** successfully completed with end event 'Action completed'    [MsgId: MMSG-205180]	[MsgId: MMSG-205180]
t=00437288ms: ** 100: Set Start Date * datepicker to 24 ** started    [MsgId: MMSG-205180]	[MsgId: MMSG-205180]
t=00437389ms: ** 100: Set Start Date * datepicker to 24 ** successfully completed with end event 'Action completed'    [MsgId: MMSG-205180]	[MsgId: MMSG-205180]
Notify: Transaction "25_Non HiCap CMR" started.	[MsgId: MMSG-16999]
t=00437887ms: ** 101: Click on Submit button ** started    [MsgId: MMSG-205180]	[MsgId: MMSG-205180]
t=00438092ms: ** 101: Click on Submit button ** successfully completed with end event 'Action completed'    [MsgId: MMSG-205180]	[MsgId: MMSG-205180]
t=00438096ms: ** 102: Wait for Go Download Reports link ** started    [MsgId: MMSG-205180]	[MsgId: MMSG-205180]
t=00559071ms: Error -205177: ** 102: Wait for Go Download Reports link ** failed - target object was not found. Identification: Descriptors       Snapshot Info [MSH 1 0]    [MsgId: MERR-205177]	[MsgId: MERR-205177]
End auto log messages stack.	[MsgId: MMSG-10544]


Start auto log messages stack - Iteration 1.	[MsgId: MMSG-10545]
t=00451026ms: ** 99: Click on button (1) button ** started    [MsgId: MMSG-205180]	[MsgId: MMSG-205180]
t=00451246ms: ** 99: Click on button (1) button ** successfully completed with end event 'Action completed'    [MsgId: MMSG-205180]	[MsgId: MMSG-205180]
t=00451751ms: ** 100: Set Start Date * datepicker to 24 ** started    [MsgId: MMSG-205180]	[MsgId: MMSG-205180]
t=00451826ms: ** 100: Set Start Date * datepicker to 24 ** successfully completed with end event 'Action completed'    [MsgId: MMSG-205180]	[MsgId: MMSG-205180]
Notify: Transaction "25_Non HiCap CMR" started.	[MsgId: MMSG-16999]
t=00452328ms: ** 101: Click on Submit button ** started    [MsgId: MMSG-205180]	[MsgId: MMSG-205180]
t=00452537ms: ** 101: Click on Submit button ** successfully completed with end event 'Action completed'    [MsgId: MMSG-205180]	[MsgId: MMSG-205180]
t=00452540ms: ** 102: Wait for Go Download Reports link ** started    [MsgId: MMSG-205180]	[MsgId: MMSG-205180]
t=00573455ms: Error -205177: ** 102: Wait for Go Download Reports link ** failed - target object was not found. Identification: Descriptors       Snapshot Info [MSH 1 0]    [MsgId: MERR-205177]	[MsgId: MERR-205177]
End auto log messages stack.	[MsgId: MMSG-10544]


Start auto log messages stack - Iteration 1.	[MsgId: MMSG-10545]
Notify: Transaction "06_SDWAN Network Utilization" started.	[MsgId: MMSG-16999]
t=00460715ms: ** 38: Click on Network Overview link ** started    [MsgId: MMSG-205180]	[MsgId: MMSG-205180]
t=00460925ms: ** 38: Click on Network Overview link ** successfully completed with end event 'Action completed'    [MsgId: MMSG-205180]	[MsgId: MMSG-205180]
t=00460927ms: ** 39: Wait for SD WAN Edge Metrics heading ** started    [MsgId: MMSG-205180]	[MsgId: MMSG-205180]
t=00461137ms: ** 39: Wait for SD WAN Edge Metrics heading ** successfully completed with end event 'Action completed'    [MsgId: MMSG-205180]	[MsgId: MMSG-205180]
t=00461139ms: ** 40: Wait for Upstream  ** started    [MsgId: MMSG-205180]	[MsgId: MMSG-205180]
t=00461345ms: ** 40: Wait for Upstream  ** successfully completed with end event 'Action completed'    [MsgId: MMSG-205180]	[MsgId: MMSG-205180]
t=00461352ms: ** 41: Wait for Utilization heading ** started    [MsgId: MMSG-205180]	[MsgId: MMSG-205180]
t=00582236ms: Error -205177: ** 41: Wait for Utilization heading ** failed - target object was not found. Identification: Automatic       Snapshot Info [MSH 1 0]    [MsgId: MERR-205177]	[MsgId: MERR-205177]
End auto log messages stack.	[MsgId: MMSG-10544]


Start auto log messages stack - Iteration 1.	[MsgId: MMSG-10545]
Notify: Transaction "06_SDWAN Network Utilization" started.	[MsgId: MMSG-16999]
t=00462110ms: ** 38: Click on Network Overview link ** started    [MsgId: MMSG-205180]	[MsgId: MMSG-205180]
t=00462321ms: ** 38: Click on Network Overview link ** successfully completed with end event 'Action completed'    [MsgId: MMSG-205180]	[MsgId: MMSG-205180]
t=00462323ms: ** 39: Wait for SD WAN Edge Metrics heading ** started    [MsgId: MMSG-205180]	[MsgId: MMSG-205180]
t=00462528ms: ** 39: Wait for SD WAN Edge Metrics heading ** successfully completed with end event 'Action completed'    [MsgId: MMSG-205180]	[MsgId: MMSG-205180]
t=00462536ms: ** 40: Wait for Upstream  ** started    [MsgId: MMSG-205180]	[MsgId: MMSG-205180]
t=00462749ms: ** 40: Wait for Upstream  ** successfully completed with end event 'Action completed'    [MsgId: MMSG-205180]	[MsgId: MMSG-205180]
t=00462751ms: ** 41: Wait for Utilization heading ** started    [MsgId: MMSG-205180]	[MsgId: MMSG-205180]
t=00583654ms: Error -205177: ** 41: Wait for Utilization heading ** failed - target object was not found. Identification: Automatic       Snapshot Info [MSH 1 0]    [MsgId: MERR-205177]	[MsgId: MERR-205177]
End auto log messages stack.	[MsgId: MMSG-10544]


Start auto log messages stack - Iteration 1.	[MsgId: MMSG-10545]
t=00462866ms: ** 34: Click on SD WAN  ** started    [MsgId: MMSG-205180]	[MsgId: MMSG-205180]
t=00465420ms: ** 34: Click on SD WAN  ** successfully completed with end event 'Step synchronous network completed'    [MsgId: MMSG-205180]	[MsgId: MMSG-205180]
t=00465922ms: ** 35: Click on 6620 Wadsworth Blvd cell ** started    [MsgId: MMSG-205180]	[MsgId: MMSG-205180]
t=00466135ms: ** 35: Click on 6620 Wadsworth Blvd cell ** successfully completed with end event 'Action completed'    [MsgId: MMSG-205180]	[MsgId: MMSG-205180]
Notify: Transaction "05_SDWAN Circuit Utilization" started.	[MsgId: MMSG-16999]
t=00466637ms: ** 36: Click on 6801 S Tucson Way # 100 link ** started    [MsgId: MMSG-205180]	[MsgId: MMSG-205180]
t=00466649ms: ** 36: Click on 6801 S Tucson Way # 100 link ** successfully completed with end event 'Action completed'    [MsgId: MMSG-205180]	[MsgId: MMSG-205180]
t=00466653ms: ** 37: Wait for Utilization heading ** started    [MsgId: MMSG-205180]	[MsgId: MMSG-205180]
t=00587544ms: Error -205177: ** 37: Wait for Utilization heading ** failed - target object was not found. Identification: Automatic       Snapshot Info [MSH 1 0]    [MsgId: MERR-205177]	[MsgId: MERR-205177]
End auto log messages stack.	[MsgId: MMSG-10544]


Start auto log messages stack - Iteration 1.	[MsgId: MMSG-10545]
t=00468089ms: ** 34: Click on SD WAN  ** started    [MsgId: MMSG-205180]	[MsgId: MMSG-205180]
t=00470543ms: ** 34: Click on SD WAN  ** successfully completed with end event 'Step synchronous network completed'    [MsgId: MMSG-205180]	[MsgId: MMSG-205180]
t=00471051ms: ** 35: Click on 6620 Wadsworth Blvd cell ** started    [MsgId: MMSG-205180]	[MsgId: MMSG-205180]
t=00471261ms: ** 35: Click on 6620 Wadsworth Blvd cell ** successfully completed with end event 'Action completed'    [MsgId: MMSG-205180]	[MsgId: MMSG-205180]
Notify: Transaction "05_SDWAN Circuit Utilization" started.	[MsgId: MMSG-16999]
t=00471768ms: ** 36: Click on 6801 S Tucson Way # 100 link ** started    [MsgId: MMSG-205180]	[MsgId: MMSG-205180]
t=00471781ms: ** 36: Click on 6801 S Tucson Way # 100 link ** successfully completed with end event 'Action completed'    [MsgId: MMSG-205180]	[MsgId: MMSG-205180]
t=00471785ms: ** 37: Wait for Utilization heading ** started    [MsgId: MMSG-205180]	[MsgId: MMSG-205180]
t=00592716ms: Error -205177: ** 37: Wait for Utilization heading ** failed - target object was not found. Identification: Automatic       Snapshot Info [MSH 1 0]    [MsgId: MERR-205177]	[MsgId: MERR-205177]
End auto log messages stack.	[MsgId: MMSG-10544]


Start auto log messages stack - Iteration 1.	[MsgId: MMSG-10545]
t=00466807ms: ** 57: Wait 15 seconds ** started    [MsgId: MMSG-205180]	[MsgId: MMSG-205180]
t=00482618ms: ** 57: Wait 15 seconds ** successfully completed with end event 'Action completed'    [MsgId: MMSG-205180]	[MsgId: MMSG-205180]
t=00482621ms: ** 58: Wait for REPORTS link ** started    [MsgId: MMSG-205180]	[MsgId: MMSG-205180]
t=00482853ms: ** 58: Wait for REPORTS link ** successfully completed with end event 'Action completed'    [MsgId: MMSG-205180]	[MsgId: MMSG-205180]
Notify: Transaction "29_Reports tab" started.	[MsgId: MMSG-16999]
t=00483355ms: ** 59: Click on REPORTS link ** started    [MsgId: MMSG-205180]	[MsgId: MMSG-205180]
t=00484083ms: ** 59: Click on REPORTS link ** successfully completed with end event 'Step synchronous network completed'    [MsgId: MMSG-205180]	[MsgId: MMSG-205180]
t=00484087ms: ** 60: Wait for Created By  ** started    [MsgId: MMSG-205180]	[MsgId: MMSG-205180]
t=00604514ms: Error -205177: ** 60: Wait for Created By  ** failed - target object was not found. Identification: Automatic       Snapshot Info [MSH 1 0]    [MsgId: MERR-205177]	[MsgId: MERR-205177]
End auto log messages stack.	[MsgId: MMSG-10544]


Start auto log messages stack - Iteration 1.	[MsgId: MMSG-10545]
t=00487374ms: ** 99: Click on button (1) button ** started    [MsgId: MMSG-205180]	[MsgId: MMSG-205180]
t=00487592ms: ** 99: Click on button (1) button ** successfully completed with end event 'Action completed'    [MsgId: MMSG-205180]	[MsgId: MMSG-205180]
t=00488097ms: ** 100: Set Start Date * datepicker to 24 ** started    [MsgId: MMSG-205180]	[MsgId: MMSG-205180]
t=00488173ms: ** 100: Set Start Date * datepicker to 24 ** successfully completed with end event 'Action completed'    [MsgId: MMSG-205180]	[MsgId: MMSG-205180]
Notify: Transaction "25_Non HiCap CMR" started.	[MsgId: MMSG-16999]
t=00488675ms: ** 101: Click on Submit button ** started    [MsgId: MMSG-205180]	[MsgId: MMSG-205180]
t=00488883ms: ** 101: Click on Submit button ** successfully completed with end event 'Action completed'    [MsgId: MMSG-205180]	[MsgId: MMSG-205180]
t=00488887ms: ** 102: Wait for Go Download Reports link ** started    [MsgId: MMSG-205180]	[MsgId: MMSG-205180]
t=00609776ms: Error -205177: ** 102: Wait for Go Download Reports link ** failed - target object was not found. Identification: Descriptors       Snapshot Info [MSH 1 0]    [MsgId: MERR-205177]	[MsgId: MERR-205177]
End auto log messages stack.	[MsgId: MMSG-10544]


Start auto log messages stack - Iteration 1.	[MsgId: MMSG-10545]
t=00473387ms: ** 57: Wait 15 seconds ** started    [MsgId: MMSG-205180]	[MsgId: MMSG-205180]
t=00489192ms: ** 57: Wait 15 seconds ** successfully completed with end event 'Action completed'    [MsgId: MMSG-205180]	[MsgId: MMSG-205180]
t=00489195ms: ** 58: Wait for REPORTS link ** started    [MsgId: MMSG-205180]	[MsgId: MMSG-205180]
t=00489425ms: ** 58: Wait for REPORTS link ** successfully completed with end event 'Action completed'    [MsgId: MMSG-205180]	[MsgId: MMSG-205180]
Notify: Transaction "29_Reports tab" started.	[MsgId: MMSG-16999]
t=00489927ms: ** 59: Click on REPORTS link ** started    [MsgId: MMSG-205180]	[MsgId: MMSG-205180]
t=00490853ms: ** 59: Click on REPORTS link ** successfully completed with end event 'Step synchronous network completed'    [MsgId: MMSG-205180]	[MsgId: MMSG-205180]
t=00490855ms: ** 60: Wait for Created By  ** started    [MsgId: MMSG-205180]	[MsgId: MMSG-205180]
t=00611346ms: Error -205177: ** 60: Wait for Created By  ** failed - target object was not found. Identification: Automatic       Snapshot Info [MSH 1 0]    [MsgId: MERR-205177]	[MsgId: MERR-205177]
End auto log messages stack.	[MsgId: MMSG-10544]


Start auto log messages stack - Iteration 2.	[MsgId: MMSG-10545]
t=00522599ms: ** 27: Click on button (4) button ** successfully completed with end event 'Step synchronous network completed'    [MsgId: MMSG-205180]	[MsgId: MMSG-205180]
Notify: Transaction "09_Network Circuit Create a Report" ended with a "Pass" status (Duration: 2.2310 Wasted Time: 0.3550).	[MsgId: MMSG-16871]
t=00523101ms: ** 28: Scroll on Fill Page ** started    [MsgId: MMSG-205180]	[MsgId: MMSG-205180]
t=00523307ms: ** 28: Scroll on Fill Page ** successfully completed with end event 'Action completed'    [MsgId: MMSG-205180]	[MsgId: MMSG-205180]
t=00523808ms: ** 29: Click on Last 30 days  ** started    [MsgId: MMSG-205180]	[MsgId: MMSG-205180]
t=00524037ms: ** 29: Click on Last 30 days  ** successfully completed with end event 'Action completed'    [MsgId: MMSG-205180]	[MsgId: MMSG-205180]
Notify: Transaction "10_Network Circuit Generate Report" started.	[MsgId: MMSG-16999]
t=00524540ms: ** 30: Click on Submit button ** started    [MsgId: MMSG-205180]	[MsgId: MMSG-205180]
t=00645518ms: Error -205177: ** 30: Click on Submit button ** failed - object defined in end event was not found.       Snapshot Info [MSH 2 1]    [MsgId: MERR-205177]	[MsgId: MERR-205177]
End auto log messages stack.	[MsgId: MMSG-10544]


Start auto log messages stack - Iteration 1.	[MsgId: MMSG-10545]
t=00551869ms: ** 99: Click on button (1) button ** started    [MsgId: MMSG-205180]	[MsgId: MMSG-205180]
t=00552088ms: ** 99: Click on button (1) button ** successfully completed with end event 'Action completed'    [MsgId: MMSG-205180]	[MsgId: MMSG-205180]
t=00552591ms: ** 100: Set Start Date * datepicker to 24 ** started    [MsgId: MMSG-205180]	[MsgId: MMSG-205180]
t=00552682ms: ** 100: Set Start Date * datepicker to 24 ** successfully completed with end event 'Action completed'    [MsgId: MMSG-205180]	[MsgId: MMSG-205180]
Notify: Transaction "25_Non HiCap CMR" started.	[MsgId: MMSG-16999]
t=00553183ms: ** 101: Click on Submit button ** started    [MsgId: MMSG-205180]	[MsgId: MMSG-205180]
t=00553389ms: ** 101: Click on Submit button ** successfully completed with end event 'Action completed'    [MsgId: MMSG-205180]	[MsgId: MMSG-205180]
t=00553396ms: ** 102: Wait for Go Download Reports link ** started    [MsgId: MMSG-205180]	[MsgId: MMSG-205180]
t=00674311ms: Error -205177: ** 102: Wait for Go Download Reports link ** failed - target object was not found. Identification: Descriptors       Snapshot Info [MSH 1 0]    [MsgId: MERR-205177]	[MsgId: MERR-205177]
End auto log messages stack.	[MsgId: MMSG-10544]


Start auto log messages stack - Iteration 2.	[MsgId: MMSG-10545]
t=00568004ms: ** 27: Click on button (4) button ** successfully completed with end event 'Step synchronous network completed'    [MsgId: MMSG-205180]	[MsgId: MMSG-205180]
Notify: Transaction "09_Network Circuit Create a Report" ended with a "Pass" status (Duration: 1.4360 Wasted Time: 0.3530).	[MsgId: MMSG-16871]
t=00568507ms: ** 28: Scroll on Fill Page ** started    [MsgId: MMSG-205180]	[MsgId: MMSG-205180]
t=00568717ms: ** 28: Scroll on Fill Page ** successfully completed with end event 'Action completed'    [MsgId: MMSG-205180]	[MsgId: MMSG-205180]
t=00569220ms: ** 29: Click on Last 30 days  ** started    [MsgId: MMSG-205180]	[MsgId: MMSG-205180]
t=00569446ms: ** 29: Click on Last 30 days  ** successfully completed with end event 'Action completed'    [MsgId: MMSG-205180]	[MsgId: MMSG-205180]
Notify: Transaction "10_Network Circuit Generate Report" started.	[MsgId: MMSG-16999]
t=00569949ms: ** 30: Click on Submit button ** started    [MsgId: MMSG-205180]	[MsgId: MMSG-205180]
t=00690884ms: Error -205177: ** 30: Click on Submit button ** failed - object defined in end event was not found.       Snapshot Info [MSH 2 1]    [MsgId: MERR-205177]	[MsgId: MERR-205177]
End auto log messages stack.	[MsgId: MMSG-10544]


Start auto log messages stack - Iteration 1.	[MsgId: MMSG-10545]
t=00578585ms: ** 99: Click on button (1) button ** started    [MsgId: MMSG-205180]	[MsgId: MMSG-205180]
t=00578805ms: ** 99: Click on button (1) button ** successfully completed with end event 'Action completed'    [MsgId: MMSG-205180]	[MsgId: MMSG-205180]
t=00579307ms: ** 100: Set Start Date * datepicker to 24 ** started    [MsgId: MMSG-205180]	[MsgId: MMSG-205180]
t=00579387ms: ** 100: Set Start Date * datepicker to 24 ** successfully completed with end event 'Action completed'    [MsgId: MMSG-205180]	[MsgId: MMSG-205180]
Notify: Transaction "25_Non HiCap CMR" started.	[MsgId: MMSG-16999]
t=00579890ms: ** 101: Click on Submit button ** started    [MsgId: MMSG-205180]	[MsgId: MMSG-205180]
t=00580101ms: ** 101: Click on Submit button ** successfully completed with end event 'Action completed'    [MsgId: MMSG-205180]	[MsgId: MMSG-205180]
t=00580104ms: ** 102: Wait for Go Download Reports link ** started    [MsgId: MMSG-205180]	[MsgId: MMSG-205180]
t=00700993ms: Error -205177: ** 102: Wait for Go Download Reports link ** failed - target object was not found. Identification: Descriptors       Snapshot Info [MSH 1 0]    [MsgId: MERR-205177]	[MsgId: MERR-205177]
End auto log messages stack.	[MsgId: MMSG-10544]


Start auto log messages stack - Iteration 2.	[MsgId: MMSG-10545]
t=00587571ms: ** 27: Click on button (4) button ** successfully completed with end event 'Step synchronous network completed'    [MsgId: MMSG-205180]	[MsgId: MMSG-205180]
Notify: Transaction "09_Network Circuit Create a Report" ended with a "Pass" status (Duration: 1.9680 Wasted Time: 0.3520).	[MsgId: MMSG-16871]
t=00588072ms: ** 28: Scroll on Fill Page ** started    [MsgId: MMSG-205180]	[MsgId: MMSG-205180]
t=00588281ms: ** 28: Scroll on Fill Page ** successfully completed with end event 'Action completed'    [MsgId: MMSG-205180]	[MsgId: MMSG-205180]
t=00588784ms: ** 29: Click on Last 30 days  ** started    [MsgId: MMSG-205180]	[MsgId: MMSG-205180]
t=00589012ms: ** 29: Click on Last 30 days  ** successfully completed with end event 'Action completed'    [MsgId: MMSG-205180]	[MsgId: MMSG-205180]
Notify: Transaction "10_Network Circuit Generate Report" started.	[MsgId: MMSG-16999]
t=00589515ms: ** 30: Click on Submit button ** started    [MsgId: MMSG-205180]	[MsgId: MMSG-205180]
t=00710457ms: Error -205177: ** 30: Click on Submit button ** failed - object defined in end event was not found.       Snapshot Info [MSH 2 1]    [MsgId: MERR-205177]	[MsgId: MERR-205177]
End auto log messages stack.	[MsgId: MMSG-10544]


Start auto log messages stack - Iteration 2.	[MsgId: MMSG-10545]
t=00604033ms: ** 48: Click on button (1) button ** started    [MsgId: MMSG-205180]	[MsgId: MMSG-205180]
t=00605751ms: ** 48: Click on button (1) button ** successfully completed with end event 'Step synchronous network completed'    [MsgId: MMSG-205180]	[MsgId: MMSG-205180]
t=00606253ms: ** 49: Click on Last 30 days  ** started    [MsgId: MMSG-205180]	[MsgId: MMSG-205180]
t=00607089ms: ** 49: Click on Last 30 days  ** successfully completed with end event 'Step synchronous network completed'    [MsgId: MMSG-205180]	[MsgId: MMSG-205180]
Notify: Transaction "13_FI Circuit Utilization Report" started.	[MsgId: MMSG-16999]
t=00607595ms: ** 50: Click on Submit button ** started    [MsgId: MMSG-205180]	[MsgId: MMSG-205180]
t=00615048ms: ** 50: Click on Submit button ** successfully completed with end event 'Step network completed'    [MsgId: MMSG-205180]	[MsgId: MMSG-205180]
t=00615051ms: ** 51: Wait for Go Download Reports link ** started    [MsgId: MMSG-205180]	[MsgId: MMSG-205180]
t=00735895ms: Error -205177: ** 51: Wait for Go Download Reports link ** failed - target object was not found. Identification: Descriptors       Snapshot Info [MSH 2 1]    [MsgId: MERR-205177]	[MsgId: MERR-205177]
End auto log messages stack.	[MsgId: MMSG-10544]


Start auto log messages stack - Iteration 2.	[MsgId: MMSG-10545]
t=00649993ms: ** 48: Click on button (1) button ** started    [MsgId: MMSG-205180]	[MsgId: MMSG-205180]
t=00652378ms: ** 48: Click on button (1) button ** successfully completed with end event 'Step synchronous network completed'    [MsgId: MMSG-205180]	[MsgId: MMSG-205180]
t=00652880ms: ** 49: Click on Last 30 days  ** started    [MsgId: MMSG-205180]	[MsgId: MMSG-205180]
t=00653669ms: ** 49: Click on Last 30 days  ** successfully completed with end event 'Step synchronous network completed'    [MsgId: MMSG-205180]	[MsgId: MMSG-205180]
Notify: Transaction "13_FI Circuit Utilization Report" started.	[MsgId: MMSG-16999]
t=00654171ms: ** 50: Click on Submit button ** started    [MsgId: MMSG-205180]	[MsgId: MMSG-205180]
t=00660763ms: ** 50: Click on Submit button ** successfully completed with end event 'Step network completed'    [MsgId: MMSG-205180]	[MsgId: MMSG-205180]
t=00660766ms: ** 51: Wait for Go Download Reports link ** started    [MsgId: MMSG-205180]	[MsgId: MMSG-205180]
t=00781681ms: Error -205177: ** 51: Wait for Go Download Reports link ** failed - target object was not found. Identification: Descriptors       Snapshot Info [MSH 2 1]    [MsgId: MERR-205177]	[MsgId: MERR-205177]
End auto log messages stack.	[MsgId: MMSG-10544]


Start auto log messages stack - Iteration 2.	[MsgId: MMSG-10545]
t=00668882ms: ** 99: Click on button (1) button ** started    [MsgId: MMSG-205180]	[MsgId: MMSG-205180]
t=00669097ms: ** 99: Click on button (1) button ** successfully completed with end event 'Action completed'    [MsgId: MMSG-205180]	[MsgId: MMSG-205180]
t=00669599ms: ** 100: Set Start Date * datepicker to 24 ** started    [MsgId: MMSG-205180]	[MsgId: MMSG-205180]
t=00669667ms: ** 100: Set Start Date * datepicker to 24 ** successfully completed with end event 'Action completed'    [MsgId: MMSG-205180]	[MsgId: MMSG-205180]
Notify: Transaction "25_Non HiCap CMR" started.	[MsgId: MMSG-16999]
t=00670169ms: ** 101: Click on Submit button ** started    [MsgId: MMSG-205180]	[MsgId: MMSG-205180]
t=00670378ms: ** 101: Click on Submit button ** successfully completed with end event 'Action completed'    [MsgId: MMSG-205180]	[MsgId: MMSG-205180]
t=00670381ms: ** 102: Wait for Go Download Reports link ** started    [MsgId: MMSG-205180]	[MsgId: MMSG-205180]
t=00791232ms: Error -205177: ** 102: Wait for Go Download Reports link ** failed - target object was not found. Identification: Descriptors       Snapshot Info [MSH 2 1]    [MsgId: MERR-205177]	[MsgId: MERR-205177]
End auto log messages stack.	[MsgId: MMSG-10544]


Start auto log messages stack - Iteration 1.	[MsgId: MMSG-10545]
t=00650976ms: ** 106: Click on What type of Voice Trunking... label ** successfully completed with end event 'Step synchronous network completed'    [MsgId: MMSG-205180]	[MsgId: MMSG-205180]
t=00651480ms: ** 107: Click on What type of Voice Trunking... button ** started    [MsgId: MMSG-205180]	[MsgId: MMSG-205180]
t=00655771ms: ** 107: Click on What type of Voice Trunking... button ** successfully completed with end event 'Step network completed'    [MsgId: MMSG-205180]	[MsgId: MMSG-205180]
Notify: Transaction "26_Non HiCap CDR" started.	[MsgId: MMSG-16999]
t=00656276ms: ** 108: Click on Submit button ** started    [MsgId: MMSG-205180]	[MsgId: MMSG-205180]
t=00673670ms: ** 108: Click on Submit button ** successfully completed with end event 'Step network completed'    [MsgId: MMSG-205180]	[MsgId: MMSG-205180]
t=00673675ms: ** 109: Wait for Go Download Reports link ** started    [MsgId: MMSG-205180]	[MsgId: MMSG-205180]
t=00794580ms: Error -205177: ** 109: Wait for Go Download Reports link ** failed - target object was not found. Identification: Descriptors       Snapshot Info [MSH 1 0]    [MsgId: MERR-205177]	[MsgId: MERR-205177]
End auto log messages stack.	[MsgId: MMSG-10544]


Start auto log messages stack - Iteration 2.	[MsgId: MMSG-10545]
t=00717515ms: ** 99: Click on button (1) button ** started    [MsgId: MMSG-205180]	[MsgId: MMSG-205180]
t=00717732ms: ** 99: Click on button (1) button ** successfully completed with end event 'Action completed'    [MsgId: MMSG-205180]	[MsgId: MMSG-205180]
t=00718234ms: ** 100: Set Start Date * datepicker to 24 ** started    [MsgId: MMSG-205180]	[MsgId: MMSG-205180]
t=00718300ms: ** 100: Set Start Date * datepicker to 24 ** successfully completed with end event 'Action completed'    [MsgId: MMSG-205180]	[MsgId: MMSG-205180]
Notify: Transaction "25_Non HiCap CMR" started.	[MsgId: MMSG-16999]
t=00718807ms: ** 101: Click on Submit button ** started    [MsgId: MMSG-205180]	[MsgId: MMSG-205180]
t=00719015ms: ** 101: Click on Submit button ** successfully completed with end event 'Action completed'    [MsgId: MMSG-205180]	[MsgId: MMSG-205180]
t=00719017ms: ** 102: Wait for Go Download Reports link ** started    [MsgId: MMSG-205180]	[MsgId: MMSG-205180]
t=00840091ms: Error -205177: ** 102: Wait for Go Download Reports link ** failed - target object was not found. Identification: Descriptors       Snapshot Info [MSH 2 1]    [MsgId: MERR-205177]	[MsgId: MERR-205177]
End auto log messages stack.	[MsgId: MMSG-10544]


Start auto log messages stack - Iteration 2.	[MsgId: MMSG-10545]
t=00686597ms: ** 16: Click on All Network Services  ** started    [MsgId: MMSG-205180]	[MsgId: MMSG-205180]
t=00687899ms: ** 16: Click on All Network Services  ** successfully completed with end event 'Step synchronous network completed'    [MsgId: MMSG-205180]	[MsgId: MMSG-205180]
t=00688402ms: ** 17: Click on EP LAN  ** started    [MsgId: MMSG-205180]	[MsgId: MMSG-205180]
t=00689526ms: ** 17: Click on EP LAN  ** successfully completed with end event 'Step synchronous network completed'    [MsgId: MMSG-205180]	[MsgId: MMSG-205180]
Notify: Transaction "07_EP-LAN Circuit Utilization" started.	[MsgId: MMSG-16999]
t=00690026ms: ** 18: Click on 317 Western Blvd gridcell ** started    [MsgId: MMSG-205180]	[MsgId: MMSG-205180]
t=00750976ms: ** 18: Click on 317 Western Blvd gridcell ** successfully completed with end event 'Step network completed'    [MsgId: MMSG-205180]	[MsgId: MMSG-205180]
t=00750978ms: ** 19: Wait for Utilization heading ** started    [MsgId: MMSG-205180]	[MsgId: MMSG-205180]
t=00871912ms: Error -205177: ** 19: Wait for Utilization heading ** failed - target object was not found. Identification: Automatic       Snapshot Info [MSH 2 1]    [MsgId: MERR-205177]	[MsgId: MERR-205177]
End auto log messages stack.	[MsgId: MMSG-10544]


Start auto log messages stack - Iteration 2.	[MsgId: MMSG-10545]
t=00738029ms: ** 57: Wait 15 seconds ** started    [MsgId: MMSG-205180]	[MsgId: MMSG-205180]
t=00753678ms: ** 57: Wait 15 seconds ** successfully completed with end event 'Action completed'    [MsgId: MMSG-205180]	[MsgId: MMSG-205180]
t=00753682ms: ** 58: Wait for REPORTS link ** started    [MsgId: MMSG-205180]	[MsgId: MMSG-205180]
t=00753911ms: ** 58: Wait for REPORTS link ** successfully completed with end event 'Action completed'    [MsgId: MMSG-205180]	[MsgId: MMSG-205180]
Notify: Transaction "29_Reports tab" started.	[MsgId: MMSG-16999]
t=00754414ms: ** 59: Click on REPORTS link ** started    [MsgId: MMSG-205180]	[MsgId: MMSG-205180]
t=00755193ms: ** 59: Click on REPORTS link ** successfully completed with end event 'Step synchronous network completed'    [MsgId: MMSG-205180]	[MsgId: MMSG-205180]
t=00755196ms: ** 60: Wait for Created By  ** started    [MsgId: MMSG-205180]	[MsgId: MMSG-205180]
t=00875789ms: Error -205177: ** 60: Wait for Created By  ** failed - target object was not found. Identification: Automatic       Snapshot Info [MSH 2 1]    [MsgId: MERR-205177]	[MsgId: MERR-205177]
End auto log messages stack.	[MsgId: MMSG-10544]


Start auto log messages stack - Iteration 2.	[MsgId: MMSG-10545]
t=00753108ms: ** 27: Click on button (4) button ** successfully completed with end event 'Step synchronous network completed'    [MsgId: MMSG-205180]	[MsgId: MMSG-205180]
Notify: Transaction "09_Network Circuit Create a Report" ended with a "Pass" status (Duration: 1.7940 Wasted Time: 0.3520).	[MsgId: MMSG-16871]
t=00753610ms: ** 28: Scroll on Fill Page ** started    [MsgId: MMSG-205180]	[MsgId: MMSG-205180]
t=00753816ms: ** 28: Scroll on Fill Page ** successfully completed with end event 'Action completed'    [MsgId: MMSG-205180]	[MsgId: MMSG-205180]
t=00754320ms: ** 29: Click on Last 30 days  ** started    [MsgId: MMSG-205180]	[MsgId: MMSG-205180]
t=00754547ms: ** 29: Click on Last 30 days  ** successfully completed with end event 'Action completed'    [MsgId: MMSG-205180]	[MsgId: MMSG-205180]
Notify: Transaction "10_Network Circuit Generate Report" started.	[MsgId: MMSG-16999]
t=00755050ms: ** 30: Click on Submit button ** started    [MsgId: MMSG-205180]	[MsgId: MMSG-205180]
t=00876101ms: Error -205177: ** 30: Click on Submit button ** failed - object defined in end event was not found.       Snapshot Info [MSH 2 1]    [MsgId: MERR-205177]	[MsgId: MERR-205177]
End auto log messages stack.	[MsgId: MMSG-10544]


Start auto log messages stack - Iteration 3.	[MsgId: MMSG-10545]
t=00818008ms: ** 1: Navigate to https://stage-spectrumenterprise.net/login ** successfully completed with end event 'Step synchronous network completed'    [MsgId: MMSG-205180]	[MsgId: MMSG-205180]
t=00818011ms: ** 2: Wait for Sign In button ** started    [MsgId: MMSG-205180]	[MsgId: MMSG-205180]
t=00819942ms: ** 2: Wait for Sign In button ** successfully completed with end event 'Action completed'    [MsgId: MMSG-205180]	[MsgId: MMSG-205180]
Notify: Transaction "01_Launch" ended with a "Pass" status (Duration: 6.7050 Think Time: 0.0020 Wasted Time: 2.9610).	[MsgId: MMSG-16870]
t=00820444ms: ** 3: Reload current page ** started    [MsgId: MMSG-205180]	[MsgId: MMSG-205180]
t=00825424ms: ** 3: Reload current page ** successfully completed with end event 'Step synchronous network completed'    [MsgId: MMSG-205180]	[MsgId: MMSG-205180]
t=00825926ms: ** 4: Type Username1 in Username emailbox ** started    [MsgId: MMSG-205180]	[MsgId: MMSG-205180]
t=00947119ms: Error -205177: ** 4: Type Username1 in Username emailbox ** failed - target object was not found. Identification: Automatic       Snapshot Info [MSH 3 2]    [MsgId: MERR-205177]	[MsgId: MERR-205177]
Start auto log messages stack - Iteration 2.	[MsgId: MMSG-10545]
Notify: Transaction "06_SDWAN Network Utilization" started.	[MsgId: MMSG-16999]
t=00841956ms: ** 38: Click on Network Overview link ** started    [MsgId: MMSG-205180]	[MsgId: MMSG-205180]
t=00842169ms: ** 38: Click on Network Overview link ** successfully completed with end event 'Action completed'    [MsgId: MMSG-205180]	[MsgId: MMSG-205180]
t=00842173ms: ** 39: Wait for SD WAN Edge Metrics heading ** started    [MsgId: MMSG-205180]	[MsgId: MMSG-205180]
t=00842379ms: ** 39: Wait for SD WAN Edge Metrics heading ** successfully completed with end event 'Action completed'    [MsgId: MMSG-205180]	[MsgId: MMSG-205180]
t=00842383ms: ** 40: Wait for Upstream  ** started    [MsgId: MMSG-205180]	[MsgId: MMSG-205180]
t=00842596ms: ** 40: Wait for Upstream  ** successfully completed with end event 'Action completed'    [MsgId: MMSG-205180]	[MsgId: MMSG-205180]
t=00842602ms: ** 41: Wait for Utilization heading ** started    [MsgId: MMSG-205180]	[MsgId: MMSG-205180]
t=00963584ms: Error -205177: ** 41: Wait for Utilization heading ** failed - target object was not found. Identification: Automatic       Snapshot Info [MSH 2 1]    [MsgId: MERR-205177]	[MsgId: MERR-205177]
End auto log messages stack.	[MsgId: MMSG-10544]


Start auto log messages stack - Iteration 2.	[MsgId: MMSG-10545]
t=00842206ms: ** 37: Wait for Utilization heading ** successfully completed with end event 'Action completed'    [MsgId: MMSG-205180]	[MsgId: MMSG-205180]
Notify: Transaction "05_SDWAN Circuit Utilization" ended with a "Pass" status (Duration: 14.3280 Think Time: 0.0010 Wasted Time: 0.2040).	[MsgId: MMSG-16870]
Notify: Transaction "06_SDWAN Network Utilization" started.	[MsgId: MMSG-16999]
t=00842709ms: ** 38: Click on Network Overview link ** started    [MsgId: MMSG-205180]	[MsgId: MMSG-205180]
t=00842944ms: ** 38: Click on Network Overview link ** successfully completed with end event 'Action completed'    [MsgId: MMSG-205180]	[MsgId: MMSG-205180]
t=00842958ms: ** 39: Wait for SD WAN Edge Metrics heading ** started    [MsgId: MMSG-205180]	[MsgId: MMSG-205180]
t=00843170ms: ** 39: Wait for SD WAN Edge Metrics heading ** successfully completed with end event 'Action completed'    [MsgId: MMSG-205180]	[MsgId: MMSG-205180]
t=00843173ms: ** 40: Wait for Upstream  ** started    [MsgId: MMSG-205180]	[MsgId: MMSG-205180]
t=00963626ms: Error -205177: ** 40: Wait for Upstream  ** failed - target object was not found. Identification: Automatic       Snapshot Info [MSH 2 1]    [MsgId: MERR-205177]	[MsgId: MERR-205177]
End auto log messages stack.	[MsgId: MMSG-10544]


Start auto log messages stack - Iteration 2.	[MsgId: MMSG-10545]
Notify: Transaction "06_SDWAN Network Utilization" started.	[MsgId: MMSG-16999]
t=00842626ms: ** 38: Click on Network Overview link ** started    [MsgId: MMSG-205180]	[MsgId: MMSG-205180]
t=00842840ms: ** 38: Click on Network Overview link ** successfully completed with end event 'Action completed'    [MsgId: MMSG-205180]	[MsgId: MMSG-205180]
t=00842843ms: ** 39: Wait for SD WAN Edge Metrics heading ** started    [MsgId: MMSG-205180]	[MsgId: MMSG-205180]
t=00843055ms: ** 39: Wait for SD WAN Edge Metrics heading ** successfully completed with end event 'Action completed'    [MsgId: MMSG-205180]	[MsgId: MMSG-205180]
t=00843058ms: ** 40: Wait for Upstream  ** started    [MsgId: MMSG-205180]	[MsgId: MMSG-205180]
t=00843273ms: ** 40: Wait for Upstream  ** successfully completed with end event 'Action completed'    [MsgId: MMSG-205180]	[MsgId: MMSG-205180]
t=00843274ms: ** 41: Wait for Utilization heading ** started    [MsgId: MMSG-205180]	[MsgId: MMSG-205180]
t=00964304ms: Error -205177: ** 41: Wait for Utilization heading ** failed - target object was not found. Identification: Automatic       Snapshot Info [MSH 2 1]    [MsgId: MERR-205177]	[MsgId: MERR-205177]
End auto log messages stack.	[MsgId: MMSG-10544]


Start auto log messages stack - Iteration 3.	[MsgId: MMSG-10545]
t=00880193ms: ** 37: Wait for Utilization heading ** successfully completed with end event 'Action completed'    [MsgId: MMSG-205180]	[MsgId: MMSG-205180]
Notify: Transaction "05_SDWAN Circuit Utilization" ended with a "Pass" status (Duration: 9.3040 Think Time: 0.0020 Wasted Time: 0.2020).	[MsgId: MMSG-16870]
Notify: Transaction "06_SDWAN Network Utilization" started.	[MsgId: MMSG-16999]
t=00880725ms: ** 38: Click on Network Overview link ** started    [MsgId: MMSG-205180]	[MsgId: MMSG-205180]
t=00880918ms: ** 38: Click on Network Overview link ** successfully completed with end event 'Action completed'    [MsgId: MMSG-205180]	[MsgId: MMSG-205180]
t=00880920ms: ** 39: Wait for SD WAN Edge Metrics heading ** started    [MsgId: MMSG-205180]	[MsgId: MMSG-205180]
t=00881137ms: ** 39: Wait for SD WAN Edge Metrics heading ** successfully completed with end event 'Action completed'    [MsgId: MMSG-205180]	[MsgId: MMSG-205180]
t=00881137ms: ** 40: Wait for Upstream  ** started    [MsgId: MMSG-205180]	[MsgId: MMSG-205180]
t=01001649ms: Error -205177: ** 40: Wait for Upstream  ** failed - target object was not found. Identification: Automatic       Snapshot Info [MSH 3 2]    [MsgId: MERR-205177]	[MsgId: MERR-205177]
End auto log messages stack.	[MsgId: MMSG-10544]


Start auto log messages stack - Iteration 2.	[MsgId: MMSG-10545]
t=00882923ms: ** 34: Click on SD WAN  ** started    [MsgId: MMSG-205180]	[MsgId: MMSG-205180]
t=00885608ms: ** 34: Click on SD WAN  ** successfully completed with end event 'Step synchronous network completed'    [MsgId: MMSG-205180]	[MsgId: MMSG-205180]
t=00886111ms: ** 35: Click on 6620 Wadsworth Blvd cell ** started    [MsgId: MMSG-205180]	[MsgId: MMSG-205180]
t=00886328ms: ** 35: Click on 6620 Wadsworth Blvd cell ** successfully completed with end event 'Action completed'    [MsgId: MMSG-205180]	[MsgId: MMSG-205180]
Notify: Transaction "05_SDWAN Circuit Utilization" started.	[MsgId: MMSG-16999]
t=00886835ms: ** 36: Click on 6801 S Tucson Way # 100 link ** started    [MsgId: MMSG-205180]	[MsgId: MMSG-205180]
t=00886853ms: ** 36: Click on 6801 S Tucson Way # 100 link ** successfully completed with end event 'Action completed'    [MsgId: MMSG-205180]	[MsgId: MMSG-205180]
t=00886855ms: ** 37: Wait for Utilization heading ** started    [MsgId: MMSG-205180]	[MsgId: MMSG-205180]
t=01007747ms: Error -205177: ** 37: Wait for Utilization heading ** failed - target object was not found. Identification: Automatic       Snapshot Info [MSH 2 1]    [MsgId: MERR-205177]	[MsgId: MERR-205177]
End auto log messages stack.	[MsgId: MMSG-10544]


Start auto log messages stack - Iteration 3.	[MsgId: MMSG-10545]
t=00883044ms: ** 34: Click on SD WAN  ** started    [MsgId: MMSG-205180]	[MsgId: MMSG-205180]
t=00885652ms: ** 34: Click on SD WAN  ** successfully completed with end event 'Step synchronous network completed'    [MsgId: MMSG-205180]	[MsgId: MMSG-205180]
t=00886154ms: ** 35: Click on 6620 Wadsworth Blvd cell ** started    [MsgId: MMSG-205180]	[MsgId: MMSG-205180]
t=00886364ms: ** 35: Click on 6620 Wadsworth Blvd cell ** successfully completed with end event 'Action completed'    [MsgId: MMSG-205180]	[MsgId: MMSG-205180]
Notify: Transaction "05_SDWAN Circuit Utilization" started.	[MsgId: MMSG-16999]
t=00886874ms: ** 36: Click on 6801 S Tucson Way # 100 link ** started    [MsgId: MMSG-205180]	[MsgId: MMSG-205180]
t=00886892ms: ** 36: Click on 6801 S Tucson Way # 100 link ** successfully completed with end event 'Action completed'    [MsgId: MMSG-205180]	[MsgId: MMSG-205180]
t=00886897ms: ** 37: Wait for Utilization heading ** started    [MsgId: MMSG-205180]	[MsgId: MMSG-205180]
t=01007838ms: Error -205177: ** 37: Wait for Utilization heading ** failed - target object was not found. Identification: Automatic       Snapshot Info [MSH 3 2]    [MsgId: MERR-205177]	[MsgId: MERR-205177]
End auto log messages stack.	[MsgId: MMSG-10544]


Start auto log messages stack - Iteration 2.	[MsgId: MMSG-10545]
t=00880289ms: ** 57: Wait 15 seconds ** started    [MsgId: MMSG-205180]	[MsgId: MMSG-205180]
t=00896411ms: ** 57: Wait 15 seconds ** successfully completed with end event 'Action completed'    [MsgId: MMSG-205180]	[MsgId: MMSG-205180]
t=00896418ms: ** 58: Wait for REPORTS link ** started    [MsgId: MMSG-205180]	[MsgId: MMSG-205180]
t=00896654ms: ** 58: Wait for REPORTS link ** successfully completed with end event 'Action completed'    [MsgId: MMSG-205180]	[MsgId: MMSG-205180]
Notify: Transaction "29_Reports tab" started.	[MsgId: MMSG-16999]
t=00897156ms: ** 59: Click on REPORTS link ** started    [MsgId: MMSG-205180]	[MsgId: MMSG-205180]
t=00898158ms: ** 59: Click on REPORTS link ** successfully completed with end event 'Step synchronous network completed'    [MsgId: MMSG-205180]	[MsgId: MMSG-205180]
t=00898160ms: ** 60: Wait for Created By  ** started    [MsgId: MMSG-205180]	[MsgId: MMSG-205180]
t=01018533ms: Error -205177: ** 60: Wait for Created By  ** failed - target object was not found. Identification: Automatic       Snapshot Info [MSH 2 1]    [MsgId: MERR-205177]	[MsgId: MERR-205177]
End auto log messages stack.	[MsgId: MMSG-10544]


Start auto log messages stack - Iteration 2.	[MsgId: MMSG-10545]
t=00883572ms: ** 57: Wait 15 seconds ** started    [MsgId: MMSG-205180]	[MsgId: MMSG-205180]
t=00899418ms: ** 57: Wait 15 seconds ** successfully completed with end event 'Action completed'    [MsgId: MMSG-205180]	[MsgId: MMSG-205180]
t=00899420ms: ** 58: Wait for REPORTS link ** started    [MsgId: MMSG-205180]	[MsgId: MMSG-205180]
t=00899651ms: ** 58: Wait for REPORTS link ** successfully completed with end event 'Action completed'    [MsgId: MMSG-205180]	[MsgId: MMSG-205180]
Notify: Transaction "29_Reports tab" started.	[MsgId: MMSG-16999]
t=00900153ms: ** 59: Click on REPORTS link ** started    [MsgId: MMSG-205180]	[MsgId: MMSG-205180]
t=00901590ms: ** 59: Click on REPORTS link ** successfully completed with end event 'Step synchronous network completed'    [MsgId: MMSG-205180]	[MsgId: MMSG-205180]
t=00901592ms: ** 60: Wait for Created By  ** started    [MsgId: MMSG-205180]	[MsgId: MMSG-205180]
t=01022064ms: Error -205177: ** 60: Wait for Created By  ** failed - target object was not found. Identification: Automatic       Snapshot Info [MSH 2 1]    [MsgId: MERR-205177]	[MsgId: MERR-205177]
End auto log messages stack.	[MsgId: MMSG-10544]


Start auto log messages stack - Iteration 3.	[MsgId: MMSG-10545]
Notify: Transaction "01_Launch" started.	[MsgId: MMSG-16999]
t=00907227ms: ** 1: Navigate to "https://stage-spectrume...prise.net/login" ** started    [MsgId: MMSG-205180]	[MsgId: MMSG-205180]
t=00912902ms: ** 1: Navigate to https://stage-spectrumenterprise.net/login ** successfully completed with end event 'Step synchronous network completed'    [MsgId: MMSG-205180]	[MsgId: MMSG-205180]
t=00912905ms: ** 2: Wait for Sign In button ** started    [MsgId: MMSG-205180]	[MsgId: MMSG-205180]
t=01033459ms: Error -205177: ** 2: Wait for Sign In button ** failed - target object was not found. Identification: Automatic       Snapshot Info [MSH 3 2]    [MsgId: MERR-205177]	[MsgId: MERR-205177]
End auto log messages stack.	[MsgId: MMSG-10544]


Start auto log messages stack - Iteration 3.	[MsgId: MMSG-10545]
Notify: Transaction "01_Launch" started.	[MsgId: MMSG-16999]
t=00907510ms: ** 1: Navigate to "https://stage-spectrume...prise.net/login" ** started    [MsgId: MMSG-205180]	[MsgId: MMSG-205180]
t=00913140ms: ** 1: Navigate to https://stage-spectrumenterprise.net/login ** successfully completed with end event 'Step synchronous network completed'    [MsgId: MMSG-205180]	[MsgId: MMSG-205180]
t=00913144ms: ** 2: Wait for Sign In button ** started    [MsgId: MMSG-205180]	[MsgId: MMSG-205180]
t=01033651ms: Error -205177: ** 2: Wait for Sign In button ** failed - target object was not found. Identification: Automatic       Snapshot Info [MSH 3 2]    [MsgId: MERR-205177]	[MsgId: MERR-205177]
End auto log messages stack.	[MsgId: MMSG-10544]


Start auto log messages stack - Iteration 2.	[MsgId: MMSG-10545]
t=00928421ms: ** 99: Click on button (1) button ** started    [MsgId: MMSG-205180]	[MsgId: MMSG-205180]
t=00928638ms: ** 99: Click on button (1) button ** successfully completed with end event 'Action completed'    [MsgId: MMSG-205180]	[MsgId: MMSG-205180]
t=00929140ms: ** 100: Set Start Date * datepicker to 24 ** started    [MsgId: MMSG-205180]	[MsgId: MMSG-205180]
t=00929209ms: ** 100: Set Start Date * datepicker to 24 ** successfully completed with end event 'Action completed'    [MsgId: MMSG-205180]	[MsgId: MMSG-205180]
Notify: Transaction "25_Non HiCap CMR" started.	[MsgId: MMSG-16999]
t=00929715ms: ** 101: Click on Submit button ** started    [MsgId: MMSG-205180]	[MsgId: MMSG-205180]
t=00929920ms: ** 101: Click on Submit button ** successfully completed with end event 'Action completed'    [MsgId: MMSG-205180]	[MsgId: MMSG-205180]
t=00929923ms: ** 102: Wait for Go Download Reports link ** started    [MsgId: MMSG-205180]	[MsgId: MMSG-205180]
t=01050765ms: Error -205177: ** 102: Wait for Go Download Reports link ** failed - target object was not found. Identification: Descriptors       Snapshot Info [MSH 2 1]    [MsgId: MERR-205177]	[MsgId: MERR-205177]
End auto log messages stack.	[MsgId: MMSG-10544]


Start auto log messages stack - Iteration 2.	[MsgId: MMSG-10545]
t=00945421ms: ** 99: Click on button (1) button ** started    [MsgId: MMSG-205180]	[MsgId: MMSG-205180]
t=00945644ms: ** 99: Click on button (1) button ** successfully completed with end event 'Action completed'    [MsgId: MMSG-205180]	[MsgId: MMSG-205180]
t=00946148ms: ** 100: Set Start Date * datepicker to 24 ** started    [MsgId: MMSG-205180]	[MsgId: MMSG-205180]
t=00946215ms: ** 100: Set Start Date * datepicker to 24 ** successfully completed with end event 'Action completed'    [MsgId: MMSG-205180]	[MsgId: MMSG-205180]
Notify: Transaction "25_Non HiCap CMR" started.	[MsgId: MMSG-16999]
t=00946718ms: ** 101: Click on Submit button ** started    [MsgId: MMSG-205180]	[MsgId: MMSG-205180]
t=00946923ms: ** 101: Click on Submit button ** successfully completed with end event 'Action completed'    [MsgId: MMSG-205180]	[MsgId: MMSG-205180]
t=00946927ms: ** 102: Wait for Go Download Reports link ** started    [MsgId: MMSG-205180]	[MsgId: MMSG-205180]
t=01067795ms: Error -205177: ** 102: Wait for Go Download Reports link ** failed - target object was not found. Identification: Descriptors       Snapshot Info [MSH 2 1]    [MsgId: MERR-205177]	[MsgId: MERR-205177]
End auto log messages stack.	[MsgId: MMSG-10544]


Start auto log messages stack - Iteration 2.	[MsgId: MMSG-10545]
t=01000598ms: ** 37: Wait for Utilization heading ** successfully completed with end event 'Action completed'    [MsgId: MMSG-205180]	[MsgId: MMSG-205180]
Notify: Transaction "05_SDWAN Circuit Utilization" ended with a "Pass" status (Duration: 11.2850 Think Time: 0.0020 Wasted Time: 0.4070).	[MsgId: MMSG-16870]
Notify: Transaction "06_SDWAN Network Utilization" started.	[MsgId: MMSG-16999]
t=01001100ms: ** 38: Click on Network Overview link ** started    [MsgId: MMSG-205180]	[MsgId: MMSG-205180]
t=01001311ms: ** 38: Click on Network Overview link ** successfully completed with end event 'Action completed'    [MsgId: MMSG-205180]	[MsgId: MMSG-205180]
t=01001312ms: ** 39: Wait for SD WAN Edge Metrics heading ** started    [MsgId: MMSG-205180]	[MsgId: MMSG-205180]
t=01001520ms: ** 39: Wait for SD WAN Edge Metrics heading ** successfully completed with end event 'Action completed'    [MsgId: MMSG-205180]	[MsgId: MMSG-205180]
t=01001523ms: ** 40: Wait for Upstream  ** started    [MsgId: MMSG-205180]	[MsgId: MMSG-205180]
t=01121914ms: Error -205177: ** 40: Wait for Upstream  ** failed - target object was not found. Identification: Automatic       Snapshot Info [MSH 2 1]    [MsgId: MERR-205177]	[MsgId: MERR-205177]
End auto log messages stack.	[MsgId: MMSG-10544]


Start auto log messages stack - Iteration 3.	[MsgId: MMSG-10545]
t=00987402ms: ** 57: Wait 15 seconds ** started    [MsgId: MMSG-205180]	[MsgId: MMSG-205180]
t=01003055ms: ** 57: Wait 15 seconds ** successfully completed with end event 'Action completed'    [MsgId: MMSG-205180]	[MsgId: MMSG-205180]
t=01003058ms: ** 58: Wait for REPORTS link ** started    [MsgId: MMSG-205180]	[MsgId: MMSG-205180]
t=01003299ms: ** 58: Wait for REPORTS link ** successfully completed with end event 'Action completed'    [MsgId: MMSG-205180]	[MsgId: MMSG-205180]
Notify: Transaction "29_Reports tab" started.	[MsgId: MMSG-16999]
t=01003801ms: ** 59: Click on REPORTS link ** started    [MsgId: MMSG-205180]	[MsgId: MMSG-205180]
t=01004599ms: ** 59: Click on REPORTS link ** successfully completed with end event 'Step synchronous network completed'    [MsgId: MMSG-205180]	[MsgId: MMSG-205180]
t=01004602ms: ** 60: Wait for Created By  ** started    [MsgId: MMSG-205180]	[MsgId: MMSG-205180]
t=01125033ms: Error -205177: ** 60: Wait for Created By  ** failed - target object was not found. Identification: Automatic       Snapshot Info [MSH 3 2]    [MsgId: MERR-205177]	[MsgId: MERR-205177]
End auto log messages stack.	[MsgId: MMSG-10544]


Start auto log messages stack - Iteration 3.	[MsgId: MMSG-10545]
t=01013674ms: ** 37: Wait for Utilization heading ** successfully completed with end event 'Action completed'    [MsgId: MMSG-205180]	[MsgId: MMSG-205180]
Notify: Transaction "05_SDWAN Circuit Utilization" ended with a "Pass" status (Duration: 13.3150 Think Time: 0.0010 Wasted Time: 0.4040).	[MsgId: MMSG-16870]
Notify: Transaction "06_SDWAN Network Utilization" started.	[MsgId: MMSG-16999]
t=01014176ms: ** 38: Click on Network Overview link ** started    [MsgId: MMSG-205180]	[MsgId: MMSG-205180]
t=01014383ms: ** 38: Click on Network Overview link ** successfully completed with end event 'Action completed'    [MsgId: MMSG-205180]	[MsgId: MMSG-205180]
t=01014386ms: ** 39: Wait for SD WAN Edge Metrics heading ** started    [MsgId: MMSG-205180]	[MsgId: MMSG-205180]
t=01014592ms: ** 39: Wait for SD WAN Edge Metrics heading ** successfully completed with end event 'Action completed'    [MsgId: MMSG-205180]	[MsgId: MMSG-205180]
t=01014595ms: ** 40: Wait for Upstream  ** started    [MsgId: MMSG-205180]	[MsgId: MMSG-205180]
t=01135844ms: Error -205177: ** 40: Wait for Upstream  ** failed - target object was not found. Identification: Automatic       Snapshot Info [MSH 3 2]    [MsgId: MERR-205177]	[MsgId: MERR-205177]
End auto log messages stack.	[MsgId: MMSG-10544]


Start auto log messages stack - Iteration 3.	[MsgId: MMSG-10545]
t=01003888ms: ** 57: Wait 15 seconds ** started    [MsgId: MMSG-205180]	[MsgId: MMSG-205180]
t=01019560ms: ** 57: Wait 15 seconds ** successfully completed with end event 'Action completed'    [MsgId: MMSG-205180]	[MsgId: MMSG-205180]
t=01019563ms: ** 58: Wait for REPORTS link ** started    [MsgId: MMSG-205180]	[MsgId: MMSG-205180]
t=01019790ms: ** 58: Wait for REPORTS link ** successfully completed with end event 'Action completed'    [MsgId: MMSG-205180]	[MsgId: MMSG-205180]
Notify: Transaction "29_Reports tab" started.	[MsgId: MMSG-16999]
t=01020294ms: ** 59: Click on REPORTS link ** started    [MsgId: MMSG-205180]	[MsgId: MMSG-205180]
t=01021342ms: ** 59: Click on REPORTS link ** successfully completed with end event 'Step synchronous network completed'    [MsgId: MMSG-205180]	[MsgId: MMSG-205180]
t=01021346ms: ** 60: Wait for Created By  ** started    [MsgId: MMSG-205180]	[MsgId: MMSG-205180]
t=01141794ms: Error -205177: ** 60: Wait for Created By  ** failed - target object was not found. Identification: Automatic       Snapshot Info [MSH 3 2]    [MsgId: MERR-205177]	[MsgId: MERR-205177]
End auto log messages stack.	[MsgId: MMSG-10544]


Start auto log messages stack - Iteration 2.	[MsgId: MMSG-10545]
t=01045016ms: ** 99: Click on button (1) button ** started    [MsgId: MMSG-205180]	[MsgId: MMSG-205180]
t=01045233ms: ** 99: Click on button (1) button ** successfully completed with end event 'Action completed'    [MsgId: MMSG-205180]	[MsgId: MMSG-205180]
t=01045736ms: ** 100: Set Start Date * datepicker to 24 ** started    [MsgId: MMSG-205180]	[MsgId: MMSG-205180]
t=01045794ms: ** 100: Set Start Date * datepicker to 24 ** successfully completed with end event 'Action completed'    [MsgId: MMSG-205180]	[MsgId: MMSG-205180]
Notify: Transaction "25_Non HiCap CMR" started.	[MsgId: MMSG-16999]
t=01046296ms: ** 101: Click on Submit button ** started    [MsgId: MMSG-205180]	[MsgId: MMSG-205180]
t=01046502ms: ** 101: Click on Submit button ** successfully completed with end event 'Action completed'    [MsgId: MMSG-205180]	[MsgId: MMSG-205180]
t=01046504ms: ** 102: Wait for Go Download Reports link ** started    [MsgId: MMSG-205180]	[MsgId: MMSG-205180]
t=01167449ms: Error -205177: ** 102: Wait for Go Download Reports link ** failed - target object was not found. Identification: Descriptors       Snapshot Info [MSH 2 1]    [MsgId: MERR-205177]	[MsgId: MERR-205177]
End auto log messages stack.	[MsgId: MMSG-10544]


Start auto log messages stack - Iteration 3.	[MsgId: MMSG-10545]
t=01079421ms: ** 48: Click on button (1) button ** started    [MsgId: MMSG-205180]	[MsgId: MMSG-205180]
t=01081228ms: ** 48: Click on button (1) button ** successfully completed with end event 'Step synchronous network completed'    [MsgId: MMSG-205180]	[MsgId: MMSG-205180]
t=01081730ms: ** 49: Click on Last 30 days  ** started    [MsgId: MMSG-205180]	[MsgId: MMSG-205180]
t=01082494ms: ** 49: Click on Last 30 days  ** successfully completed with end event 'Step synchronous network completed'    [MsgId: MMSG-205180]	[MsgId: MMSG-205180]
Notify: Transaction "13_FI Circuit Utilization Report" started.	[MsgId: MMSG-16999]
t=01082996ms: ** 50: Click on Submit button ** started    [MsgId: MMSG-205180]	[MsgId: MMSG-205180]
t=01083998ms: ** 50: Click on Submit button ** successfully completed with end event 'Step network completed'    [MsgId: MMSG-205180]	[MsgId: MMSG-205180]
t=01084003ms: ** 51: Wait for Go Download Reports link ** started    [MsgId: MMSG-205180]	[MsgId: MMSG-205180]
t=01204943ms: Error -205177: ** 51: Wait for Go Download Reports link ** failed - target object was not found. Identification: Descriptors       Snapshot Info [MSH 3 2]    [MsgId: MERR-205177]	[MsgId: MERR-205177]
End auto log messages stack.	[MsgId: MMSG-10544]


Start auto log messages stack - Iteration 3.	[MsgId: MMSG-10545]
t=01135275ms: ** 55: Click on LOCATIONS link ** started    [MsgId: MMSG-205180]	[MsgId: MMSG-205180]
t=01135283ms: ** 55: Click on LOCATIONS link ** successfully completed with end event 'Action completed'    [MsgId: MMSG-205180]	[MsgId: MMSG-205180]
t=01135790ms: ** 56: Reload current page ** started    [MsgId: MMSG-205180]	[MsgId: MMSG-205180]
t=01141465ms: ** 56: Reload current page ** successfully completed with end event 'Step synchronous network completed'    [MsgId: MMSG-205180]	[MsgId: MMSG-205180]
t=01141468ms: ** 57: Wait 15 seconds ** started    [MsgId: MMSG-205180]	[MsgId: MMSG-205180]
t=01157299ms: ** 57: Wait 15 seconds ** successfully completed with end event 'Action completed'    [MsgId: MMSG-205180]	[MsgId: MMSG-205180]
t=01157305ms: ** 58: Wait for REPORTS link ** started    [MsgId: MMSG-205180]	[MsgId: MMSG-205180]
t=01278506ms: Error -205177: ** 58: Wait for REPORTS link ** failed - target object was not found. Identification: Automatic       Snapshot Info [MSH 3 2]    [MsgId: MERR-205177]	[MsgId: MERR-205177]
Start auto log messages stack - Iteration 3.	[MsgId: MMSG-10545]
t=01185639ms: ** 37: Wait for Utilization heading ** successfully completed with end event 'Action completed'    [MsgId: MMSG-205180]	[MsgId: MMSG-205180]
Notify: Transaction "05_SDWAN Circuit Utilization" ended with a "Pass" status (Duration: 10.2890 Think Time: 0.0020 Wasted Time: 0.4040).	[MsgId: MMSG-16870]
Notify: Transaction "06_SDWAN Network Utilization" started.	[MsgId: MMSG-16999]
t=01186143ms: ** 38: Click on Network Overview link ** started    [MsgId: MMSG-205180]	[MsgId: MMSG-205180]
t=01186357ms: ** 38: Click on Network Overview link ** successfully completed with end event 'Action completed'    [MsgId: MMSG-205180]	[MsgId: MMSG-205180]
t=01186359ms: ** 39: Wait for SD WAN Edge Metrics heading ** started    [MsgId: MMSG-205180]	[MsgId: MMSG-205180]
t=01186564ms: ** 39: Wait for SD WAN Edge Metrics heading ** successfully completed with end event 'Action completed'    [MsgId: MMSG-205180]	[MsgId: MMSG-205180]
t=01186567ms: ** 40: Wait for Upstream  ** started    [MsgId: MMSG-205180]	[MsgId: MMSG-205180]
t=01307070ms: Error -205177: ** 40: Wait for Upstream  ** failed - target object was not found. Identification: Automatic       Snapshot Info [MSH 3 2]    [MsgId: MERR-205177]	[MsgId: MERR-205177]
End auto log messages stack.	[MsgId: MMSG-10544]


Start auto log messages stack - Iteration 3.	[MsgId: MMSG-10545]
t=01184826ms: ** 34: Click on SD WAN  ** started    [MsgId: MMSG-205180]	[MsgId: MMSG-205180]
t=01187741ms: ** 34: Click on SD WAN  ** successfully completed with end event 'Step synchronous network completed'    [MsgId: MMSG-205180]	[MsgId: MMSG-205180]
t=01188242ms: ** 35: Click on 6620 Wadsworth Blvd cell ** started    [MsgId: MMSG-205180]	[MsgId: MMSG-205180]
t=01188453ms: ** 35: Click on 6620 Wadsworth Blvd cell ** successfully completed with end event 'Action completed'    [MsgId: MMSG-205180]	[MsgId: MMSG-205180]
Notify: Transaction "05_SDWAN Circuit Utilization" started.	[MsgId: MMSG-16999]
t=01188957ms: ** 36: Click on 6801 S Tucson Way # 100 link ** started    [MsgId: MMSG-205180]	[MsgId: MMSG-205180]
t=01188966ms: ** 36: Click on 6801 S Tucson Way # 100 link ** successfully completed with end event 'Action completed'    [MsgId: MMSG-205180]	[MsgId: MMSG-205180]
t=01188972ms: ** 37: Wait for Utilization heading ** started    [MsgId: MMSG-205180]	[MsgId: MMSG-205180]
t=01309911ms: Error -205177: ** 37: Wait for Utilization heading ** failed - target object was not found. Identification: Automatic       Snapshot Info [MSH 3 2]    [MsgId: MERR-205177]	[MsgId: MERR-205177]
End auto log messages stack.	[MsgId: MMSG-10544]


Start auto log messages stack - Iteration 4.	[MsgId: MMSG-10545]
t=01225078ms: ** 37: Wait for Utilization heading ** successfully completed with end event 'Action completed'    [MsgId: MMSG-205180]	[MsgId: MMSG-205180]
Notify: Transaction "05_SDWAN Circuit Utilization" ended with a "Pass" status (Duration: 13.3120 Think Time: 0.0020 Wasted Time: 0.4050).	[MsgId: MMSG-16870]
Notify: Transaction "06_SDWAN Network Utilization" started.	[MsgId: MMSG-16999]
t=01225580ms: ** 38: Click on Network Overview link ** started    [MsgId: MMSG-205180]	[MsgId: MMSG-205180]
t=01225805ms: ** 38: Click on Network Overview link ** successfully completed with end event 'Action completed'    [MsgId: MMSG-205180]	[MsgId: MMSG-205180]
t=01225805ms: ** 39: Wait for SD WAN Edge Metrics heading ** started    [MsgId: MMSG-205180]	[MsgId: MMSG-205180]
t=01226011ms: ** 39: Wait for SD WAN Edge Metrics heading ** successfully completed with end event 'Action completed'    [MsgId: MMSG-205180]	[MsgId: MMSG-205180]
t=01226014ms: ** 40: Wait for Upstream  ** started    [MsgId: MMSG-205180]	[MsgId: MMSG-205180]
t=01346657ms: Error -205177: ** 40: Wait for Upstream  ** failed - target object was not found. Identification: Automatic       Snapshot Info [MSH 4 3]    [MsgId: MERR-205177]	[MsgId: MERR-205177]
End auto log messages stack.	[MsgId: MMSG-10544]


Start auto log messages stack - Iteration 3.	[MsgId: MMSG-10545]
t=01235406ms: ** 37: Wait for Utilization heading ** successfully completed with end event 'Action completed'    [MsgId: MMSG-205180]	[MsgId: MMSG-205180]
Notify: Transaction "05_SDWAN Circuit Utilization" ended with a "Pass" status (Duration: 13.3010 Think Time: 0.0010 Wasted Time: 0.2030).	[MsgId: MMSG-16870]
Notify: Transaction "06_SDWAN Network Utilization" started.	[MsgId: MMSG-16999]
t=01235907ms: ** 38: Click on Network Overview link ** started    [MsgId: MMSG-205180]	[MsgId: MMSG-205180]
t=01236124ms: ** 38: Click on Network Overview link ** successfully completed with end event 'Action completed'    [MsgId: MMSG-205180]	[MsgId: MMSG-205180]
t=01236128ms: ** 39: Wait for SD WAN Edge Metrics heading ** started    [MsgId: MMSG-205180]	[MsgId: MMSG-205180]
t=01236337ms: ** 39: Wait for SD WAN Edge Metrics heading ** successfully completed with end event 'Action completed'    [MsgId: MMSG-205180]	[MsgId: MMSG-205180]
t=01236341ms: ** 40: Wait for Upstream  ** started    [MsgId: MMSG-205180]	[MsgId: MMSG-205180]
t=01356835ms: Error -205177: ** 40: Wait for Upstream  ** failed - target object was not found. Identification: Automatic       Snapshot Info [MSH 3 2]    [MsgId: MERR-205177]	[MsgId: MERR-205177]
End auto log messages stack.	[MsgId: MMSG-10544]


Start auto log messages stack - Iteration 4.	[MsgId: MMSG-10545]
Notify: Transaction "06_SDWAN Network Utilization" started.	[MsgId: MMSG-16999]
t=01236386ms: ** 38: Click on Network Overview link ** started    [MsgId: MMSG-205180]	[MsgId: MMSG-205180]
t=01236595ms: ** 38: Click on Network Overview link ** successfully completed with end event 'Action completed'    [MsgId: MMSG-205180]	[MsgId: MMSG-205180]
t=01236605ms: ** 39: Wait for SD WAN Edge Metrics heading ** started    [MsgId: MMSG-205180]	[MsgId: MMSG-205180]
t=01236812ms: ** 39: Wait for SD WAN Edge Metrics heading ** successfully completed with end event 'Action completed'    [MsgId: MMSG-205180]	[MsgId: MMSG-205180]
t=01236819ms: ** 40: Wait for Upstream  ** started    [MsgId: MMSG-205180]	[MsgId: MMSG-205180]
t=01237027ms: ** 40: Wait for Upstream  ** successfully completed with end event 'Action completed'    [MsgId: MMSG-205180]	[MsgId: MMSG-205180]
t=01237029ms: ** 41: Wait for Utilization heading ** started    [MsgId: MMSG-205180]	[MsgId: MMSG-205180]
t=01358034ms: Error -205177: ** 41: Wait for Utilization heading ** failed - target object was not found. Identification: Automatic       Snapshot Info [MSH 4 3]    [MsgId: MERR-205177]	[MsgId: MERR-205177]
End auto log messages stack.	[MsgId: MMSG-10544]


Start auto log messages stack - Iteration 4.	[MsgId: MMSG-10545]
t=01231239ms: ** 57: Wait 15 seconds ** started    [MsgId: MMSG-205180]	[MsgId: MMSG-205180]
t=01247067ms: ** 57: Wait 15 seconds ** successfully completed with end event 'Action completed'    [MsgId: MMSG-205180]	[MsgId: MMSG-205180]
t=01247070ms: ** 58: Wait for REPORTS link ** started    [MsgId: MMSG-205180]	[MsgId: MMSG-205180]
t=01247314ms: ** 58: Wait for REPORTS link ** successfully completed with end event 'Action completed'    [MsgId: MMSG-205180]	[MsgId: MMSG-205180]
Notify: Transaction "29_Reports tab" started.	[MsgId: MMSG-16999]
t=01247823ms: ** 59: Click on REPORTS link ** started    [MsgId: MMSG-205180]	[MsgId: MMSG-205180]
t=01249172ms: ** 59: Click on REPORTS link ** successfully completed with end event 'Step synchronous network completed'    [MsgId: MMSG-205180]	[MsgId: MMSG-205180]
t=01249174ms: ** 60: Wait for Created By  ** started    [MsgId: MMSG-205180]	[MsgId: MMSG-205180]
t=01369774ms: Error -205177: ** 60: Wait for Created By  ** failed - target object was not found. Identification: Automatic       Snapshot Info [MSH 4 3]    [MsgId: MERR-205177]	[MsgId: MERR-205177]
End auto log messages stack.	[MsgId: MMSG-10544]


Start auto log messages stack - Iteration 4.	[MsgId: MMSG-10545]
t=01252408ms: ** 34: Click on SD WAN  ** started    [MsgId: MMSG-205180]	[MsgId: MMSG-205180]
t=01252859ms: ** 34: Click on SD WAN  ** successfully completed with end event 'Step synchronous network completed'    [MsgId: MMSG-205180]	[MsgId: MMSG-205180]
t=01253361ms: ** 35: Click on 6620 Wadsworth Blvd cell ** started    [MsgId: MMSG-205180]	[MsgId: MMSG-205180]
t=01253579ms: ** 35: Click on 6620 Wadsworth Blvd cell ** successfully completed with end event 'Action completed'    [MsgId: MMSG-205180]	[MsgId: MMSG-205180]
Notify: Transaction "05_SDWAN Circuit Utilization" started.	[MsgId: MMSG-16999]
t=01254080ms: ** 36: Click on 6801 S Tucson Way # 100 link ** started    [MsgId: MMSG-205180]	[MsgId: MMSG-205180]
t=01254095ms: ** 36: Click on 6801 S Tucson Way # 100 link ** successfully completed with end event 'Action completed'    [MsgId: MMSG-205180]	[MsgId: MMSG-205180]
t=01254105ms: ** 37: Wait for Utilization heading ** started    [MsgId: MMSG-205180]	[MsgId: MMSG-205180]
t=01375154ms: Error -205177: ** 37: Wait for Utilization heading ** failed - target object was not found. Identification: Automatic       Snapshot Info [MSH 4 3]    [MsgId: MERR-205177]	[MsgId: MERR-205177]
End auto log messages stack.	[MsgId: MMSG-10544]


Start auto log messages stack - Iteration 3.	[MsgId: MMSG-10545]
t=01251891ms: ** 34: Click on SD WAN  ** started    [MsgId: MMSG-205180]	[MsgId: MMSG-205180]
t=01254157ms: ** 34: Click on SD WAN  ** successfully completed with end event 'Step synchronous network completed'    [MsgId: MMSG-205180]	[MsgId: MMSG-205180]
t=01254659ms: ** 35: Click on 6620 Wadsworth Blvd cell ** started    [MsgId: MMSG-205180]	[MsgId: MMSG-205180]
t=01254886ms: ** 35: Click on 6620 Wadsworth Blvd cell ** successfully completed with end event 'Action completed'    [MsgId: MMSG-205180]	[MsgId: MMSG-205180]
Notify: Transaction "05_SDWAN Circuit Utilization" started.	[MsgId: MMSG-16999]
t=01255391ms: ** 36: Click on 6801 S Tucson Way # 100 link ** started    [MsgId: MMSG-205180]	[MsgId: MMSG-205180]
t=01255406ms: ** 36: Click on 6801 S Tucson Way # 100 link ** successfully completed with end event 'Action completed'    [MsgId: MMSG-205180]	[MsgId: MMSG-205180]
t=01255409ms: ** 37: Wait for Utilization heading ** started    [MsgId: MMSG-205180]	[MsgId: MMSG-205180]
t=01376373ms: Error -205177: ** 37: Wait for Utilization heading ** failed - target object was not found. Identification: Automatic       Snapshot Info [MSH 3 2]    [MsgId: MERR-205177]	[MsgId: MERR-205177]
End auto log messages stack.	[MsgId: MMSG-10544]


Start auto log messages stack - Iteration 3.	[MsgId: MMSG-10545]
t=01256044ms: ** 37: Wait for Utilization heading ** successfully completed with end event 'Action completed'    [MsgId: MMSG-205180]	[MsgId: MMSG-205180]
Notify: Transaction "05_SDWAN Circuit Utilization" ended with a "Pass" status (Duration: 13.3220 Think Time: 0.0020 Wasted Time: 0.4050).	[MsgId: MMSG-16870]
Notify: Transaction "06_SDWAN Network Utilization" started.	[MsgId: MMSG-16999]
t=01256545ms: ** 38: Click on Network Overview link ** started    [MsgId: MMSG-205180]	[MsgId: MMSG-205180]
t=01256762ms: ** 38: Click on Network Overview link ** successfully completed with end event 'Action completed'    [MsgId: MMSG-205180]	[MsgId: MMSG-205180]
t=01256771ms: ** 39: Wait for SD WAN Edge Metrics heading ** started    [MsgId: MMSG-205180]	[MsgId: MMSG-205180]
t=01256978ms: ** 39: Wait for SD WAN Edge Metrics heading ** successfully completed with end event 'Action completed'    [MsgId: MMSG-205180]	[MsgId: MMSG-205180]
t=01256988ms: ** 40: Wait for Upstream  ** started    [MsgId: MMSG-205180]	[MsgId: MMSG-205180]
t=01377606ms: Error -205177: ** 40: Wait for Upstream  ** failed - target object was not found. Identification: Automatic       Snapshot Info [MSH 3 2]    [MsgId: MERR-205177]	[MsgId: MERR-205177]
End auto log messages stack.	[MsgId: MMSG-10544]


Start auto log messages stack - Iteration 4.	[MsgId: MMSG-10545]
t=01265410ms: ** 37: Wait for Utilization heading ** successfully completed with end event 'Action completed'    [MsgId: MMSG-205180]	[MsgId: MMSG-205180]
Notify: Transaction "05_SDWAN Circuit Utilization" ended with a "Pass" status (Duration: 13.3130 Think Time: 0.0030 Wasted Time: 0.4020).	[MsgId: MMSG-16870]
Notify: Transaction "06_SDWAN Network Utilization" started.	[MsgId: MMSG-16999]
t=01265912ms: ** 38: Click on Network Overview link ** started    [MsgId: MMSG-205180]	[MsgId: MMSG-205180]
t=01266138ms: ** 38: Click on Network Overview link ** successfully completed with end event 'Action completed'    [MsgId: MMSG-205180]	[MsgId: MMSG-205180]
t=01266142ms: ** 39: Wait for SD WAN Edge Metrics heading ** started    [MsgId: MMSG-205180]	[MsgId: MMSG-205180]
t=01266354ms: ** 39: Wait for SD WAN Edge Metrics heading ** successfully completed with end event 'Action completed'    [MsgId: MMSG-205180]	[MsgId: MMSG-205180]
t=01266356ms: ** 40: Wait for Upstream  ** started    [MsgId: MMSG-205180]	[MsgId: MMSG-205180]
t=01386883ms: Error -205177: ** 40: Wait for Upstream  ** failed - target object was not found. Identification: Automatic       Snapshot Info [MSH 4 3]    [MsgId: MERR-205177]	[MsgId: MERR-205177]
End auto log messages stack.	[MsgId: MMSG-10544]


Start auto log messages stack - Iteration 3.	[MsgId: MMSG-10545]
t=01281995ms: ** 37: Wait for Utilization heading ** successfully completed with end event 'Action completed'    [MsgId: MMSG-205180]	[MsgId: MMSG-205180]
Notify: Transaction "05_SDWAN Circuit Utilization" ended with a "Pass" status (Duration: 12.3420 Think Time: 0.0020 Wasted Time: 0.2030).	[MsgId: MMSG-16870]
Notify: Transaction "06_SDWAN Network Utilization" started.	[MsgId: MMSG-16999]
t=01282502ms: ** 38: Click on Network Overview link ** started    [MsgId: MMSG-205180]	[MsgId: MMSG-205180]
t=01282711ms: ** 38: Click on Network Overview link ** successfully completed with end event 'Action completed'    [MsgId: MMSG-205180]	[MsgId: MMSG-205180]
t=01282720ms: ** 39: Wait for SD WAN Edge Metrics heading ** started    [MsgId: MMSG-205180]	[MsgId: MMSG-205180]
t=01282926ms: ** 39: Wait for SD WAN Edge Metrics heading ** successfully completed with end event 'Action completed'    [MsgId: MMSG-205180]	[MsgId: MMSG-205180]
t=01282928ms: ** 40: Wait for Upstream  ** started    [MsgId: MMSG-205180]	[MsgId: MMSG-205180]
t=01403358ms: Error -205177: ** 40: Wait for Upstream  ** failed - target object was not found. Identification: Automatic       Snapshot Info [MSH 3 2]    [MsgId: MERR-205177]	[MsgId: MERR-205177]
End auto log messages stack.	[MsgId: MMSG-10544]


Start auto log messages stack - Iteration 4.	[MsgId: MMSG-10545]
t=01364940ms: ** 37: Wait for Utilization heading ** successfully completed with end event 'Action completed'    [MsgId: MMSG-205180]	[MsgId: MMSG-205180]
Notify: Transaction "05_SDWAN Circuit Utilization" ended with a "Pass" status (Duration: 12.3710 Think Time: 0.0020 Wasted Time: 0.2020).	[MsgId: MMSG-16870]
Notify: Transaction "06_SDWAN Network Utilization" started.	[MsgId: MMSG-16999]
t=01365442ms: ** 38: Click on Network Overview link ** started    [MsgId: MMSG-205180]	[MsgId: MMSG-205180]
t=01365668ms: ** 38: Click on Network Overview link ** successfully completed with end event 'Action completed'    [MsgId: MMSG-205180]	[MsgId: MMSG-205180]
t=01365672ms: ** 39: Wait for SD WAN Edge Metrics heading ** started    [MsgId: MMSG-205180]	[MsgId: MMSG-205180]
t=01365890ms: ** 39: Wait for SD WAN Edge Metrics heading ** successfully completed with end event 'Action completed'    [MsgId: MMSG-205180]	[MsgId: MMSG-205180]
t=01365890ms: ** 40: Wait for Upstream  ** started    [MsgId: MMSG-205180]	[MsgId: MMSG-205180]
t=01486317ms: Error -205177: ** 40: Wait for Upstream  ** failed - target object was not found. Identification: Automatic       Snapshot Info [MSH 4 3]    [MsgId: MERR-205177]	[MsgId: MERR-205177]
End auto log messages stack.	[MsgId: MMSG-10544]


Start auto log messages stack - Iteration 3.	[MsgId: MMSG-10545]
t=01361375ms: ** 34: Click on SD WAN  ** started    [MsgId: MMSG-205180]	[MsgId: MMSG-205180]
t=01364670ms: ** 34: Click on SD WAN  ** successfully completed with end event 'Step synchronous network completed'    [MsgId: MMSG-205180]	[MsgId: MMSG-205180]
t=01365171ms: ** 35: Click on 6620 Wadsworth Blvd cell ** started    [MsgId: MMSG-205180]	[MsgId: MMSG-205180]
t=01365390ms: ** 35: Click on 6620 Wadsworth Blvd cell ** successfully completed with end event 'Action completed'    [MsgId: MMSG-205180]	[MsgId: MMSG-205180]
Notify: Transaction "05_SDWAN Circuit Utilization" started.	[MsgId: MMSG-16999]
t=01365893ms: ** 36: Click on 6801 S Tucson Way # 100 link ** started    [MsgId: MMSG-205180]	[MsgId: MMSG-205180]
t=01365912ms: ** 36: Click on 6801 S Tucson Way # 100 link ** successfully completed with end event 'Action completed'    [MsgId: MMSG-205180]	[MsgId: MMSG-205180]
t=01365918ms: ** 37: Wait for Utilization heading ** started    [MsgId: MMSG-205180]	[MsgId: MMSG-205180]
t=01486858ms: Error -205177: ** 37: Wait for Utilization heading ** failed - target object was not found. Identification: Automatic       Snapshot Info [MSH 3 2]    [MsgId: MERR-205177]	[MsgId: MERR-205177]
End auto log messages stack.	[MsgId: MMSG-10544]


Start auto log messages stack - Iteration 3.	[MsgId: MMSG-10545]
t=01365071ms: ** 99: Click on button (1) button ** started    [MsgId: MMSG-205180]	[MsgId: MMSG-205180]
t=01365289ms: ** 99: Click on button (1) button ** successfully completed with end event 'Action completed'    [MsgId: MMSG-205180]	[MsgId: MMSG-205180]
t=01365791ms: ** 100: Set Start Date * datepicker to 24 ** started    [MsgId: MMSG-205180]	[MsgId: MMSG-205180]
t=01365890ms: ** 100: Set Start Date * datepicker to 24 ** successfully completed with end event 'Action completed'    [MsgId: MMSG-205180]	[MsgId: MMSG-205180]
Notify: Transaction "25_Non HiCap CMR" started.	[MsgId: MMSG-16999]
t=01366392ms: ** 101: Click on Submit button ** started    [MsgId: MMSG-205180]	[MsgId: MMSG-205180]
t=01366606ms: ** 101: Click on Submit button ** successfully completed with end event 'Action completed'    [MsgId: MMSG-205180]	[MsgId: MMSG-205180]
t=01366609ms: ** 102: Wait for Go Download Reports link ** started    [MsgId: MMSG-205180]	[MsgId: MMSG-205180]
t=01487561ms: Error -205177: ** 102: Wait for Go Download Reports link ** failed - target object was not found. Identification: Descriptors       Snapshot Info [MSH 3 2]    [MsgId: MERR-205177]	[MsgId: MERR-205177]
End auto log messages stack.	[MsgId: MMSG-10544]


Start auto log messages stack - Iteration 4.	[MsgId: MMSG-10545]
t=01369685ms: ** 37: Wait for Utilization heading ** successfully completed with end event 'Action completed'    [MsgId: MMSG-205180]	[MsgId: MMSG-205180]
Notify: Transaction "05_SDWAN Circuit Utilization" ended with a "Pass" status (Duration: 13.3100 Think Time: 0.0030 Wasted Time: 0.2090).	[MsgId: MMSG-16870]
Notify: Transaction "06_SDWAN Network Utilization" started.	[MsgId: MMSG-16999]
t=01370186ms: ** 38: Click on Network Overview link ** started    [MsgId: MMSG-205180]	[MsgId: MMSG-205180]
t=01370392ms: ** 38: Click on Network Overview link ** successfully completed with end event 'Action completed'    [MsgId: MMSG-205180]	[MsgId: MMSG-205180]
t=01370400ms: ** 39: Wait for SD WAN Edge Metrics heading ** started    [MsgId: MMSG-205180]	[MsgId: MMSG-205180]
t=01370604ms: ** 39: Wait for SD WAN Edge Metrics heading ** successfully completed with end event 'Action completed'    [MsgId: MMSG-205180]	[MsgId: MMSG-205180]
t=01370607ms: ** 40: Wait for Upstream  ** started    [MsgId: MMSG-205180]	[MsgId: MMSG-205180]
t=01491020ms: Error -205177: ** 40: Wait for Upstream  ** failed - target object was not found. Identification: Automatic       Snapshot Info [MSH 4 3]    [MsgId: MERR-205177]	[MsgId: MERR-205177]
End auto log messages stack.	[MsgId: MMSG-10544]


Start auto log messages stack - Iteration 3.	[MsgId: MMSG-10545]
t=01366141ms: ** 57: Wait 15 seconds ** started    [MsgId: MMSG-205180]	[MsgId: MMSG-205180]
t=01382267ms: ** 57: Wait 15 seconds ** successfully completed with end event 'Action completed'    [MsgId: MMSG-205180]	[MsgId: MMSG-205180]
t=01382269ms: ** 58: Wait for REPORTS link ** started    [MsgId: MMSG-205180]	[MsgId: MMSG-205180]
t=01382499ms: ** 58: Wait for REPORTS link ** successfully completed with end event 'Action completed'    [MsgId: MMSG-205180]	[MsgId: MMSG-205180]
Notify: Transaction "29_Reports tab" started.	[MsgId: MMSG-16999]
t=01383001ms: ** 59: Click on REPORTS link ** started    [MsgId: MMSG-205180]	[MsgId: MMSG-205180]
t=01384246ms: ** 59: Click on REPORTS link ** successfully completed with end event 'Step synchronous network completed'    [MsgId: MMSG-205180]	[MsgId: MMSG-205180]
t=01384250ms: ** 60: Wait for Created By  ** started    [MsgId: MMSG-205180]	[MsgId: MMSG-205180]
t=01504741ms: Error -205177: ** 60: Wait for Created By  ** failed - target object was not found. Identification: Automatic       Snapshot Info [MSH 3 2]    [MsgId: MERR-205177]	[MsgId: MERR-205177]
End auto log messages stack.	[MsgId: MMSG-10544]


Start auto log messages stack - Iteration 3.	[MsgId: MMSG-10545]
t=01375924ms: ** 48: Click on button (1) button ** started    [MsgId: MMSG-205180]	[MsgId: MMSG-205180]
t=01377079ms: ** 48: Click on button (1) button ** successfully completed with end event 'Step synchronous network completed'    [MsgId: MMSG-205180]	[MsgId: MMSG-205180]
t=01377583ms: ** 49: Click on Last 30 days  ** started    [MsgId: MMSG-205180]	[MsgId: MMSG-205180]
t=01378486ms: ** 49: Click on Last 30 days  ** successfully completed with end event 'Step synchronous network completed'    [MsgId: MMSG-205180]	[MsgId: MMSG-205180]
Notify: Transaction "13_FI Circuit Utilization Report" started.	[MsgId: MMSG-16999]
t=01378988ms: ** 50: Click on Submit button ** started    [MsgId: MMSG-205180]	[MsgId: MMSG-205180]
t=01386150ms: ** 50: Click on Submit button ** successfully completed with end event 'Step network completed'    [MsgId: MMSG-205180]	[MsgId: MMSG-205180]
t=01386153ms: ** 51: Wait for Go Download Reports link ** started    [MsgId: MMSG-205180]	[MsgId: MMSG-205180]
t=01507084ms: Error -205177: ** 51: Wait for Go Download Reports link ** failed - target object was not found. Identification: Descriptors       Snapshot Info [MSH 3 2]    [MsgId: MERR-205177]	[MsgId: MERR-205177]
End auto log messages stack.	[MsgId: MMSG-10544]


Start auto log messages stack - Iteration 4.	[MsgId: MMSG-10545]
t=01414297ms: ** 37: Wait for Utilization heading ** successfully completed with end event 'Action completed'    [MsgId: MMSG-205180]	[MsgId: MMSG-205180]
Notify: Transaction "05_SDWAN Circuit Utilization" ended with a "Pass" status (Duration: 10.3020 Think Time: 0.0030 Wasted Time: 0.2040).	[MsgId: MMSG-16870]
Notify: Transaction "06_SDWAN Network Utilization" started.	[MsgId: MMSG-16999]
t=01414798ms: ** 38: Click on Network Overview link ** started    [MsgId: MMSG-205180]	[MsgId: MMSG-205180]
t=01415007ms: ** 38: Click on Network Overview link ** successfully completed with end event 'Action completed'    [MsgId: MMSG-205180]	[MsgId: MMSG-205180]
t=01415013ms: ** 39: Wait for SD WAN Edge Metrics heading ** started    [MsgId: MMSG-205180]	[MsgId: MMSG-205180]
t=01415218ms: ** 39: Wait for SD WAN Edge Metrics heading ** successfully completed with end event 'Action completed'    [MsgId: MMSG-205180]	[MsgId: MMSG-205180]
t=01415221ms: ** 40: Wait for Upstream  ** started    [MsgId: MMSG-205180]	[MsgId: MMSG-205180]
t=01535582ms: Error -205177: ** 40: Wait for Upstream  ** failed - target object was not found. Identification: Automatic       Snapshot Info [MSH 4 3]    [MsgId: MERR-205177]	[MsgId: MERR-205177]
End auto log messages stack.	[MsgId: MMSG-10544]


Start auto log messages stack - Iteration 4.	[MsgId: MMSG-10545]
t=01406363ms: ** 57: Wait 15 seconds ** started    [MsgId: MMSG-205180]	[MsgId: MMSG-205180]
t=01422480ms: ** 57: Wait 15 seconds ** successfully completed with end event 'Action completed'    [MsgId: MMSG-205180]	[MsgId: MMSG-205180]
t=01422483ms: ** 58: Wait for REPORTS link ** started    [MsgId: MMSG-205180]	[MsgId: MMSG-205180]
t=01422716ms: ** 58: Wait for REPORTS link ** successfully completed with end event 'Action completed'    [MsgId: MMSG-205180]	[MsgId: MMSG-205180]
Notify: Transaction "29_Reports tab" started.	[MsgId: MMSG-16999]
t=01423218ms: ** 59: Click on REPORTS link ** started    [MsgId: MMSG-205180]	[MsgId: MMSG-205180]
t=01423925ms: ** 59: Click on REPORTS link ** successfully completed with end event 'Step synchronous network completed'    [MsgId: MMSG-205180]	[MsgId: MMSG-205180]
t=01423930ms: ** 60: Wait for Created By  ** started    [MsgId: MMSG-205180]	[MsgId: MMSG-205180]
t=01544451ms: Error -205177: ** 60: Wait for Created By  ** failed - target object was not found. Identification: Automatic       Snapshot Info [MSH 4 3]    [MsgId: MERR-205177]	[MsgId: MERR-205177]
End auto log messages stack.	[MsgId: MMSG-10544]


Start auto log messages stack - Iteration 4.	[MsgId: MMSG-10545]
t=01447014ms: ** 27: Click on button (4) button ** successfully completed with end event 'Step synchronous network completed'    [MsgId: MMSG-205180]	[MsgId: MMSG-205180]
Notify: Transaction "09_Network Circuit Create a Report" ended with a "Pass" status (Duration: 1.5980 Wasted Time: 0.3520).	[MsgId: MMSG-16871]
t=01447517ms: ** 28: Scroll on Fill Page ** started    [MsgId: MMSG-205180]	[MsgId: MMSG-205180]
t=01447728ms: ** 28: Scroll on Fill Page ** successfully completed with end event 'Action completed'    [MsgId: MMSG-205180]	[MsgId: MMSG-205180]
t=01448230ms: ** 29: Click on Last 30 days  ** started    [MsgId: MMSG-205180]	[MsgId: MMSG-205180]
t=01448454ms: ** 29: Click on Last 30 days  ** successfully completed with end event 'Action completed'    [MsgId: MMSG-205180]	[MsgId: MMSG-205180]
Notify: Transaction "10_Network Circuit Generate Report" started.	[MsgId: MMSG-16999]
t=01448957ms: ** 30: Click on Submit button ** started    [MsgId: MMSG-205180]	[MsgId: MMSG-205180]
t=01569983ms: Error -205177: ** 30: Click on Submit button ** failed - object defined in end event was not found.       Snapshot Info [MSH 4 3]    [MsgId: MERR-205177]	[MsgId: MERR-205177]
End auto log messages stack.	[MsgId: MMSG-10544]


