Start auto log messages stack - Iteration 1.	[MsgId: MMSG-10545]
t=00226389ms: ** 58: Wait for IN PROGRESS heading ** successfully completed with end event 'Action completed'    [MsgId: MMSG-205180]	[MsgId: MMSG-205180]
t=00226405ms: ** 59: Wait for TOP 5 RESOLUTIONS heading ** started    [MsgId: MMSG-205180]	[MsgId: MMSG-205180]
t=00244924ms: ** 59: Wait for TOP 5 RESOLUTIONS heading ** successfully completed with end event 'Action completed'    [MsgId: MMSG-205180]	[MsgId: MMSG-205180]
Notify: Transaction "30_Support Overview" ended with a "Pass" status (Duration: 19.8140 Think Time: 0.0150 Wasted Time: 0.4080).	[MsgId: MMSG-16870]
Notify: Transaction "31_Support Ticket" started.	[MsgId: MMSG-16999]
t=00245431ms: ** 60: Click on Tickets link ** started    [MsgId: MMSG-205180]	[MsgId: MMSG-205180]
t=00245449ms: ** 60: Click on Tickets link ** successfully completed with end event 'Action completed'    [MsgId: MMSG-205180]	[MsgId: MMSG-205180]
t=00245450ms: ** 61: Wait for Ticket ID  ** started    [MsgId: MMSG-205180]	[MsgId: MMSG-205180]
t=00366363ms: Error -205177: ** 61: Wait for Ticket ID  ** failed - target object was not found. Identification: Automatic       Snapshot Info [MSH 1 0]    [MsgId: MERR-205177]	[MsgId: MERR-205177]
End auto log messages stack.	[MsgId: MMSG-10544]


Start auto log messages stack - Iteration 1.	[MsgId: MMSG-10545]
t=00254631ms: ** 4: Type perftest087@mailinator.com in Username emailbox ** successfully completed with end event 'Action completed'    [MsgId: MMSG-205180]	[MsgId: MMSG-205180]
t=00255135ms: ** 5: Type ******** in Password passwordbox ** started    [MsgId: MMSG-205180]	[MsgId: MMSG-205180]
t=00255902ms: ** 5: Type ******** in Password passwordbox ** successfully completed with end event 'Action completed'    [MsgId: MMSG-205180]	[MsgId: MMSG-205180]
Notify: Transaction "02_Login" started.	[MsgId: MMSG-16999]
t=00256404ms: ** 6: Click on Sign In button ** started    [MsgId: MMSG-205180]	[MsgId: MMSG-205180]
t=00257569ms: ** 6: Click on Sign In button ** successfully completed with end event 'Step network completed'    [MsgId: MMSG-205180]	[MsgId: MMSG-205180]
Notify: Transaction "02_Login" ended with a "Pass" status (Duration: 1.1720 Wasted Time: 0.3510).	[MsgId: MMSG-16871]
t=00257584ms: ** 7: Wait for All Network Services  ** started    [MsgId: MMSG-205180]	[MsgId: MMSG-205180]
t=00378453ms: Error -205177: ** 7: Wait for All Network Services  ** failed - target object was not found. Identification: Automatic       Snapshot Info [MSH 1 0]    [MsgId: MERR-205177]	[MsgId: MERR-205177]
Start auto log messages stack - Iteration 1.	[MsgId: MMSG-10545]
t=00227905ms: ** 60: Click on Tickets link ** started    [MsgId: MMSG-205180]	[MsgId: MMSG-205180]
t=00227923ms: ** 60: Click on Tickets link ** successfully completed with end event 'Action completed'    [MsgId: MMSG-205180]	[MsgId: MMSG-205180]
t=00227928ms: ** 61: Wait for Ticket ID  ** started    [MsgId: MMSG-205180]	[MsgId: MMSG-205180]
t=00272970ms: ** 61: Wait for Ticket ID  ** successfully completed with end event 'Action completed'    [MsgId: MMSG-205180]	[MsgId: MMSG-205180]
Notify: Transaction "31_Support Ticket" ended with a "Pass" status (Duration: 45.0660 Think Time: 0.0030 Wasted Time: 0.2030).	[MsgId: MMSG-16870]
t=00273479ms: ** 62: Click on LOCATIONS link ** started    [MsgId: MMSG-205180]	[MsgId: MMSG-205180]
t=00273816ms: ** 62: Click on LOCATIONS link ** successfully completed with end event 'Step synchronous network completed'    [MsgId: MMSG-205180]	[MsgId: MMSG-205180]
t=00273820ms: ** 63: Wait for Voice Trunking link ** started    [MsgId: MMSG-205180]	[MsgId: MMSG-205180]
t=00394666ms: Error -205177: ** 63: Wait for Voice Trunking link ** failed - target object was not found. Identification: Descriptors       Snapshot Info [MSH 1 0]    [MsgId: MERR-205177]	[MsgId: MERR-205177]
Start auto log messages stack - Iteration 1.	[MsgId: MMSG-10545]
t=00270114ms: ** 4: Type perftest088@mailinator.com in Username emailbox ** successfully completed with end event 'Action completed'    [MsgId: MMSG-205180]	[MsgId: MMSG-205180]
t=00270617ms: ** 5: Type ******** in Password passwordbox ** started    [MsgId: MMSG-205180]	[MsgId: MMSG-205180]
t=00271335ms: ** 5: Type ******** in Password passwordbox ** successfully completed with end event 'Action completed'    [MsgId: MMSG-205180]	[MsgId: MMSG-205180]
Notify: Transaction "02_Login" started.	[MsgId: MMSG-16999]
t=00271837ms: ** 6: Click on Sign In button ** started    [MsgId: MMSG-205180]	[MsgId: MMSG-205180]
t=00273929ms: ** 6: Click on Sign In button ** successfully completed with end event 'Step network completed'    [MsgId: MMSG-205180]	[MsgId: MMSG-205180]
Notify: Transaction "02_Login" ended with a "Pass" status (Duration: 2.0930 Wasted Time: 0.3520).	[MsgId: MMSG-16871]
t=00273933ms: ** 7: Wait for All Network Services  ** started    [MsgId: MMSG-205180]	[MsgId: MMSG-205180]
t=00394811ms: Error -205177: ** 7: Wait for All Network Services  ** failed - target object was not found. Identification: Automatic       Snapshot Info [MSH 1 0]    [MsgId: MERR-205177]	[MsgId: MERR-205177]
Start auto log messages stack - Iteration 1.	[MsgId: MMSG-10545]
t=00259735ms: ** 58: Wait for IN PROGRESS heading ** successfully completed with end event 'Action completed'    [MsgId: MMSG-205180]	[MsgId: MMSG-205180]
t=00259748ms: ** 59: Wait for TOP 5 RESOLUTIONS heading ** started    [MsgId: MMSG-205180]	[MsgId: MMSG-205180]
t=00274161ms: ** 59: Wait for TOP 5 RESOLUTIONS heading ** successfully completed with end event 'Action completed'    [MsgId: MMSG-205180]	[MsgId: MMSG-205180]
Notify: Transaction "30_Support Overview" ended with a "Pass" status (Duration: 15.8020 Think Time: 0.0040 Wasted Time: 0.4020).	[MsgId: MMSG-16870]
Notify: Transaction "31_Support Ticket" started.	[MsgId: MMSG-16999]
t=00274666ms: ** 60: Click on Tickets link ** started    [MsgId: MMSG-205180]	[MsgId: MMSG-205180]
t=00274700ms: ** 60: Click on Tickets link ** successfully completed with end event 'Action completed'    [MsgId: MMSG-205180]	[MsgId: MMSG-205180]
t=00274701ms: ** 61: Wait for Ticket ID  ** started    [MsgId: MMSG-205180]	[MsgId: MMSG-205180]
t=00395663ms: Error -205177: ** 61: Wait for Ticket ID  ** failed - target object was not found. Identification: Automatic       Snapshot Info [MSH 1 0]    [MsgId: MERR-205177]	[MsgId: MERR-205177]
End auto log messages stack.	[MsgId: MMSG-10544]


Start auto log messages stack - Iteration 1.	[MsgId: MMSG-10545]
t=00247549ms: ** 60: Click on Tickets link ** started    [MsgId: MMSG-205180]	[MsgId: MMSG-205180]
t=00247562ms: ** 60: Click on Tickets link ** successfully completed with end event 'Action completed'    [MsgId: MMSG-205180]	[MsgId: MMSG-205180]
t=00247567ms: ** 61: Wait for Ticket ID  ** started    [MsgId: MMSG-205180]	[MsgId: MMSG-205180]
t=00282197ms: ** 61: Wait for Ticket ID  ** successfully completed with end event 'Action completed'    [MsgId: MMSG-205180]	[MsgId: MMSG-205180]
Notify: Transaction "31_Support Ticket" ended with a "Pass" status (Duration: 34.6480 Think Time: 0.0020 Wasted Time: 0.2040).	[MsgId: MMSG-16870]
t=00282699ms: ** 62: Click on LOCATIONS link ** started    [MsgId: MMSG-205180]	[MsgId: MMSG-205180]
t=00283016ms: ** 62: Click on LOCATIONS link ** successfully completed with end event 'Step synchronous network completed'    [MsgId: MMSG-205180]	[MsgId: MMSG-205180]
t=00283020ms: ** 63: Wait for Voice Trunking link ** started    [MsgId: MMSG-205180]	[MsgId: MMSG-205180]
t=00404225ms: Error -205177: ** 63: Wait for Voice Trunking link ** failed - target object was not found. Identification: Descriptors       Snapshot Info [MSH 1 0]    [MsgId: MERR-205177]	[MsgId: MERR-205177]
Start auto log messages stack - Iteration 1.	[MsgId: MMSG-10545]
t=00251746ms: ** 60: Click on Tickets link ** started    [MsgId: MMSG-205180]	[MsgId: MMSG-205180]
t=00251757ms: ** 60: Click on Tickets link ** successfully completed with end event 'Action completed'    [MsgId: MMSG-205180]	[MsgId: MMSG-205180]
t=00251763ms: ** 61: Wait for Ticket ID  ** started    [MsgId: MMSG-205180]	[MsgId: MMSG-205180]
t=00290363ms: ** 61: Wait for Ticket ID  ** successfully completed with end event 'Action completed'    [MsgId: MMSG-205180]	[MsgId: MMSG-205180]
Notify: Transaction "31_Support Ticket" ended with a "Pass" status (Duration: 38.6190 Think Time: 0.0040 Wasted Time: 0.2030).	[MsgId: MMSG-16870]
t=00290865ms: ** 62: Click on LOCATIONS link ** started    [MsgId: MMSG-205180]	[MsgId: MMSG-205180]
t=00291160ms: ** 62: Click on LOCATIONS link ** successfully completed with end event 'Step synchronous network completed'    [MsgId: MMSG-205180]	[MsgId: MMSG-205180]
t=00291162ms: ** 63: Wait for Voice Trunking link ** started    [MsgId: MMSG-205180]	[MsgId: MMSG-205180]
t=00412196ms: Error -205177: ** 63: Wait for Voice Trunking link ** failed - target object was not found. Identification: Descriptors       Snapshot Info [MSH 1 0]    [MsgId: MERR-205177]	[MsgId: MERR-205177]
Start auto log messages stack - Iteration 1.	[MsgId: MMSG-10545]
t=00161636ms: ** 4: Type perftest081@mailinator.com in Username emailbox ** successfully completed with end event 'Action completed'    [MsgId: MMSG-205180]	[MsgId: MMSG-205180]
t=00162138ms: ** 5: Type ******** in Password passwordbox ** started    [MsgId: MMSG-205180]	[MsgId: MMSG-205180]
t=00162710ms: ** 5: Type ******** in Password passwordbox ** successfully completed with end event 'Action completed'    [MsgId: MMSG-205180]	[MsgId: MMSG-205180]
Notify: Transaction "02_Login" started.	[MsgId: MMSG-16999]
t=00163213ms: ** 6: Click on Sign In button ** started    [MsgId: MMSG-205180]	[MsgId: MMSG-205180]
t=00333328ms: ** 6: Click on Sign In button ** successfully completed with end event 'Step network completed'    [MsgId: MMSG-205180]	[MsgId: MMSG-205180]
Notify: Transaction "02_Login" ended with a "Pass" status (Duration: 170.1150 Wasted Time: 0.3540).	[MsgId: MMSG-16871]
t=00333330ms: ** 7: Wait for All Network Services  ** started    [MsgId: MMSG-205180]	[MsgId: MMSG-205180]
t=00453993ms: Error -205177: ** 7: Wait for All Network Services  ** failed - target object was not found. Identification: Automatic       Snapshot Info [MSH 1 0]    [MsgId: MERR-205177]	[MsgId: MERR-205177]
Start auto log messages stack - Iteration 1.	[MsgId: MMSG-10545]
t=00207036ms: ** 4: Type perftest084@mailinator.com in Username emailbox ** successfully completed with end event 'Action completed'    [MsgId: MMSG-205180]	[MsgId: MMSG-205180]
t=00207538ms: ** 5: Type ******** in Password passwordbox ** started    [MsgId: MMSG-205180]	[MsgId: MMSG-205180]
t=00208106ms: ** 5: Type ******** in Password passwordbox ** successfully completed with end event 'Action completed'    [MsgId: MMSG-205180]	[MsgId: MMSG-205180]
Notify: Transaction "02_Login" started.	[MsgId: MMSG-16999]
t=00208610ms: ** 6: Click on Sign In button ** started    [MsgId: MMSG-205180]	[MsgId: MMSG-205180]
t=00350274ms: ** 6: Click on Sign In button ** successfully completed with end event 'Step network completed'    [MsgId: MMSG-205180]	[MsgId: MMSG-205180]
Notify: Transaction "02_Login" ended with a "Pass" status (Duration: 141.6620 Wasted Time: 0.3520).	[MsgId: MMSG-16871]
t=00350276ms: ** 7: Wait for All Network Services  ** started    [MsgId: MMSG-205180]	[MsgId: MMSG-205180]
t=00471144ms: Error -205177: ** 7: Wait for All Network Services  ** failed - target object was not found. Identification: Automatic       Snapshot Info [MSH 1 0]    [MsgId: MERR-205177]	[MsgId: MERR-205177]
Start auto log messages stack - Iteration 1.	[MsgId: MMSG-10545]
t=00311100ms: ** 58: Wait for IN PROGRESS heading ** successfully completed with end event 'Action completed'    [MsgId: MMSG-205180]	[MsgId: MMSG-205180]
t=00311103ms: ** 59: Wait for TOP 5 RESOLUTIONS heading ** started    [MsgId: MMSG-205180]	[MsgId: MMSG-205180]
t=00363706ms: ** 59: Wait for TOP 5 RESOLUTIONS heading ** successfully completed with end event 'Action completed'    [MsgId: MMSG-205180]	[MsgId: MMSG-205180]
Notify: Transaction "30_Support Overview" ended with a "Pass" status (Duration: 53.8710 Think Time: 0.0040 Wasted Time: 0.4030).	[MsgId: MMSG-16870]
Notify: Transaction "31_Support Ticket" started.	[MsgId: MMSG-16999]
t=00364209ms: ** 60: Click on Tickets link ** started    [MsgId: MMSG-205180]	[MsgId: MMSG-205180]
t=00364218ms: ** 60: Click on Tickets link ** successfully completed with end event 'Action completed'    [MsgId: MMSG-205180]	[MsgId: MMSG-205180]
t=00364224ms: ** 61: Wait for Ticket ID  ** started    [MsgId: MMSG-205180]	[MsgId: MMSG-205180]
t=00485175ms: Error -205177: ** 61: Wait for Ticket ID  ** failed - target object was not found. Identification: Automatic       Snapshot Info [MSH 1 0]    [MsgId: MERR-205177]	[MsgId: MERR-205177]
End auto log messages stack.	[MsgId: MMSG-10544]


Start auto log messages stack - Iteration 1.	[MsgId: MMSG-10545]
t=00358642ms: ** 60: Click on Tickets link ** started    [MsgId: MMSG-205180]	[MsgId: MMSG-205180]
t=00358657ms: ** 60: Click on Tickets link ** successfully completed with end event 'Action completed'    [MsgId: MMSG-205180]	[MsgId: MMSG-205180]
t=00358657ms: ** 61: Wait for Ticket ID  ** started    [MsgId: MMSG-205180]	[MsgId: MMSG-205180]
t=00385980ms: ** 61: Wait for Ticket ID  ** successfully completed with end event 'Action completed'    [MsgId: MMSG-205180]	[MsgId: MMSG-205180]
Notify: Transaction "31_Support Ticket" ended with a "Pass" status (Duration: 27.3430 Think Time: 0.0020 Wasted Time: 0.2020).	[MsgId: MMSG-16870]
t=00386482ms: ** 62: Click on LOCATIONS link ** started    [MsgId: MMSG-205180]	[MsgId: MMSG-205180]
t=00386779ms: ** 62: Click on LOCATIONS link ** successfully completed with end event 'Step synchronous network completed'    [MsgId: MMSG-205180]	[MsgId: MMSG-205180]
t=00386781ms: ** 63: Wait for Voice Trunking link ** started    [MsgId: MMSG-205180]	[MsgId: MMSG-205180]
t=00507828ms: Error -205177: ** 63: Wait for Voice Trunking link ** failed - target object was not found. Identification: Descriptors       Snapshot Info [MSH 1 0]    [MsgId: MERR-205177]	[MsgId: MERR-205177]
Start auto log messages stack - Iteration 1.	[MsgId: MMSG-10545]
t=00379410ms: ** 60: Click on Tickets link ** started    [MsgId: MMSG-205180]	[MsgId: MMSG-205180]
t=00379430ms: ** 60: Click on Tickets link ** successfully completed with end event 'Action completed'    [MsgId: MMSG-205180]	[MsgId: MMSG-205180]
t=00379433ms: ** 61: Wait for Ticket ID  ** started    [MsgId: MMSG-205180]	[MsgId: MMSG-205180]
t=00404832ms: ** 61: Wait for Ticket ID  ** successfully completed with end event 'Action completed'    [MsgId: MMSG-205180]	[MsgId: MMSG-205180]
Notify: Transaction "31_Support Ticket" ended with a "Pass" status (Duration: 25.4250 Think Time: 0.0020 Wasted Time: 0.2020).	[MsgId: MMSG-16870]
t=00405337ms: ** 62: Click on LOCATIONS link ** started    [MsgId: MMSG-205180]	[MsgId: MMSG-205180]
t=00405616ms: ** 62: Click on LOCATIONS link ** successfully completed with end event 'Step synchronous network completed'    [MsgId: MMSG-205180]	[MsgId: MMSG-205180]
t=00405624ms: ** 63: Wait for Voice Trunking link ** started    [MsgId: MMSG-205180]	[MsgId: MMSG-205180]
t=00526986ms: Error -205177: ** 63: Wait for Voice Trunking link ** failed - target object was not found. Identification: Descriptors       Snapshot Info [MSH 1 0]    [MsgId: MERR-205177]	[MsgId: MERR-205177]
Start auto log messages stack - Iteration 1.	[MsgId: MMSG-10545]
t=00430946ms: ** 60: Click on Tickets link ** started    [MsgId: MMSG-205180]	[MsgId: MMSG-205180]
t=00430987ms: ** 60: Click on Tickets link ** successfully completed with end event 'Action completed'    [MsgId: MMSG-205180]	[MsgId: MMSG-205180]
t=00430987ms: ** 61: Wait for Ticket ID  ** started    [MsgId: MMSG-205180]	[MsgId: MMSG-205180]
t=00468002ms: ** 61: Wait for Ticket ID  ** successfully completed with end event 'Action completed'    [MsgId: MMSG-205180]	[MsgId: MMSG-205180]
Notify: Transaction "31_Support Ticket" ended with a "Pass" status (Duration: 37.0620 Think Time: 0.0020 Wasted Time: 0.2040).	[MsgId: MMSG-16870]
t=00468507ms: ** 62: Click on LOCATIONS link ** started    [MsgId: MMSG-205180]	[MsgId: MMSG-205180]
t=00468839ms: ** 62: Click on LOCATIONS link ** successfully completed with end event 'Step synchronous network completed'    [MsgId: MMSG-205180]	[MsgId: MMSG-205180]
t=00468843ms: ** 63: Wait for Voice Trunking link ** started    [MsgId: MMSG-205180]	[MsgId: MMSG-205180]
t=00589571ms: Error -205177: ** 63: Wait for Voice Trunking link ** failed - target object was not found. Identification: Descriptors       Snapshot Info [MSH 1 0]    [MsgId: MERR-205177]	[MsgId: MERR-205177]
End auto log messages stack.	[MsgId: MMSG-10544]


