Start auto log messages stack - Iteration 1.	[MsgId: MMSG-10545]
Notify: Transaction "01_Launch" started.	[MsgId: MMSG-16999]
t=00124186ms: ** 1: Navigate to "https://stage-spectrume...prise.net/login" ** started    [MsgId: MMSG-205180]	[MsgId: MMSG-205180]
t=00129845ms: ** 1: Navigate to https://stage-spectrumenterprise.net/login ** successfully completed with end event 'Step synchronous network completed'    [MsgId: MMSG-205180]	[MsgId: MMSG-205180]
t=00129849ms: ** 2: Wait for Sign In button ** started    [MsgId: MMSG-205180]	[MsgId: MMSG-205180]
t=00251221ms: Error -205177: ** 2: Wait for Sign In button ** failed - target object was not found. Identification: Automatic       Snapshot Info [MSH 1 0]    [MsgId: MERR-205177]	[MsgId: MERR-205177]
End auto log messages stack.	[MsgId: MMSG-10544]


Start auto log messages stack - Iteration 1.	[MsgId: MMSG-10545]
Notify: Transaction "01_Launch" started.	[MsgId: MMSG-16999]
t=00215086ms: ** 1: Navigate to "https://stage-spectrume...prise.net/login" ** started    [MsgId: MMSG-205180]	[MsgId: MMSG-205180]
t=00220883ms: ** 1: Navigate to https://stage-spectrumenterprise.net/login ** successfully completed with end event 'Step synchronous network completed'    [MsgId: MMSG-205180]	[MsgId: MMSG-205180]
t=00220887ms: ** 2: Wait for Sign In button ** started    [MsgId: MMSG-205180]	[MsgId: MMSG-205180]
t=00341559ms: Error -205177: ** 2: Wait for Sign In button ** failed - target object was not found. Identification: Automatic       Snapshot Info [MSH 1 0]    [MsgId: MERR-205177]	[MsgId: MERR-205177]
End auto log messages stack.	[MsgId: MMSG-10544]


Start auto log messages stack - Iteration 1.	[MsgId: MMSG-10545]
t=00222901ms: ** 37: Wait for Utilization heading ** successfully completed with end event 'Action completed'    [MsgId: MMSG-205180]	[MsgId: MMSG-205180]
Notify: Transaction "05_SDWAN Circuit Utilization" ended with a "Pass" status (Duration: 12.3200 Think Time: 0.0020 Wasted Time: 0.2050).	[MsgId: MMSG-16870]
Notify: Transaction "06_SDWAN Network Utilization" started.	[MsgId: MMSG-16999]
t=00223403ms: ** 38: Click on Network Overview link ** started    [MsgId: MMSG-205180]	[MsgId: MMSG-205180]
t=00223622ms: ** 38: Click on Network Overview link ** successfully completed with end event 'Action completed'    [MsgId: MMSG-205180]	[MsgId: MMSG-205180]
t=00223628ms: ** 39: Wait for SD WAN Edge Metrics heading ** started    [MsgId: MMSG-205180]	[MsgId: MMSG-205180]
t=00223836ms: ** 39: Wait for SD WAN Edge Metrics heading ** successfully completed with end event 'Action completed'    [MsgId: MMSG-205180]	[MsgId: MMSG-205180]
t=00223839ms: ** 40: Wait for Upstream  ** started    [MsgId: MMSG-205180]	[MsgId: MMSG-205180]
t=00344452ms: Error -205177: ** 40: Wait for Upstream  ** failed - target object was not found. Identification: Automatic       Snapshot Info [MSH 1 0]    [MsgId: MERR-205177]	[MsgId: MERR-205177]
End auto log messages stack.	[MsgId: MMSG-10544]


Start auto log messages stack - Iteration 1.	[MsgId: MMSG-10545]
t=00249768ms: ** 1: Navigate to https://stage-spectrumenterprise.net/login ** successfully completed with end event 'Step synchronous network completed'    [MsgId: MMSG-205180]	[MsgId: MMSG-205180]
t=00249774ms: ** 2: Wait for Sign In button ** started    [MsgId: MMSG-205180]	[MsgId: MMSG-205180]
t=00251751ms: ** 2: Wait for Sign In button ** successfully completed with end event 'Action completed'    [MsgId: MMSG-205180]	[MsgId: MMSG-205180]
Notify: Transaction "01_Launch" ended with a "Pass" status (Duration: 6.3650 Think Time: 0.0020 Wasted Time: 2.8740).	[MsgId: MMSG-16870]
t=00252253ms: ** 3: Reload current page ** started    [MsgId: MMSG-205180]	[MsgId: MMSG-205180]
t=00257187ms: ** 3: Reload current page ** successfully completed with end event 'Step synchronous network completed'    [MsgId: MMSG-205180]	[MsgId: MMSG-205180]
t=00257691ms: ** 4: Type Username1 in Username emailbox ** started    [MsgId: MMSG-205180]	[MsgId: MMSG-205180]
t=00378346ms: Error -205177: ** 4: Type Username1 in Username emailbox ** failed - target object was not found. Identification: Automatic       Snapshot Info [MSH 1 0]    [MsgId: MERR-205177]	[MsgId: MERR-205177]
Start auto log messages stack - Iteration 1.	[MsgId: MMSG-10545]
t=00296374ms: ** 99: Click on button (1) button ** started    [MsgId: MMSG-205180]	[MsgId: MMSG-205180]
t=00296596ms: ** 99: Click on button (1) button ** successfully completed with end event 'Action completed'    [MsgId: MMSG-205180]	[MsgId: MMSG-205180]
t=00297098ms: ** 100: Set Start Date * datepicker to 24 ** started    [MsgId: MMSG-205180]	[MsgId: MMSG-205180]
t=00297197ms: ** 100: Set Start Date * datepicker to 24 ** successfully completed with end event 'Action completed'    [MsgId: MMSG-205180]	[MsgId: MMSG-205180]
Notify: Transaction "25_Non HiCap CMR" started.	[MsgId: MMSG-16999]
t=00297699ms: ** 101: Click on Submit button ** started    [MsgId: MMSG-205180]	[MsgId: MMSG-205180]
t=00297912ms: ** 101: Click on Submit button ** successfully completed with end event 'Action completed'    [MsgId: MMSG-205180]	[MsgId: MMSG-205180]
t=00297915ms: ** 102: Wait for Go Download Reports link ** started    [MsgId: MMSG-205180]	[MsgId: MMSG-205180]
t=00418877ms: Error -205177: ** 102: Wait for Go Download Reports link ** failed - target object was not found. Identification: Descriptors       Snapshot Info [MSH 1 0]    [MsgId: MERR-205177]	[MsgId: MERR-205177]
End auto log messages stack.	[MsgId: MMSG-10544]


Start auto log messages stack - Iteration 1.	[MsgId: MMSG-10545]
t=00300313ms: ** 27: Click on button (4) button ** successfully completed with end event 'Step synchronous network completed'    [MsgId: MMSG-205180]	[MsgId: MMSG-205180]
Notify: Transaction "09_Network Circuit Create a Report" ended with a "Pass" status (Duration: 1.8990 Wasted Time: 0.3570).	[MsgId: MMSG-16871]
t=00300814ms: ** 28: Scroll on Fill Page ** started    [MsgId: MMSG-205180]	[MsgId: MMSG-205180]
t=00301027ms: ** 28: Scroll on Fill Page ** successfully completed with end event 'Action completed'    [MsgId: MMSG-205180]	[MsgId: MMSG-205180]
t=00301529ms: ** 29: Click on Last 30 days  ** started    [MsgId: MMSG-205180]	[MsgId: MMSG-205180]
t=00301760ms: ** 29: Click on Last 30 days  ** successfully completed with end event 'Action completed'    [MsgId: MMSG-205180]	[MsgId: MMSG-205180]
Notify: Transaction "10_Network Circuit Generate Report" started.	[MsgId: MMSG-16999]
t=00302263ms: ** 30: Click on Submit button ** started    [MsgId: MMSG-205180]	[MsgId: MMSG-205180]
t=00423347ms: Error -205177: ** 30: Click on Submit button ** failed - object defined in end event was not found.       Snapshot Info [MSH 1 0]    [MsgId: MERR-205177]	[MsgId: MERR-205177]
End auto log messages stack.	[MsgId: MMSG-10544]


Start auto log messages stack - Iteration 1.	[MsgId: MMSG-10545]
t=00311517ms: ** 99: Click on button (1) button ** started    [MsgId: MMSG-205180]	[MsgId: MMSG-205180]
t=00311736ms: ** 99: Click on button (1) button ** successfully completed with end event 'Action completed'    [MsgId: MMSG-205180]	[MsgId: MMSG-205180]
t=00312242ms: ** 100: Set Start Date * datepicker to 24 ** started    [MsgId: MMSG-205180]	[MsgId: MMSG-205180]
t=00312342ms: ** 100: Set Start Date * datepicker to 24 ** successfully completed with end event 'Action completed'    [MsgId: MMSG-205180]	[MsgId: MMSG-205180]
Notify: Transaction "25_Non HiCap CMR" started.	[MsgId: MMSG-16999]
t=00312832ms: ** 101: Click on Submit button ** started    [MsgId: MMSG-205180]	[MsgId: MMSG-205180]
t=00313044ms: ** 101: Click on Submit button ** successfully completed with end event 'Action completed'    [MsgId: MMSG-205180]	[MsgId: MMSG-205180]
t=00313047ms: ** 102: Wait for Go Download Reports link ** started    [MsgId: MMSG-205180]	[MsgId: MMSG-205180]
t=00433937ms: Error -205177: ** 102: Wait for Go Download Reports link ** failed - target object was not found. Identification: Descriptors       Snapshot Info [MSH 1 0]    [MsgId: MERR-205177]	[MsgId: MERR-205177]
End auto log messages stack.	[MsgId: MMSG-10544]


Start auto log messages stack - Iteration 1.	[MsgId: MMSG-10545]
t=00298360ms: ** 57: Wait 15 seconds ** started    [MsgId: MMSG-205180]	[MsgId: MMSG-205180]
t=00314157ms: ** 57: Wait 15 seconds ** successfully completed with end event 'Action completed'    [MsgId: MMSG-205180]	[MsgId: MMSG-205180]
t=00314159ms: ** 58: Wait for REPORTS link ** started    [MsgId: MMSG-205180]	[MsgId: MMSG-205180]
t=00314387ms: ** 58: Wait for REPORTS link ** successfully completed with end event 'Action completed'    [MsgId: MMSG-205180]	[MsgId: MMSG-205180]
Notify: Transaction "29_Reports tab" started.	[MsgId: MMSG-16999]
t=00314889ms: ** 59: Click on REPORTS link ** started    [MsgId: MMSG-205180]	[MsgId: MMSG-205180]
t=00316228ms: ** 59: Click on REPORTS link ** successfully completed with end event 'Step synchronous network completed'    [MsgId: MMSG-205180]	[MsgId: MMSG-205180]
t=00316230ms: ** 60: Wait for Created By  ** started    [MsgId: MMSG-205180]	[MsgId: MMSG-205180]
t=00436754ms: Error -205177: ** 60: Wait for Created By  ** failed - target object was not found. Identification: Automatic       Snapshot Info [MSH 1 0]    [MsgId: MERR-205177]	[MsgId: MERR-205177]
End auto log messages stack.	[MsgId: MMSG-10544]


Start auto log messages stack - Iteration 1.	[MsgId: MMSG-10545]
t=00335998ms: ** 99: Click on button (1) button ** started    [MsgId: MMSG-205180]	[MsgId: MMSG-205180]
t=00336220ms: ** 99: Click on button (1) button ** successfully completed with end event 'Action completed'    [MsgId: MMSG-205180]	[MsgId: MMSG-205180]
t=00336722ms: ** 100: Set Start Date * datepicker to 24 ** started    [MsgId: MMSG-205180]	[MsgId: MMSG-205180]
t=00336793ms: ** 100: Set Start Date * datepicker to 24 ** successfully completed with end event 'Action completed'    [MsgId: MMSG-205180]	[MsgId: MMSG-205180]
Notify: Transaction "25_Non HiCap CMR" started.	[MsgId: MMSG-16999]
t=00337294ms: ** 101: Click on Submit button ** started    [MsgId: MMSG-205180]	[MsgId: MMSG-205180]
t=00337506ms: ** 101: Click on Submit button ** successfully completed with end event 'Action completed'    [MsgId: MMSG-205180]	[MsgId: MMSG-205180]
t=00337509ms: ** 102: Wait for Go Download Reports link ** started    [MsgId: MMSG-205180]	[MsgId: MMSG-205180]
t=00458440ms: Error -205177: ** 102: Wait for Go Download Reports link ** failed - target object was not found. Identification: Descriptors       Snapshot Info [MSH 1 0]    [MsgId: MERR-205177]	[MsgId: MERR-205177]
End auto log messages stack.	[MsgId: MMSG-10544]


Start auto log messages stack - Iteration 1.	[MsgId: MMSG-10545]
t=00348841ms: ** 99: Click on button (1) button ** started    [MsgId: MMSG-205180]	[MsgId: MMSG-205180]
t=00349059ms: ** 99: Click on button (1) button ** successfully completed with end event 'Action completed'    [MsgId: MMSG-205180]	[MsgId: MMSG-205180]
t=00349562ms: ** 100: Set Start Date * datepicker to 24 ** started    [MsgId: MMSG-205180]	[MsgId: MMSG-205180]
t=00349627ms: ** 100: Set Start Date * datepicker to 24 ** successfully completed with end event 'Action completed'    [MsgId: MMSG-205180]	[MsgId: MMSG-205180]
Notify: Transaction "25_Non HiCap CMR" started.	[MsgId: MMSG-16999]
t=00350128ms: ** 101: Click on Submit button ** started    [MsgId: MMSG-205180]	[MsgId: MMSG-205180]
t=00350336ms: ** 101: Click on Submit button ** successfully completed with end event 'Action completed'    [MsgId: MMSG-205180]	[MsgId: MMSG-205180]
t=00350340ms: ** 102: Wait for Go Download Reports link ** started    [MsgId: MMSG-205180]	[MsgId: MMSG-205180]
t=00471286ms: Error -205177: ** 102: Wait for Go Download Reports link ** failed - target object was not found. Identification: Descriptors       Snapshot Info [MSH 1 0]    [MsgId: MERR-205177]	[MsgId: MERR-205177]
End auto log messages stack.	[MsgId: MMSG-10544]


Start auto log messages stack - Iteration 1.	[MsgId: MMSG-10545]
t=00386044ms: ** 99: Click on button (1) button ** started    [MsgId: MMSG-205180]	[MsgId: MMSG-205180]
t=00386272ms: ** 99: Click on button (1) button ** successfully completed with end event 'Action completed'    [MsgId: MMSG-205180]	[MsgId: MMSG-205180]
t=00386775ms: ** 100: Set Start Date * datepicker to 24 ** started    [MsgId: MMSG-205180]	[MsgId: MMSG-205180]
t=00386857ms: ** 100: Set Start Date * datepicker to 24 ** successfully completed with end event 'Action completed'    [MsgId: MMSG-205180]	[MsgId: MMSG-205180]
Notify: Transaction "25_Non HiCap CMR" started.	[MsgId: MMSG-16999]
t=00387357ms: ** 101: Click on Submit button ** started    [MsgId: MMSG-205180]	[MsgId: MMSG-205180]
t=00387564ms: ** 101: Click on Submit button ** successfully completed with end event 'Action completed'    [MsgId: MMSG-205180]	[MsgId: MMSG-205180]
t=00387570ms: ** 102: Wait for Go Download Reports link ** started    [MsgId: MMSG-205180]	[MsgId: MMSG-205180]
t=00508467ms: Error -205177: ** 102: Wait for Go Download Reports link ** failed - target object was not found. Identification: Descriptors       Snapshot Info [MSH 1 0]    [MsgId: MERR-205177]	[MsgId: MERR-205177]
End auto log messages stack.	[MsgId: MMSG-10544]


Start auto log messages stack - Iteration 1.	[MsgId: MMSG-10545]
t=00402713ms: ** 27: Click on button (4) button ** successfully completed with end event 'Step synchronous network completed'    [MsgId: MMSG-205180]	[MsgId: MMSG-205180]
Notify: Transaction "09_Network Circuit Create a Report" ended with a "Pass" status (Duration: 1.6300 Wasted Time: 0.3530).	[MsgId: MMSG-16871]
t=00403216ms: ** 28: Scroll on Fill Page ** started    [MsgId: MMSG-205180]	[MsgId: MMSG-205180]
t=00403428ms: ** 28: Scroll on Fill Page ** successfully completed with end event 'Action completed'    [MsgId: MMSG-205180]	[MsgId: MMSG-205180]
t=00403929ms: ** 29: Click on Last 30 days  ** started    [MsgId: MMSG-205180]	[MsgId: MMSG-205180]
t=00404157ms: ** 29: Click on Last 30 days  ** successfully completed with end event 'Action completed'    [MsgId: MMSG-205180]	[MsgId: MMSG-205180]
Notify: Transaction "10_Network Circuit Generate Report" started.	[MsgId: MMSG-16999]
t=00404659ms: ** 30: Click on Submit button ** started    [MsgId: MMSG-205180]	[MsgId: MMSG-205180]
t=00525635ms: Error -205177: ** 30: Click on Submit button ** failed - object defined in end event was not found.       Snapshot Info [MSH 1 0]    [MsgId: MERR-205177]	[MsgId: MERR-205177]
End auto log messages stack.	[MsgId: MMSG-10544]


Start auto log messages stack - Iteration 1.	[MsgId: MMSG-10545]
t=00405738ms: ** 99: Click on button (1) button ** started    [MsgId: MMSG-205180]	[MsgId: MMSG-205180]
t=00405954ms: ** 99: Click on button (1) button ** successfully completed with end event 'Action completed'    [MsgId: MMSG-205180]	[MsgId: MMSG-205180]
t=00406457ms: ** 100: Set Start Date * datepicker to 24 ** started    [MsgId: MMSG-205180]	[MsgId: MMSG-205180]
t=00406536ms: ** 100: Set Start Date * datepicker to 24 ** successfully completed with end event 'Action completed'    [MsgId: MMSG-205180]	[MsgId: MMSG-205180]
Notify: Transaction "25_Non HiCap CMR" started.	[MsgId: MMSG-16999]
t=00407032ms: ** 101: Click on Submit button ** started    [MsgId: MMSG-205180]	[MsgId: MMSG-205180]
t=00407242ms: ** 101: Click on Submit button ** successfully completed with end event 'Action completed'    [MsgId: MMSG-205180]	[MsgId: MMSG-205180]
t=00407243ms: ** 102: Wait for Go Download Reports link ** started    [MsgId: MMSG-205180]	[MsgId: MMSG-205180]
t=00528140ms: Error -205177: ** 102: Wait for Go Download Reports link ** failed - target object was not found. Identification: Descriptors       Snapshot Info [MSH 1 0]    [MsgId: MERR-205177]	[MsgId: MERR-205177]
End auto log messages stack.	[MsgId: MMSG-10544]


Start auto log messages stack - Iteration 1.	[MsgId: MMSG-10545]
t=00422659ms: ** 48: Click on button (1) button ** started    [MsgId: MMSG-205180]	[MsgId: MMSG-205180]
t=00423888ms: ** 48: Click on button (1) button ** successfully completed with end event 'Step synchronous network completed'    [MsgId: MMSG-205180]	[MsgId: MMSG-205180]
t=00424390ms: ** 49: Click on Last 30 days  ** started    [MsgId: MMSG-205180]	[MsgId: MMSG-205180]
t=00425093ms: ** 49: Click on Last 30 days  ** successfully completed with end event 'Step synchronous network completed'    [MsgId: MMSG-205180]	[MsgId: MMSG-205180]
Notify: Transaction "13_FI Circuit Utilization Report" started.	[MsgId: MMSG-16999]
t=00425596ms: ** 50: Click on Submit button ** started    [MsgId: MMSG-205180]	[MsgId: MMSG-205180]
t=00432523ms: ** 50: Click on Submit button ** successfully completed with end event 'Step network completed'    [MsgId: MMSG-205180]	[MsgId: MMSG-205180]
t=00432525ms: ** 51: Wait for Go Download Reports link ** started    [MsgId: MMSG-205180]	[MsgId: MMSG-205180]
t=00553413ms: Error -205177: ** 51: Wait for Go Download Reports link ** failed - target object was not found. Identification: Descriptors       Snapshot Info [MSH 1 0]    [MsgId: MERR-205177]	[MsgId: MERR-205177]
End auto log messages stack.	[MsgId: MMSG-10544]


Start auto log messages stack - Iteration 1.	[MsgId: MMSG-10545]
t=00438826ms: ** 99: Click on button (1) button ** started    [MsgId: MMSG-205180]	[MsgId: MMSG-205180]
t=00439050ms: ** 99: Click on button (1) button ** successfully completed with end event 'Action completed'    [MsgId: MMSG-205180]	[MsgId: MMSG-205180]
t=00439553ms: ** 100: Set Start Date * datepicker to 24 ** started    [MsgId: MMSG-205180]	[MsgId: MMSG-205180]
t=00439612ms: ** 100: Set Start Date * datepicker to 24 ** successfully completed with end event 'Action completed'    [MsgId: MMSG-205180]	[MsgId: MMSG-205180]
Notify: Transaction "25_Non HiCap CMR" started.	[MsgId: MMSG-16999]
t=00440114ms: ** 101: Click on Submit button ** started    [MsgId: MMSG-205180]	[MsgId: MMSG-205180]
t=00440323ms: ** 101: Click on Submit button ** successfully completed with end event 'Action completed'    [MsgId: MMSG-205180]	[MsgId: MMSG-205180]
t=00440326ms: ** 102: Wait for Go Download Reports link ** started    [MsgId: MMSG-205180]	[MsgId: MMSG-205180]
t=00561223ms: Error -205177: ** 102: Wait for Go Download Reports link ** failed - target object was not found. Identification: Descriptors       Snapshot Info [MSH 1 0]    [MsgId: MERR-205177]	[MsgId: MERR-205177]
End auto log messages stack.	[MsgId: MMSG-10544]


Start auto log messages stack - Iteration 1.	[MsgId: MMSG-10545]
t=00421070ms: ** 55: Click on LOCATIONS link ** started    [MsgId: MMSG-205180]	[MsgId: MMSG-205180]
t=00421078ms: ** 55: Click on LOCATIONS link ** successfully completed with end event 'Action completed'    [MsgId: MMSG-205180]	[MsgId: MMSG-205180]
t=00421580ms: ** 56: Reload current page ** started    [MsgId: MMSG-205180]	[MsgId: MMSG-205180]
t=00427454ms: ** 56: Reload current page ** successfully completed with end event 'Step synchronous network completed'    [MsgId: MMSG-205180]	[MsgId: MMSG-205180]
t=00427456ms: ** 57: Wait 15 seconds ** started    [MsgId: MMSG-205180]	[MsgId: MMSG-205180]
t=00443029ms: ** 57: Wait 15 seconds ** successfully completed with end event 'Action completed'    [MsgId: MMSG-205180]	[MsgId: MMSG-205180]
t=00443032ms: ** 58: Wait for REPORTS link ** started    [MsgId: MMSG-205180]	[MsgId: MMSG-205180]
t=00564095ms: Error -205177: ** 58: Wait for REPORTS link ** failed - target object was not found. Identification: Automatic       Snapshot Info [MSH 1 0]    [MsgId: MERR-205177]	[MsgId: MERR-205177]
End auto log messages stack.	[MsgId: MMSG-10544]


Start auto log messages stack - Iteration 1.	[MsgId: MMSG-10545]
t=00446377ms: ** 48: Click on button (1) button ** started    [MsgId: MMSG-205180]	[MsgId: MMSG-205180]
t=00448044ms: ** 48: Click on button (1) button ** successfully completed with end event 'Step synchronous network completed'    [MsgId: MMSG-205180]	[MsgId: MMSG-205180]
t=00448546ms: ** 49: Click on Last 30 days  ** started    [MsgId: MMSG-205180]	[MsgId: MMSG-205180]
t=00449187ms: ** 49: Click on Last 30 days  ** successfully completed with end event 'Step synchronous network completed'    [MsgId: MMSG-205180]	[MsgId: MMSG-205180]
Notify: Transaction "13_FI Circuit Utilization Report" started.	[MsgId: MMSG-16999]
t=00449689ms: ** 50: Click on Submit button ** started    [MsgId: MMSG-205180]	[MsgId: MMSG-205180]
t=00456710ms: ** 50: Click on Submit button ** successfully completed with end event 'Step network completed'    [MsgId: MMSG-205180]	[MsgId: MMSG-205180]
t=00456712ms: ** 51: Wait for Go Download Reports link ** started    [MsgId: MMSG-205180]	[MsgId: MMSG-205180]
t=00577607ms: Error -205177: ** 51: Wait for Go Download Reports link ** failed - target object was not found. Identification: Descriptors       Snapshot Info [MSH 1 0]    [MsgId: MERR-205177]	[MsgId: MERR-205177]
End auto log messages stack.	[MsgId: MMSG-10544]


Start auto log messages stack - Iteration 1.	[MsgId: MMSG-10545]
t=00469126ms: ** 37: Wait for Utilization heading ** successfully completed with end event 'Action completed'    [MsgId: MMSG-205180]	[MsgId: MMSG-205180]
Notify: Transaction "05_SDWAN Circuit Utilization" ended with a "Pass" status (Duration: 9.3070 Think Time: 0.0020 Wasted Time: 0.4020).	[MsgId: MMSG-16870]
Notify: Transaction "06_SDWAN Network Utilization" started.	[MsgId: MMSG-16999]
t=00469628ms: ** 38: Click on Network Overview link ** started    [MsgId: MMSG-205180]	[MsgId: MMSG-205180]
t=00469837ms: ** 38: Click on Network Overview link ** successfully completed with end event 'Action completed'    [MsgId: MMSG-205180]	[MsgId: MMSG-205180]
t=00469840ms: ** 39: Wait for SD WAN Edge Metrics heading ** started    [MsgId: MMSG-205180]	[MsgId: MMSG-205180]
t=00470045ms: ** 39: Wait for SD WAN Edge Metrics heading ** successfully completed with end event 'Action completed'    [MsgId: MMSG-205180]	[MsgId: MMSG-205180]
t=00470048ms: ** 40: Wait for Upstream  ** started    [MsgId: MMSG-205180]	[MsgId: MMSG-205180]
t=00591271ms: Error -205177: ** 40: Wait for Upstream  ** failed - target object was not found. Identification: Automatic       Snapshot Info [MSH 1 0]    [MsgId: MERR-205177]	[MsgId: MERR-205177]
End auto log messages stack.	[MsgId: MMSG-10544]


Start auto log messages stack - Iteration 2.	[MsgId: MMSG-10545]
t=00467431ms: ** 34: Click on SD WAN  ** started    [MsgId: MMSG-205180]	[MsgId: MMSG-205180]
t=00470604ms: ** 34: Click on SD WAN  ** successfully completed with end event 'Step synchronous network completed'    [MsgId: MMSG-205180]	[MsgId: MMSG-205180]
t=00471106ms: ** 35: Click on 6620 Wadsworth Blvd cell ** started    [MsgId: MMSG-205180]	[MsgId: MMSG-205180]
t=00471320ms: ** 35: Click on 6620 Wadsworth Blvd cell ** successfully completed with end event 'Action completed'    [MsgId: MMSG-205180]	[MsgId: MMSG-205180]
Notify: Transaction "05_SDWAN Circuit Utilization" started.	[MsgId: MMSG-16999]
t=00471823ms: ** 36: Click on 6801 S Tucson Way # 100 link ** started    [MsgId: MMSG-205180]	[MsgId: MMSG-205180]
t=00471834ms: ** 36: Click on 6801 S Tucson Way # 100 link ** successfully completed with end event 'Action completed'    [MsgId: MMSG-205180]	[MsgId: MMSG-205180]
t=00471837ms: ** 37: Wait for Utilization heading ** started    [MsgId: MMSG-205180]	[MsgId: MMSG-205180]
t=00592675ms: Error -205177: ** 37: Wait for Utilization heading ** failed - target object was not found. Identification: Automatic       Snapshot Info [MSH 2 1]    [MsgId: MERR-205177]	[MsgId: MERR-205177]
End auto log messages stack.	[MsgId: MMSG-10544]


Start auto log messages stack - Iteration 2.	[MsgId: MMSG-10545]
t=00471374ms: ** 1: Navigate to https://stage-spectrumenterprise.net/login ** successfully completed with end event 'Step synchronous network completed'    [MsgId: MMSG-205180]	[MsgId: MMSG-205180]
t=00471378ms: ** 2: Wait for Sign In button ** started    [MsgId: MMSG-205180]	[MsgId: MMSG-205180]
t=00474216ms: ** 2: Wait for Sign In button ** successfully completed with end event 'Action completed'    [MsgId: MMSG-205180]	[MsgId: MMSG-205180]
Notify: Transaction "01_Launch" ended with a "Pass" status (Duration: 8.8790 Think Time: 0.0020 Wasted Time: 3.6060).	[MsgId: MMSG-16870]
t=00474719ms: ** 3: Reload current page ** started    [MsgId: MMSG-205180]	[MsgId: MMSG-205180]
t=00479636ms: ** 3: Reload current page ** successfully completed with end event 'Step synchronous network completed'    [MsgId: MMSG-205180]	[MsgId: MMSG-205180]
t=00480140ms: ** 4: Type Username1 in Username emailbox ** started    [MsgId: MMSG-205180]	[MsgId: MMSG-205180]
t=00601125ms: Error -205177: ** 4: Type Username1 in Username emailbox ** failed - target object was not found. Identification: Automatic       Snapshot Info [MSH 2 1]    [MsgId: MERR-205177]	[MsgId: MERR-205177]
End auto log messages stack.	[MsgId: MMSG-10544]


Start auto log messages stack - Iteration 1.	[MsgId: MMSG-10545]
t=00500271ms: ** 99: Click on button (1) button ** started    [MsgId: MMSG-205180]	[MsgId: MMSG-205180]
t=00500494ms: ** 99: Click on button (1) button ** successfully completed with end event 'Action completed'    [MsgId: MMSG-205180]	[MsgId: MMSG-205180]
t=00501000ms: ** 100: Set Start Date * datepicker to 24 ** started    [MsgId: MMSG-205180]	[MsgId: MMSG-205180]
t=00501072ms: ** 100: Set Start Date * datepicker to 24 ** successfully completed with end event 'Action completed'    [MsgId: MMSG-205180]	[MsgId: MMSG-205180]
Notify: Transaction "25_Non HiCap CMR" started.	[MsgId: MMSG-16999]
t=00501573ms: ** 101: Click on Submit button ** started    [MsgId: MMSG-205180]	[MsgId: MMSG-205180]
t=00501781ms: ** 101: Click on Submit button ** successfully completed with end event 'Action completed'    [MsgId: MMSG-205180]	[MsgId: MMSG-205180]
t=00501784ms: ** 102: Wait for Go Download Reports link ** started    [MsgId: MMSG-205180]	[MsgId: MMSG-205180]
t=00622617ms: Error -205177: ** 102: Wait for Go Download Reports link ** failed - target object was not found. Identification: Descriptors       Snapshot Info [MSH 1 0]    [MsgId: MERR-205177]	[MsgId: MERR-205177]
End auto log messages stack.	[MsgId: MMSG-10544]


Start auto log messages stack - Iteration 2.	[MsgId: MMSG-10545]
t=00512767ms: ** 27: Click on button (4) button ** successfully completed with end event 'Step synchronous network completed'    [MsgId: MMSG-205180]	[MsgId: MMSG-205180]
Notify: Transaction "09_Network Circuit Create a Report" ended with a "Pass" status (Duration: 2.2150 Wasted Time: 0.3510).	[MsgId: MMSG-16871]
t=00513268ms: ** 28: Scroll on Fill Page ** started    [MsgId: MMSG-205180]	[MsgId: MMSG-205180]
t=00513474ms: ** 28: Scroll on Fill Page ** successfully completed with end event 'Action completed'    [MsgId: MMSG-205180]	[MsgId: MMSG-205180]
t=00513975ms: ** 29: Click on Last 30 days  ** started    [MsgId: MMSG-205180]	[MsgId: MMSG-205180]
t=00514205ms: ** 29: Click on Last 30 days  ** successfully completed with end event 'Action completed'    [MsgId: MMSG-205180]	[MsgId: MMSG-205180]
Notify: Transaction "10_Network Circuit Generate Report" started.	[MsgId: MMSG-16999]
t=00514707ms: ** 30: Click on Submit button ** started    [MsgId: MMSG-205180]	[MsgId: MMSG-205180]
t=00635572ms: Error -205177: ** 30: Click on Submit button ** failed - object defined in end event was not found.       Snapshot Info [MSH 2 1]    [MsgId: MERR-205177]	[MsgId: MERR-205177]
End auto log messages stack.	[MsgId: MMSG-10544]


Start auto log messages stack - Iteration 1.	[MsgId: MMSG-10545]
t=00583166ms: ** 99: Click on button (1) button ** started    [MsgId: MMSG-205180]	[MsgId: MMSG-205180]
t=00583383ms: ** 99: Click on button (1) button ** successfully completed with end event 'Action completed'    [MsgId: MMSG-205180]	[MsgId: MMSG-205180]
t=00583885ms: ** 100: Set Start Date * datepicker to 24 ** started    [MsgId: MMSG-205180]	[MsgId: MMSG-205180]
t=00583949ms: ** 100: Set Start Date * datepicker to 24 ** successfully completed with end event 'Action completed'    [MsgId: MMSG-205180]	[MsgId: MMSG-205180]
Notify: Transaction "25_Non HiCap CMR" started.	[MsgId: MMSG-16999]
t=00584451ms: ** 101: Click on Submit button ** started    [MsgId: MMSG-205180]	[MsgId: MMSG-205180]
t=00584657ms: ** 101: Click on Submit button ** successfully completed with end event 'Action completed'    [MsgId: MMSG-205180]	[MsgId: MMSG-205180]
t=00584662ms: ** 102: Wait for Go Download Reports link ** started    [MsgId: MMSG-205180]	[MsgId: MMSG-205180]
t=00705401ms: Error -205177: ** 102: Wait for Go Download Reports link ** failed - target object was not found. Identification: Descriptors       Snapshot Info [MSH 1 0]    [MsgId: MERR-205177]	[MsgId: MERR-205177]
End auto log messages stack.	[MsgId: MMSG-10544]


Start auto log messages stack - Iteration 2.	[MsgId: MMSG-10545]
t=00595610ms: ** 27: Click on button (4) button ** successfully completed with end event 'Step synchronous network completed'    [MsgId: MMSG-205180]	[MsgId: MMSG-205180]
Notify: Transaction "09_Network Circuit Create a Report" ended with a "Pass" status (Duration: 1.8590 Wasted Time: 0.3510).	[MsgId: MMSG-16871]
t=00596112ms: ** 28: Scroll on Fill Page ** started    [MsgId: MMSG-205180]	[MsgId: MMSG-205180]
t=00596318ms: ** 28: Scroll on Fill Page ** successfully completed with end event 'Action completed'    [MsgId: MMSG-205180]	[MsgId: MMSG-205180]
t=00596819ms: ** 29: Click on Last 30 days  ** started    [MsgId: MMSG-205180]	[MsgId: MMSG-205180]
t=00597041ms: ** 29: Click on Last 30 days  ** successfully completed with end event 'Action completed'    [MsgId: MMSG-205180]	[MsgId: MMSG-205180]
Notify: Transaction "10_Network Circuit Generate Report" started.	[MsgId: MMSG-16999]
t=00597544ms: ** 30: Click on Submit button ** started    [MsgId: MMSG-205180]	[MsgId: MMSG-205180]
t=00718350ms: Error -205177: ** 30: Click on Submit button ** failed - object defined in end event was not found.       Snapshot Info [MSH 2 1]    [MsgId: MERR-205177]	[MsgId: MERR-205177]
End auto log messages stack.	[MsgId: MMSG-10544]


Start auto log messages stack - Iteration 2.	[MsgId: MMSG-10545]
t=00594996ms: ** 57: Wait 15 seconds ** started    [MsgId: MMSG-205180]	[MsgId: MMSG-205180]
t=00610524ms: ** 57: Wait 15 seconds ** successfully completed with end event 'Action completed'    [MsgId: MMSG-205180]	[MsgId: MMSG-205180]
t=00610527ms: ** 58: Wait for REPORTS link ** started    [MsgId: MMSG-205180]	[MsgId: MMSG-205180]
t=00610751ms: ** 58: Wait for REPORTS link ** successfully completed with end event 'Action completed'    [MsgId: MMSG-205180]	[MsgId: MMSG-205180]
Notify: Transaction "29_Reports tab" started.	[MsgId: MMSG-16999]
t=00611253ms: ** 59: Click on REPORTS link ** started    [MsgId: MMSG-205180]	[MsgId: MMSG-205180]
t=00612380ms: ** 59: Click on REPORTS link ** successfully completed with end event 'Step synchronous network completed'    [MsgId: MMSG-205180]	[MsgId: MMSG-205180]
t=00612383ms: ** 60: Wait for Created By  ** started    [MsgId: MMSG-205180]	[MsgId: MMSG-205180]
t=00733564ms: Error -205177: ** 60: Wait for Created By  ** failed - target object was not found. Identification: Automatic       Snapshot Info [MSH 2 1]    [MsgId: MERR-205177]	[MsgId: MERR-205177]
End auto log messages stack.	[MsgId: MMSG-10544]


Start auto log messages stack - Iteration 2.	[MsgId: MMSG-10545]
t=00703372ms: ** 99: Click on button (1) button ** started    [MsgId: MMSG-205180]	[MsgId: MMSG-205180]
t=00703586ms: ** 99: Click on button (1) button ** successfully completed with end event 'Action completed'    [MsgId: MMSG-205180]	[MsgId: MMSG-205180]
t=00704089ms: ** 100: Set Start Date * datepicker to 24 ** started    [MsgId: MMSG-205180]	[MsgId: MMSG-205180]
t=00704143ms: ** 100: Set Start Date * datepicker to 24 ** successfully completed with end event 'Action completed'    [MsgId: MMSG-205180]	[MsgId: MMSG-205180]
Notify: Transaction "25_Non HiCap CMR" started.	[MsgId: MMSG-16999]
t=00704645ms: ** 101: Click on Submit button ** started    [MsgId: MMSG-205180]	[MsgId: MMSG-205180]
t=00704851ms: ** 101: Click on Submit button ** successfully completed with end event 'Action completed'    [MsgId: MMSG-205180]	[MsgId: MMSG-205180]
t=00704855ms: ** 102: Wait for Go Download Reports link ** started    [MsgId: MMSG-205180]	[MsgId: MMSG-205180]
t=00825916ms: Error -205177: ** 102: Wait for Go Download Reports link ** failed - target object was not found. Identification: Descriptors       Snapshot Info [MSH 2 1]    [MsgId: MERR-205177]	[MsgId: MERR-205177]
End auto log messages stack.	[MsgId: MMSG-10544]


Start auto log messages stack - Iteration 2.	[MsgId: MMSG-10545]
t=00689534ms: ** 57: Wait 15 seconds ** started    [MsgId: MMSG-205180]	[MsgId: MMSG-205180]
t=00705090ms: ** 57: Wait 15 seconds ** successfully completed with end event 'Action completed'    [MsgId: MMSG-205180]	[MsgId: MMSG-205180]
t=00705093ms: ** 58: Wait for REPORTS link ** started    [MsgId: MMSG-205180]	[MsgId: MMSG-205180]
t=00705315ms: ** 58: Wait for REPORTS link ** successfully completed with end event 'Action completed'    [MsgId: MMSG-205180]	[MsgId: MMSG-205180]
Notify: Transaction "29_Reports tab" started.	[MsgId: MMSG-16999]
t=00705816ms: ** 59: Click on REPORTS link ** started    [MsgId: MMSG-205180]	[MsgId: MMSG-205180]
t=00706758ms: ** 59: Click on REPORTS link ** successfully completed with end event 'Step synchronous network completed'    [MsgId: MMSG-205180]	[MsgId: MMSG-205180]
t=00706763ms: ** 60: Wait for Created By  ** started    [MsgId: MMSG-205180]	[MsgId: MMSG-205180]
t=00827147ms: Error -205177: ** 60: Wait for Created By  ** failed - target object was not found. Identification: Automatic       Snapshot Info [MSH 2 1]    [MsgId: MERR-205177]	[MsgId: MERR-205177]
End auto log messages stack.	[MsgId: MMSG-10544]


Start auto log messages stack - Iteration 2.	[MsgId: MMSG-10545]
t=00745154ms: ** 99: Click on button (1) button ** started    [MsgId: MMSG-205180]	[MsgId: MMSG-205180]
t=00745367ms: ** 99: Click on button (1) button ** successfully completed with end event 'Action completed'    [MsgId: MMSG-205180]	[MsgId: MMSG-205180]
t=00745869ms: ** 100: Set Start Date * datepicker to 24 ** started    [MsgId: MMSG-205180]	[MsgId: MMSG-205180]
t=00745918ms: ** 100: Set Start Date * datepicker to 24 ** successfully completed with end event 'Action completed'    [MsgId: MMSG-205180]	[MsgId: MMSG-205180]
Notify: Transaction "25_Non HiCap CMR" started.	[MsgId: MMSG-16999]
t=00746420ms: ** 101: Click on Submit button ** started    [MsgId: MMSG-205180]	[MsgId: MMSG-205180]
t=00746626ms: ** 101: Click on Submit button ** successfully completed with end event 'Action completed'    [MsgId: MMSG-205180]	[MsgId: MMSG-205180]
t=00746628ms: ** 102: Wait for Go Download Reports link ** started    [MsgId: MMSG-205180]	[MsgId: MMSG-205180]
t=00867063ms: Error -205177: ** 102: Wait for Go Download Reports link ** failed - target object was not found. Identification: Descriptors       Snapshot Info [MSH 2 1]    [MsgId: MERR-205177]	[MsgId: MERR-205177]
End auto log messages stack.	[MsgId: MMSG-10544]


Start auto log messages stack - Iteration 2.	[MsgId: MMSG-10545]
t=00785729ms: ** 99: Click on button (1) button ** started    [MsgId: MMSG-205180]	[MsgId: MMSG-205180]
t=00785943ms: ** 99: Click on button (1) button ** successfully completed with end event 'Action completed'    [MsgId: MMSG-205180]	[MsgId: MMSG-205180]
t=00786445ms: ** 100: Set Start Date * datepicker to 24 ** started    [MsgId: MMSG-205180]	[MsgId: MMSG-205180]
t=00786494ms: ** 100: Set Start Date * datepicker to 24 ** successfully completed with end event 'Action completed'    [MsgId: MMSG-205180]	[MsgId: MMSG-205180]
Notify: Transaction "25_Non HiCap CMR" started.	[MsgId: MMSG-16999]
t=00786999ms: ** 101: Click on Submit button ** started    [MsgId: MMSG-205180]	[MsgId: MMSG-205180]
t=00787212ms: ** 101: Click on Submit button ** successfully completed with end event 'Action completed'    [MsgId: MMSG-205180]	[MsgId: MMSG-205180]
t=00787214ms: ** 102: Wait for Go Download Reports link ** started    [MsgId: MMSG-205180]	[MsgId: MMSG-205180]
t=00908064ms: Error -205177: ** 102: Wait for Go Download Reports link ** failed - target object was not found. Identification: Descriptors       Snapshot Info [MSH 2 1]    [MsgId: MERR-205177]	[MsgId: MERR-205177]
End auto log messages stack.	[MsgId: MMSG-10544]


