Start auto log messages stack - Iteration 1.	[MsgId: MMSG-10545]
t=00367978ms: ** 114: Click on What type of Voice Trunking... button ** started    [MsgId: MMSG-205180]	[MsgId: MMSG-205180]
t=00369404ms: ** 114: Click on What type of Voice Trunking... button ** successfully completed with end event 'Step network completed'    [MsgId: MMSG-205180]	[MsgId: MMSG-205180]
t=00369920ms: ** 115: Click on element (2)  ** started    [MsgId: MMSG-205180]	[MsgId: MMSG-205180]
t=00370131ms: ** 115: Click on element (2)  ** successfully completed with end event 'Action completed'    [MsgId: MMSG-205180]	[MsgId: MMSG-205180]
t=00370632ms: ** 116: Click on M / 1 day ** started    [MsgId: MMSG-205180]	[MsgId: MMSG-205180]
t=00370647ms: ** 116: Click on M / 1 day ** successfully completed with end event 'Action completed'    [MsgId: MMSG-205180]	[MsgId: MMSG-205180]
Notify: Transaction "27_Hi Cap CMR" started.	[MsgId: MMSG-16999]
t=00371149ms: ** 117: Click on Submit button ** started    [MsgId: MMSG-205180]	[MsgId: MMSG-205180]
t=00408702ms: Error -205177: ** 117: Click on Submit button ** failed - end event error due to network timeout. Open requests: https://www.spectrumenterprise.net/api/accounts/694f3d6b-73ea-4b6b-9ca5-9ba11b20118c/reports;        Snapshot Info [MSH 1 0]    [MsgId: MERR-205177]	[MsgId: MERR-205177]
End auto log messages stack.	[MsgId: MMSG-10544]


Start auto log messages stack - Iteration 3.	[MsgId: MMSG-10545]
t=01161454ms: ** 97: Click on element (2)  ** started    [MsgId: MMSG-205180]	[MsgId: MMSG-205180]
t=01161664ms: ** 97: Click on element (2)  ** successfully completed with end event 'Action completed'    [MsgId: MMSG-205180]	[MsgId: MMSG-205180]
t=01162166ms: ** 98: Click on button (1) button ** started    [MsgId: MMSG-205180]	[MsgId: MMSG-205180]
t=01162381ms: ** 98: Click on button (1) button ** successfully completed with end event 'Action completed'    [MsgId: MMSG-205180]	[MsgId: MMSG-205180]
t=01162883ms: ** 99: Set Start Date * datepicker to 24 ** started    [MsgId: MMSG-205180]	[MsgId: MMSG-205180]
t=01162943ms: ** 99: Set Start Date * datepicker to 24 ** successfully completed with end event 'Action completed'    [MsgId: MMSG-205180]	[MsgId: MMSG-205180]
Notify: Transaction "25_Non HiCap CMR" started.	[MsgId: MMSG-16999]
t=01163447ms: ** 100: Click on Submit button ** started    [MsgId: MMSG-205180]	[MsgId: MMSG-205180]
t=01200994ms: Error -205177: ** 100: Click on Submit button ** failed - end event error due to network timeout. Open requests: https://www.spectrumenterprise.net/api/accounts/694f3d6b-73ea-4b6b-9ca5-9ba11b20118c/reports;        Snapshot Info [MSH 3 1]    [MsgId: MERR-205177]	[MsgId: MERR-205177]
End auto log messages stack.	[MsgId: MMSG-10544]


Start auto log messages stack - Iteration 4.	[MsgId: MMSG-10545]
t=01440147ms: ** 97: Click on element (2)  ** started    [MsgId: MMSG-205180]	[MsgId: MMSG-205180]
t=01440359ms: ** 97: Click on element (2)  ** successfully completed with end event 'Action completed'    [MsgId: MMSG-205180]	[MsgId: MMSG-205180]
t=01440860ms: ** 98: Click on button (1) button ** started    [MsgId: MMSG-205180]	[MsgId: MMSG-205180]
t=01441088ms: ** 98: Click on button (1) button ** successfully completed with end event 'Action completed'    [MsgId: MMSG-205180]	[MsgId: MMSG-205180]
t=01441590ms: ** 99: Set Start Date * datepicker to 24 ** started    [MsgId: MMSG-205180]	[MsgId: MMSG-205180]
t=01441640ms: ** 99: Set Start Date * datepicker to 24 ** successfully completed with end event 'Action completed'    [MsgId: MMSG-205180]	[MsgId: MMSG-205180]
Notify: Transaction "25_Non HiCap CMR" started.	[MsgId: MMSG-16999]
t=01442153ms: ** 100: Click on Submit button ** started    [MsgId: MMSG-205180]	[MsgId: MMSG-205180]
t=01479678ms: Error -205177: ** 100: Click on Submit button ** failed - end event error due to network timeout. Open requests: https://www.spectrumenterprise.net/api/accounts/694f3d6b-73ea-4b6b-9ca5-9ba11b20118c/reports;        Snapshot Info [MSH 4 2]    [MsgId: MERR-205177]	[MsgId: MERR-205177]
End auto log messages stack.	[MsgId: MMSG-10544]


Start auto log messages stack - Iteration 5.	[MsgId: MMSG-10545]
t=01828105ms: ** 114: Click on What type of Voice Trunking... button ** started    [MsgId: MMSG-205180]	[MsgId: MMSG-205180]
t=01829671ms: ** 114: Click on What type of Voice Trunking... button ** successfully completed with end event 'Step network completed'    [MsgId: MMSG-205180]	[MsgId: MMSG-205180]
t=01830187ms: ** 115: Click on element (2)  ** started    [MsgId: MMSG-205180]	[MsgId: MMSG-205180]
t=01830400ms: ** 115: Click on element (2)  ** successfully completed with end event 'Action completed'    [MsgId: MMSG-205180]	[MsgId: MMSG-205180]
t=01830901ms: ** 116: Click on M / 1 day ** started    [MsgId: MMSG-205180]	[MsgId: MMSG-205180]
t=01830917ms: ** 116: Click on M / 1 day ** successfully completed with end event 'Action completed'    [MsgId: MMSG-205180]	[MsgId: MMSG-205180]
Notify: Transaction "27_Hi Cap CMR" started.	[MsgId: MMSG-16999]
t=01831424ms: ** 117: Click on Submit button ** started    [MsgId: MMSG-205180]	[MsgId: MMSG-205180]
t=01868950ms: Error -205177: ** 117: Click on Submit button ** failed - end event error due to network timeout. Open requests: https://www.spectrumenterprise.net/api/accounts/694f3d6b-73ea-4b6b-9ca5-9ba11b20118c/reports;        Snapshot Info [MSH 5 3]    [MsgId: MERR-205177]	[MsgId: MERR-205177]
End auto log messages stack.	[MsgId: MMSG-10544]


Start auto log messages stack - Iteration 6.	[MsgId: MMSG-10545]
t=02133543ms: ** 104: Click on link (1) link ** successfully completed with end event 'Step synchronous network completed'    [MsgId: MMSG-205180]	[MsgId: MMSG-205180]
t=02134058ms: ** 105: Click on What type of Voice Trunking... label ** started    [MsgId: MMSG-205180]	[MsgId: MMSG-205180]
t=02134415ms: ** 105: Click on What type of Voice Trunking... label ** successfully completed with end event 'Step synchronous network completed'    [MsgId: MMSG-205180]	[MsgId: MMSG-205180]
t=02134917ms: ** 106: Click on What type of Voice Trunking... button ** started    [MsgId: MMSG-205180]	[MsgId: MMSG-205180]
t=02136861ms: ** 106: Click on What type of Voice Trunking... button ** successfully completed with end event 'Step network completed'    [MsgId: MMSG-205180]	[MsgId: MMSG-205180]
Notify: Transaction "26_Non HiCap CDR" started.	[MsgId: MMSG-16999]
t=02137377ms: ** 107: Click on Submit button ** started    [MsgId: MMSG-205180]	[MsgId: MMSG-205180]
t=02176911ms: Error -205177: ** 107: Click on Submit button ** failed - end event error due to network timeout. Open requests: https://www.spectrumenterprise.net/api/accounts/694f3d6b-73ea-4b6b-9ca5-9ba11b20118c/reports; https://api.spectrum.net/entservices/inventory/v2/accounts/694f3d6b-73ea-4b6b-9ca5-9ba11b20118c/networkServices/tickets/?openDateStart=1549004400000&ticketStatus=In%20Progress;        Snapshot Info [MSH 6 4]    [MsgId: MERR-205177]	[MsgId: MERR-205177]
End auto log messages stack.	[MsgId: MMSG-10544]


Start auto log messages stack - Iteration 7.	[MsgId: MMSG-10545]
t=02523843ms: ** 114: Click on What type of Voice Trunking... button ** started    [MsgId: MMSG-205180]	[MsgId: MMSG-205180]
t=02525566ms: ** 114: Click on What type of Voice Trunking... button ** successfully completed with end event 'Step network completed'    [MsgId: MMSG-205180]	[MsgId: MMSG-205180]
t=02526081ms: ** 115: Click on element (2)  ** started    [MsgId: MMSG-205180]	[MsgId: MMSG-205180]
t=02526295ms: ** 115: Click on element (2)  ** successfully completed with end event 'Action completed'    [MsgId: MMSG-205180]	[MsgId: MMSG-205180]
t=02526797ms: ** 116: Click on M / 1 day ** started    [MsgId: MMSG-205180]	[MsgId: MMSG-205180]
t=02526813ms: ** 116: Click on M / 1 day ** successfully completed with end event 'Action completed'    [MsgId: MMSG-205180]	[MsgId: MMSG-205180]
Notify: Transaction "27_Hi Cap CMR" started.	[MsgId: MMSG-16999]
t=02527328ms: ** 117: Click on Submit button ** started    [MsgId: MMSG-205180]	[MsgId: MMSG-205180]
t=02568858ms: Error -205177: ** 117: Click on Submit button ** failed - end event error due to network timeout. Open requests: https://www.spectrumenterprise.net/api/accounts/694f3d6b-73ea-4b6b-9ca5-9ba11b20118c/reports;        Snapshot Info [MSH 7 5]    [MsgId: MERR-205177]	[MsgId: MERR-205177]
End auto log messages stack.	[MsgId: MMSG-10544]


Start auto log messages stack - Iteration 8.	[MsgId: MMSG-10545]
t=02912676ms: ** 114: Click on What type of Voice Trunking... button ** started    [MsgId: MMSG-205180]	[MsgId: MMSG-205180]
t=02914165ms: ** 114: Click on What type of Voice Trunking... button ** successfully completed with end event 'Step network completed'    [MsgId: MMSG-205180]	[MsgId: MMSG-205180]
t=02914681ms: ** 115: Click on element (2)  ** started    [MsgId: MMSG-205180]	[MsgId: MMSG-205180]
t=02914894ms: ** 115: Click on element (2)  ** successfully completed with end event 'Action completed'    [MsgId: MMSG-205180]	[MsgId: MMSG-205180]
t=02915396ms: ** 116: Click on M / 1 day ** started    [MsgId: MMSG-205180]	[MsgId: MMSG-205180]
t=02915412ms: ** 116: Click on M / 1 day ** successfully completed with end event 'Action completed'    [MsgId: MMSG-205180]	[MsgId: MMSG-205180]
Notify: Transaction "27_Hi Cap CMR" started.	[MsgId: MMSG-16999]
t=02915928ms: ** 117: Click on Submit button ** started    [MsgId: MMSG-205180]	[MsgId: MMSG-205180]
t=02957511ms: Error -205177: ** 117: Click on Submit button ** failed - end event error due to network timeout. Open requests: https://www.spectrumenterprise.net/api/accounts/694f3d6b-73ea-4b6b-9ca5-9ba11b20118c/reports;        Snapshot Info [MSH 8 6]    [MsgId: MERR-205177]	[MsgId: MERR-205177]
End auto log messages stack.	[MsgId: MMSG-10544]


Start auto log messages stack - Iteration 9.	[MsgId: MMSG-10545]
t=03312105ms: ** 114: Click on What type of Voice Trunking... button ** started    [MsgId: MMSG-205180]	[MsgId: MMSG-205180]
t=03313730ms: ** 114: Click on What type of Voice Trunking... button ** successfully completed with end event 'Step network completed'    [MsgId: MMSG-205180]	[MsgId: MMSG-205180]
t=03314246ms: ** 115: Click on element (2)  ** started    [MsgId: MMSG-205180]	[MsgId: MMSG-205180]
t=03314458ms: ** 115: Click on element (2)  ** successfully completed with end event 'Action completed'    [MsgId: MMSG-205180]	[MsgId: MMSG-205180]
t=03314961ms: ** 116: Click on M / 1 day ** started    [MsgId: MMSG-205180]	[MsgId: MMSG-205180]
t=03314977ms: ** 116: Click on M / 1 day ** successfully completed with end event 'Action completed'    [MsgId: MMSG-205180]	[MsgId: MMSG-205180]
Notify: Transaction "27_Hi Cap CMR" started.	[MsgId: MMSG-16999]
t=03315481ms: ** 117: Click on Submit button ** started    [MsgId: MMSG-205180]	[MsgId: MMSG-205180]
t=03353002ms: Error -205177: ** 117: Click on Submit button ** failed - end event error due to network timeout. Open requests: https://www.spectrumenterprise.net/api/accounts/694f3d6b-73ea-4b6b-9ca5-9ba11b20118c/reports;        Snapshot Info [MSH 9 7]    [MsgId: MERR-205177]	[MsgId: MERR-205177]
End auto log messages stack.	[MsgId: MMSG-10544]


Start auto log messages stack - Iteration 10.	[MsgId: MMSG-10545]
t=03605128ms: ** 97: Click on element (2)  ** started    [MsgId: MMSG-205180]	[MsgId: MMSG-205180]
t=03605338ms: ** 97: Click on element (2)  ** successfully completed with end event 'Action completed'    [MsgId: MMSG-205180]	[MsgId: MMSG-205180]
t=03605840ms: ** 98: Click on button (1) button ** started    [MsgId: MMSG-205180]	[MsgId: MMSG-205180]
t=03606056ms: ** 98: Click on button (1) button ** successfully completed with end event 'Action completed'    [MsgId: MMSG-205180]	[MsgId: MMSG-205180]
t=03606557ms: ** 99: Set Start Date * datepicker to 24 ** started    [MsgId: MMSG-205180]	[MsgId: MMSG-205180]
t=03606608ms: ** 99: Set Start Date * datepicker to 24 ** successfully completed with end event 'Action completed'    [MsgId: MMSG-205180]	[MsgId: MMSG-205180]
Notify: Transaction "25_Non HiCap CMR" started.	[MsgId: MMSG-16999]
t=03607115ms: ** 100: Click on Submit button ** started    [MsgId: MMSG-205180]	[MsgId: MMSG-205180]
t=03646676ms: Error -205177: ** 100: Click on Submit button ** failed - end event error due to network timeout. Open requests: https://www.spectrumenterprise.net/api/accounts/694f3d6b-73ea-4b6b-9ca5-9ba11b20118c/reports;        Snapshot Info [MSH 10 8]    [MsgId: MERR-205177]	[MsgId: MERR-205177]
End auto log messages stack.	[MsgId: MMSG-10544]


Start auto log messages stack - Iteration 11.	[MsgId: MMSG-10545]
t=04000501ms: ** 114: Click on What type of Voice Trunking... button ** started    [MsgId: MMSG-205180]	[MsgId: MMSG-205180]
t=04004300ms: ** 114: Click on What type of Voice Trunking... button ** successfully completed with end event 'Step network completed'    [MsgId: MMSG-205180]	[MsgId: MMSG-205180]
t=04004816ms: ** 115: Click on element (2)  ** started    [MsgId: MMSG-205180]	[MsgId: MMSG-205180]
t=04005023ms: ** 115: Click on element (2)  ** successfully completed with end event 'Action completed'    [MsgId: MMSG-205180]	[MsgId: MMSG-205180]
t=04005525ms: ** 116: Click on M / 1 day ** started    [MsgId: MMSG-205180]	[MsgId: MMSG-205180]
t=04005543ms: ** 116: Click on M / 1 day ** successfully completed with end event 'Action completed'    [MsgId: MMSG-205180]	[MsgId: MMSG-205180]
Notify: Transaction "27_Hi Cap CMR" started.	[MsgId: MMSG-16999]
t=04006053ms: ** 117: Click on Submit button ** started    [MsgId: MMSG-205180]	[MsgId: MMSG-205180]
t=04045605ms: Error -205177: ** 117: Click on Submit button ** failed - end event error due to network timeout. Open requests: https://www.spectrumenterprise.net/api/accounts/694f3d6b-73ea-4b6b-9ca5-9ba11b20118c/reports;        Snapshot Info [MSH 11 9]    [MsgId: MERR-205177]	[MsgId: MERR-205177]
End auto log messages stack.	[MsgId: MMSG-10544]


Start auto log messages stack - Iteration 12.	[MsgId: MMSG-10545]
t=04389351ms: ** 114: Click on What type of Voice Trunking... button ** started    [MsgId: MMSG-205180]	[MsgId: MMSG-205180]
t=04390779ms: ** 114: Click on What type of Voice Trunking... button ** successfully completed with end event 'Step network completed'    [MsgId: MMSG-205180]	[MsgId: MMSG-205180]
t=04391295ms: ** 115: Click on element (2)  ** started    [MsgId: MMSG-205180]	[MsgId: MMSG-205180]
t=04391509ms: ** 115: Click on element (2)  ** successfully completed with end event 'Action completed'    [MsgId: MMSG-205180]	[MsgId: MMSG-205180]
t=04392011ms: ** 116: Click on M / 1 day ** started    [MsgId: MMSG-205180]	[MsgId: MMSG-205180]
t=04392028ms: ** 116: Click on M / 1 day ** successfully completed with end event 'Action completed'    [MsgId: MMSG-205180]	[MsgId: MMSG-205180]
Notify: Transaction "27_Hi Cap CMR" started.	[MsgId: MMSG-16999]
t=04392537ms: ** 117: Click on Submit button ** started    [MsgId: MMSG-205180]	[MsgId: MMSG-205180]
t=04434125ms: Error -205177: ** 117: Click on Submit button ** failed - end event error due to network timeout. Open requests: https://www.spectrumenterprise.net/api/accounts/694f3d6b-73ea-4b6b-9ca5-9ba11b20118c/reports;        Snapshot Info [MSH 12 0]    [MsgId: MERR-205177]	[MsgId: MERR-205177]
End auto log messages stack.	[MsgId: MMSG-10544]


Start auto log messages stack - Iteration 13.	[MsgId: MMSG-10545]
t=04779520ms: ** 114: Click on What type of Voice Trunking... button ** started    [MsgId: MMSG-205180]	[MsgId: MMSG-205180]
t=04781004ms: ** 114: Click on What type of Voice Trunking... button ** successfully completed with end event 'Step network completed'    [MsgId: MMSG-205180]	[MsgId: MMSG-205180]
t=04781518ms: ** 115: Click on element (2)  ** started    [MsgId: MMSG-205180]	[MsgId: MMSG-205180]
t=04781725ms: ** 115: Click on element (2)  ** successfully completed with end event 'Action completed'    [MsgId: MMSG-205180]	[MsgId: MMSG-205180]
t=04782227ms: ** 116: Click on M / 1 day ** started    [MsgId: MMSG-205180]	[MsgId: MMSG-205180]
t=04782244ms: ** 116: Click on M / 1 day ** successfully completed with end event 'Action completed'    [MsgId: MMSG-205180]	[MsgId: MMSG-205180]
Notify: Transaction "27_Hi Cap CMR" started.	[MsgId: MMSG-16999]
t=04782755ms: ** 117: Click on Submit button ** started    [MsgId: MMSG-205180]	[MsgId: MMSG-205180]
t=04822252ms: Error -205177: ** 117: Click on Submit button ** failed - end event error due to network timeout. Open requests: https://www.spectrumenterprise.net/api/accounts/694f3d6b-73ea-4b6b-9ca5-9ba11b20118c/reports;        Snapshot Info [MSH 13 1]    [MsgId: MERR-205177]	[MsgId: MERR-205177]
End auto log messages stack.	[MsgId: MMSG-10544]


Start auto log messages stack - Iteration 14.	[MsgId: MMSG-10545]
t=05171756ms: ** 114: Click on What type of Voice Trunking... button ** started    [MsgId: MMSG-205180]	[MsgId: MMSG-205180]
t=05173030ms: ** 114: Click on What type of Voice Trunking... button ** successfully completed with end event 'Step network completed'    [MsgId: MMSG-205180]	[MsgId: MMSG-205180]
t=05173532ms: ** 115: Click on element (2)  ** started    [MsgId: MMSG-205180]	[MsgId: MMSG-205180]
t=05173744ms: ** 115: Click on element (2)  ** successfully completed with end event 'Action completed'    [MsgId: MMSG-205180]	[MsgId: MMSG-205180]
t=05174246ms: ** 116: Click on M / 1 day ** started    [MsgId: MMSG-205180]	[MsgId: MMSG-205180]
t=05174263ms: ** 116: Click on M / 1 day ** successfully completed with end event 'Action completed'    [MsgId: MMSG-205180]	[MsgId: MMSG-205180]
Notify: Transaction "27_Hi Cap CMR" started.	[MsgId: MMSG-16999]
t=05174765ms: ** 117: Click on Submit button ** started    [MsgId: MMSG-205180]	[MsgId: MMSG-205180]
t=05212189ms: Error -205177: ** 117: Click on Submit button ** failed - end event error due to network timeout. Open requests: https://www.spectrumenterprise.net/api/accounts/694f3d6b-73ea-4b6b-9ca5-9ba11b20118c/reports;        Snapshot Info [MSH 14 2]    [MsgId: MERR-205177]	[MsgId: MERR-205177]
End auto log messages stack.	[MsgId: MMSG-10544]


Start auto log messages stack - Iteration 15.	[MsgId: MMSG-10545]
t=05446628ms: ** 98: Click on button (1) button ** started    [MsgId: MMSG-205180]	[MsgId: MMSG-205180]
t=05446841ms: ** 98: Click on button (1) button ** successfully completed with end event 'Action completed'    [MsgId: MMSG-205180]	[MsgId: MMSG-205180]
t=05447343ms: ** 99: Set Start Date * datepicker to 24 ** started    [MsgId: MMSG-205180]	[MsgId: MMSG-205180]
t=05447392ms: ** 99: Set Start Date * datepicker to 24 ** successfully completed with end event 'Action completed'    [MsgId: MMSG-205180]	[MsgId: MMSG-205180]
Notify: Transaction "25_Non HiCap CMR" started.	[MsgId: MMSG-16999]
t=05447895ms: ** 100: Click on Submit button ** started    [MsgId: MMSG-205180]	[MsgId: MMSG-205180]
t=05470914ms: ** 100: Click on Submit button ** successfully completed with end event 'Step network completed'    [MsgId: MMSG-205180]	[MsgId: MMSG-205180]
t=05470918ms: ** 101: Wait for Go Download Reports link ** started    [MsgId: MMSG-205180]	[MsgId: MMSG-205180]
t=05592028ms: Error -205177: ** 101: Wait for Go Download Reports link ** failed - target object was not found. Identification: Automatic       Snapshot Info [MSH 15 3]    [MsgId: MERR-205177]	[MsgId: MERR-205177]
End auto log messages stack.	[MsgId: MMSG-10544]


Start auto log messages stack - Iteration 16.	[MsgId: MMSG-10545]
t=05947571ms: ** 114: Click on What type of Voice Trunking... button ** started    [MsgId: MMSG-205180]	[MsgId: MMSG-205180]
t=05948766ms: ** 114: Click on What type of Voice Trunking... button ** successfully completed with end event 'Step network completed'    [MsgId: MMSG-205180]	[MsgId: MMSG-205180]
t=05949281ms: ** 115: Click on element (2)  ** started    [MsgId: MMSG-205180]	[MsgId: MMSG-205180]
t=05949493ms: ** 115: Click on element (2)  ** successfully completed with end event 'Action completed'    [MsgId: MMSG-205180]	[MsgId: MMSG-205180]
t=05949995ms: ** 116: Click on M / 1 day ** started    [MsgId: MMSG-205180]	[MsgId: MMSG-205180]
t=05950010ms: ** 116: Click on M / 1 day ** successfully completed with end event 'Action completed'    [MsgId: MMSG-205180]	[MsgId: MMSG-205180]
Notify: Transaction "27_Hi Cap CMR" started.	[MsgId: MMSG-16999]
t=05950525ms: ** 117: Click on Submit button ** started    [MsgId: MMSG-205180]	[MsgId: MMSG-205180]
t=05988071ms: Error -205177: ** 117: Click on Submit button ** failed - end event error due to network timeout. Open requests: https://www.spectrumenterprise.net/api/accounts/694f3d6b-73ea-4b6b-9ca5-9ba11b20118c/reports;        Snapshot Info [MSH 16 4]    [MsgId: MERR-205177]	[MsgId: MERR-205177]
End auto log messages stack.	[MsgId: MMSG-10544]


Start auto log messages stack - Iteration 17.	[MsgId: MMSG-10545]
t=06335225ms: ** 114: Click on What type of Voice Trunking... button ** started    [MsgId: MMSG-205180]	[MsgId: MMSG-205180]
t=06337323ms: ** 114: Click on What type of Voice Trunking... button ** successfully completed with end event 'Step network completed'    [MsgId: MMSG-205180]	[MsgId: MMSG-205180]
t=06337838ms: ** 115: Click on element (2)  ** started    [MsgId: MMSG-205180]	[MsgId: MMSG-205180]
t=06338050ms: ** 115: Click on element (2)  ** successfully completed with end event 'Action completed'    [MsgId: MMSG-205180]	[MsgId: MMSG-205180]
t=06338552ms: ** 116: Click on M / 1 day ** started    [MsgId: MMSG-205180]	[MsgId: MMSG-205180]
t=06338568ms: ** 116: Click on M / 1 day ** successfully completed with end event 'Action completed'    [MsgId: MMSG-205180]	[MsgId: MMSG-205180]
Notify: Transaction "27_Hi Cap CMR" started.	[MsgId: MMSG-16999]
t=06339077ms: ** 117: Click on Submit button ** started    [MsgId: MMSG-205180]	[MsgId: MMSG-205180]
t=06378595ms: Error -205177: ** 117: Click on Submit button ** failed - end event error due to network timeout. Open requests: https://www.spectrumenterprise.net/api/accounts/694f3d6b-73ea-4b6b-9ca5-9ba11b20118c/reports;        Snapshot Info [MSH 17 5]    [MsgId: MERR-205177]	[MsgId: MERR-205177]
End auto log messages stack.	[MsgId: MMSG-10544]


Start auto log messages stack - Iteration 18.	[MsgId: MMSG-10545]
t=06723008ms: ** 114: Click on What type of Voice Trunking... button ** started    [MsgId: MMSG-205180]	[MsgId: MMSG-205180]
t=06724419ms: ** 114: Click on What type of Voice Trunking... button ** successfully completed with end event 'Step network completed'    [MsgId: MMSG-205180]	[MsgId: MMSG-205180]
t=06724936ms: ** 115: Click on element (2)  ** started    [MsgId: MMSG-205180]	[MsgId: MMSG-205180]
t=06725148ms: ** 115: Click on element (2)  ** successfully completed with end event 'Action completed'    [MsgId: MMSG-205180]	[MsgId: MMSG-205180]
t=06725650ms: ** 116: Click on M / 1 day ** started    [MsgId: MMSG-205180]	[MsgId: MMSG-205180]
t=06725666ms: ** 116: Click on M / 1 day ** successfully completed with end event 'Action completed'    [MsgId: MMSG-205180]	[MsgId: MMSG-205180]
Notify: Transaction "27_Hi Cap CMR" started.	[MsgId: MMSG-16999]
t=06726178ms: ** 117: Click on Submit button ** started    [MsgId: MMSG-205180]	[MsgId: MMSG-205180]
t=06765758ms: Error -205177: ** 117: Click on Submit button ** failed - end event error due to network timeout. Open requests: https://www.spectrumenterprise.net/api/accounts/694f3d6b-73ea-4b6b-9ca5-9ba11b20118c/reports;        Snapshot Info [MSH 18 6]    [MsgId: MERR-205177]	[MsgId: MERR-205177]
End auto log messages stack.	[MsgId: MMSG-10544]


Start auto log messages stack - Iteration 19.	[MsgId: MMSG-10545]
t=06771994ms: ** 4: Type perftest041@mailinator.com in Username emailbox ** started    [MsgId: MMSG-205180]	[MsgId: MMSG-205180]
t=06774704ms: ** 4: Type perftest041@mailinator.com in Username emailbox ** successfully completed with end event 'Action completed'    [MsgId: MMSG-205180]	[MsgId: MMSG-205180]
t=06775216ms: ** 5: Type ******** in Password passwordbox ** started    [MsgId: MMSG-205180]	[MsgId: MMSG-205180]
t=06775814ms: ** 5: Type ******** in Password passwordbox ** successfully completed with end event 'Action completed'    [MsgId: MMSG-205180]	[MsgId: MMSG-205180]
Notify: Transaction "02_Login" started.	[MsgId: MMSG-16999]
t=06776316ms: ** 6: Click on Sign In button ** started    [MsgId: MMSG-205180]	[MsgId: MMSG-205180]
t=06776526ms: ** 6: Click on Sign In button ** successfully completed with end event 'Action completed'    [MsgId: MMSG-205180]	[MsgId: MMSG-205180]
t=06776528ms: ** 7: Wait for All Network Services  ** started    [MsgId: MMSG-205180]	[MsgId: MMSG-205180]
t=06897641ms: Error -205177: ** 7: Wait for All Network Services  ** failed - target object was not found. Identification: Automatic       Snapshot Info [MSH 19 7]    [MsgId: MERR-205177]	[MsgId: MERR-205177]
End auto log messages stack.	[MsgId: MMSG-10544]


Start auto log messages stack - Iteration 20.	[MsgId: MMSG-10545]
t=07258586ms: ** 114: Click on What type of Voice Trunking... button ** started    [MsgId: MMSG-205180]	[MsgId: MMSG-205180]
t=07259941ms: ** 114: Click on What type of Voice Trunking... button ** successfully completed with end event 'Step network completed'    [MsgId: MMSG-205180]	[MsgId: MMSG-205180]
t=07260456ms: ** 115: Click on element (2)  ** started    [MsgId: MMSG-205180]	[MsgId: MMSG-205180]
t=07260666ms: ** 115: Click on element (2)  ** successfully completed with end event 'Action completed'    [MsgId: MMSG-205180]	[MsgId: MMSG-205180]
t=07261168ms: ** 116: Click on M / 1 day ** started    [MsgId: MMSG-205180]	[MsgId: MMSG-205180]
t=07261184ms: ** 116: Click on M / 1 day ** successfully completed with end event 'Action completed'    [MsgId: MMSG-205180]	[MsgId: MMSG-205180]
Notify: Transaction "27_Hi Cap CMR" started.	[MsgId: MMSG-16999]
t=07261688ms: ** 117: Click on Submit button ** started    [MsgId: MMSG-205180]	[MsgId: MMSG-205180]
t=07301228ms: Error -205177: ** 117: Click on Submit button ** failed - end event error due to network timeout. Open requests: https://www.spectrumenterprise.net/api/accounts/694f3d6b-73ea-4b6b-9ca5-9ba11b20118c/reports;        Snapshot Info [MSH 20 8]    [MsgId: MERR-205177]	[MsgId: MERR-205177]
End auto log messages stack.	[MsgId: MMSG-10544]


