Start auto log messages stack - Iteration 1.	[MsgId: MMSG-10545]
t=00032050ms: ** 9: Click on EVPL  ** successfully completed with end event 'Action completed'    [MsgId: MMSG-205180]	[MsgId: MMSG-205180]
Notify: Transaction "03_EVPL Circuit Utilization" started.	[MsgId: MMSG-16999]
t=00032558ms: ** 10: Click on 1915 Hill St cell ** started    [MsgId: MMSG-205180]	[MsgId: MMSG-205180]
t=00032598ms: ** 10: Click on 1915 Hill St cell ** successfully completed with end event 'Action completed'    [MsgId: MMSG-205180]	[MsgId: MMSG-205180]
t=00032601ms: ** 11: Wait for Utilization heading ** started    [MsgId: MMSG-205180]	[MsgId: MMSG-205180]
t=00113336ms: ** 11: Wait for Utilization heading ** successfully completed with end event 'Action completed'    [MsgId: MMSG-205180]	[MsgId: MMSG-205180]
Notify: Transaction "03_EVPL Circuit Utilization" ended with a "Pass" status (Duration: 80.7780 Think Time: 0.0020 Wasted Time: 0.2110).	[MsgId: MMSG-16870]
Notify: Transaction "04_EVPL Service Availability" started.	[MsgId: MMSG-16999]
t=00113838ms: ** 12: Click on Service Availability  ** started    [MsgId: MMSG-205180]	[MsgId: MMSG-205180]
t=00234554ms: Error -205177: ** 12: Click on Service Availability  ** failed - object defined in end event was not found.       Snapshot Info [MSH 1 0]    [MsgId: MERR-205177]	[MsgId: MERR-205177]
End auto log messages stack.	[MsgId: MMSG-10544]


Start auto log messages stack - Iteration 3.	[MsgId: MMSG-10545]
Notify: Transaction "07_EP-LAN Circuit Utilization" started.	[MsgId: MMSG-16999]
t=00925216ms: ** 17: Click on 1014 Corporate Park Dr cell ** started    [MsgId: MMSG-205180]	[MsgId: MMSG-205180]
t=00951833ms: ** 17: Click on 1014 Corporate Park Dr cell ** successfully completed with end event 'Step network completed'    [MsgId: MMSG-205180]	[MsgId: MMSG-205180]
t=00951836ms: ** 18: Wait for Utilization heading ** started    [MsgId: MMSG-205180]	[MsgId: MMSG-205180]
t=00952041ms: ** 18: Wait for Utilization heading ** successfully completed with end event 'Action completed'    [MsgId: MMSG-205180]	[MsgId: MMSG-205180]
Notify: Transaction "07_EP-LAN Circuit Utilization" ended with a "Pass" status (Duration: 26.8260 Think Time: 0.0020 Wasted Time: 0.5540).	[MsgId: MMSG-16870]
Notify: Transaction "08_EP-LAN Service Availability" started.	[MsgId: MMSG-16999]
t=00952543ms: ** 19: Click on Service Availability  ** started    [MsgId: MMSG-205180]	[MsgId: MMSG-205180]
t=00987978ms: Error -205177: ** 19: Click on Service Availability  ** failed - end event error due to network timeout. Open requests: https://spectrumenterprise.net/api/metrics/circuit;        Snapshot Info [MSH 3 1]    [MsgId: MERR-205177]	[MsgId: MERR-205177]
End auto log messages stack.	[MsgId: MMSG-10544]


Start auto log messages stack - Iteration 4.	[MsgId: MMSG-10545]
t=01154207ms: ** 34: Click on 366 N Lake Ave cell ** successfully completed with end event 'Action completed'    [MsgId: MMSG-205180]	[MsgId: MMSG-205180]
t=01154210ms: ** 35: Wait for Utilization heading ** started    [MsgId: MMSG-205180]	[MsgId: MMSG-205180]
t=01169549ms: ** 35: Wait for Utilization heading ** successfully completed with end event 'Action completed'    [MsgId: MMSG-205180]	[MsgId: MMSG-205180]
Notify: Transaction "05_SDWAN Circuit Utilization" ended with a "Pass" status (Duration: 15.3790 Think Time: 0.0020 Wasted Time: 0.2050).	[MsgId: MMSG-16870]
Notify: Transaction "06_SDWAN Network Utilization" started.	[MsgId: MMSG-16999]
t=01170051ms: ** 36: Click on Network Overview link ** started    [MsgId: MMSG-205180]	[MsgId: MMSG-205180]
t=01170265ms: ** 36: Click on Network Overview link ** successfully completed with end event 'Action completed'    [MsgId: MMSG-205180]	[MsgId: MMSG-205180]
t=01170269ms: ** 38: Wait for Upstream  ** started    [MsgId: MMSG-205180]	[MsgId: MMSG-205180]
t=01291195ms: Error -205177: ** 38: Wait for Upstream  ** failed - target object was not found. Identification: Automatic       Snapshot Info [MSH 4 2]    [MsgId: MERR-205177]	[MsgId: MERR-205177]
End auto log messages stack.	[MsgId: MMSG-10544]


Start auto log messages stack - Iteration 6.	[MsgId: MMSG-10545]
t=01988713ms: ** 34: Click on 366 N Lake Ave cell ** successfully completed with end event 'Action completed'    [MsgId: MMSG-205180]	[MsgId: MMSG-205180]
t=01988716ms: ** 35: Wait for Utilization heading ** started    [MsgId: MMSG-205180]	[MsgId: MMSG-205180]
t=01998028ms: ** 35: Wait for Utilization heading ** successfully completed with end event 'Action completed'    [MsgId: MMSG-205180]	[MsgId: MMSG-205180]
Notify: Transaction "05_SDWAN Circuit Utilization" ended with a "Pass" status (Duration: 9.3530 Think Time: 0.0020 Wasted Time: 0.2040).	[MsgId: MMSG-16870]
Notify: Transaction "06_SDWAN Network Utilization" started.	[MsgId: MMSG-16999]
t=01998529ms: ** 36: Click on Network Overview link ** started    [MsgId: MMSG-205180]	[MsgId: MMSG-205180]
t=01998741ms: ** 36: Click on Network Overview link ** successfully completed with end event 'Action completed'    [MsgId: MMSG-205180]	[MsgId: MMSG-205180]
t=01998745ms: ** 38: Wait for Upstream  ** started    [MsgId: MMSG-205180]	[MsgId: MMSG-205180]
t=02119666ms: Error -205177: ** 38: Wait for Upstream  ** failed - target object was not found. Identification: Automatic       Snapshot Info [MSH 6 3]    [MsgId: MERR-205177]	[MsgId: MERR-205177]
End auto log messages stack.	[MsgId: MMSG-10544]


Start auto log messages stack - Iteration 7.	[MsgId: MMSG-10545]
t=02346013ms: ** 34: Click on 366 N Lake Ave cell ** successfully completed with end event 'Action completed'    [MsgId: MMSG-205180]	[MsgId: MMSG-205180]
t=02346016ms: ** 35: Wait for Utilization heading ** started    [MsgId: MMSG-205180]	[MsgId: MMSG-205180]
t=02359343ms: ** 35: Wait for Utilization heading ** successfully completed with end event 'Action completed'    [MsgId: MMSG-205180]	[MsgId: MMSG-205180]
Notify: Transaction "05_SDWAN Circuit Utilization" ended with a "Pass" status (Duration: 13.3700 Think Time: 0.0020 Wasted Time: 0.4020).	[MsgId: MMSG-16870]
Notify: Transaction "06_SDWAN Network Utilization" started.	[MsgId: MMSG-16999]
t=02359844ms: ** 36: Click on Network Overview link ** started    [MsgId: MMSG-205180]	[MsgId: MMSG-205180]
t=02360057ms: ** 36: Click on Network Overview link ** successfully completed with end event 'Action completed'    [MsgId: MMSG-205180]	[MsgId: MMSG-205180]
t=02360060ms: ** 38: Wait for Upstream  ** started    [MsgId: MMSG-205180]	[MsgId: MMSG-205180]
t=02480996ms: Error -205177: ** 38: Wait for Upstream  ** failed - target object was not found. Identification: Automatic       Snapshot Info [MSH 7 4]    [MsgId: MERR-205177]	[MsgId: MERR-205177]
End auto log messages stack.	[MsgId: MMSG-10544]


Start auto log messages stack - Iteration 8.	[MsgId: MMSG-10545]
Notify: Transaction "07_EP-LAN Circuit Utilization" started.	[MsgId: MMSG-16999]
t=02578514ms: ** 17: Click on 1014 Corporate Park Dr cell ** started    [MsgId: MMSG-205180]	[MsgId: MMSG-205180]
t=02671468ms: ** 17: Click on 1014 Corporate Park Dr cell ** successfully completed with end event 'Step network completed'    [MsgId: MMSG-205180]	[MsgId: MMSG-205180]
t=02671470ms: ** 18: Wait for Utilization heading ** started    [MsgId: MMSG-205180]	[MsgId: MMSG-205180]
t=02671677ms: ** 18: Wait for Utilization heading ** successfully completed with end event 'Action completed'    [MsgId: MMSG-205180]	[MsgId: MMSG-205180]
Notify: Transaction "07_EP-LAN Circuit Utilization" ended with a "Pass" status (Duration: 93.1620 Think Time: 0.0020 Wasted Time: 0.5550).	[MsgId: MMSG-16870]
Notify: Transaction "08_EP-LAN Service Availability" started.	[MsgId: MMSG-16999]
t=02672179ms: ** 19: Click on Service Availability  ** started    [MsgId: MMSG-205180]	[MsgId: MMSG-205180]
t=02711614ms: Error -205177: ** 19: Click on Service Availability  ** failed - end event error due to network timeout. Open requests: https://spectrumenterprise.net/api/metrics/circuit;        Snapshot Info [MSH 8 5]    [MsgId: MERR-205177]	[MsgId: MERR-205177]
End auto log messages stack.	[MsgId: MMSG-10544]


Start auto log messages stack - Iteration 9.	[MsgId: MMSG-10545]
t=02881084ms: ** 34: Click on 366 N Lake Ave cell ** successfully completed with end event 'Action completed'    [MsgId: MMSG-205180]	[MsgId: MMSG-205180]
t=02881087ms: ** 35: Wait for Utilization heading ** started    [MsgId: MMSG-205180]	[MsgId: MMSG-205180]
t=02894413ms: ** 35: Wait for Utilization heading ** successfully completed with end event 'Action completed'    [MsgId: MMSG-205180]	[MsgId: MMSG-205180]
Notify: Transaction "05_SDWAN Circuit Utilization" ended with a "Pass" status (Duration: 13.3710 Think Time: 0.0020 Wasted Time: 0.2670).	[MsgId: MMSG-16870]
Notify: Transaction "06_SDWAN Network Utilization" started.	[MsgId: MMSG-16999]
t=02894915ms: ** 36: Click on Network Overview link ** started    [MsgId: MMSG-205180]	[MsgId: MMSG-205180]
t=02895129ms: ** 36: Click on Network Overview link ** successfully completed with end event 'Action completed'    [MsgId: MMSG-205180]	[MsgId: MMSG-205180]
t=02895133ms: ** 38: Wait for Upstream  ** started    [MsgId: MMSG-205180]	[MsgId: MMSG-205180]
t=03016036ms: Error -205177: ** 38: Wait for Upstream  ** failed - target object was not found. Identification: Automatic       Snapshot Info [MSH 9 6]    [MsgId: MERR-205177]	[MsgId: MERR-205177]
End auto log messages stack.	[MsgId: MMSG-10544]


