Start auto log messages stack - Iteration 5.	[MsgId: MMSG-10545]
t=00758281ms: ** 27: Click on Create a Report button ** successfully completed with end event 'Step synchronous network completed'    [MsgId: MMSG-205180]	[MsgId: MMSG-205180]
Notify: Transaction "09_Network Circuit Create a Report" ended with a "Pass" status (Duration: 0.8200 Wasted Time: 0.3520).	[MsgId: MMSG-16871]
t=00758784ms: ** 28: Scroll on Fill Page ** started    [MsgId: MMSG-205180]	[MsgId: MMSG-205180]
t=00758992ms: ** 28: Scroll on Fill Page ** successfully completed with end event 'Action completed'    [MsgId: MMSG-205180]	[MsgId: MMSG-205180]
t=00759493ms: ** 29: Click on Last 30 days  ** started    [MsgId: MMSG-205180]	[MsgId: MMSG-205180]
t=00759724ms: ** 29: Click on Last 30 days  ** successfully completed with end event 'Action completed'    [MsgId: MMSG-205180]	[MsgId: MMSG-205180]
Notify: Transaction "10_Network Circuit Generate Report" started.	[MsgId: MMSG-16999]
t=00760226ms: ** 30: Click on Submit button ** started    [MsgId: MMSG-205180]	[MsgId: MMSG-205180]
t=00881447ms: Error -205177: ** 30: Click on Submit button ** failed - object defined in end event was not found.       Snapshot Info [MSH 5 0]    [MsgId: MERR-205177]	[MsgId: MERR-205177]
End auto log messages stack.	[MsgId: MMSG-10544]


Start auto log messages stack - Iteration 7.	[MsgId: MMSG-10545]
t=01058086ms: ** 4: Type perftest041@mailinator.com in Username emailbox ** started    [MsgId: MMSG-205180]	[MsgId: MMSG-205180]
t=01060708ms: ** 4: Type perftest041@mailinator.com in Username emailbox ** successfully completed with end event 'Action completed'    [MsgId: MMSG-205180]	[MsgId: MMSG-205180]
t=01061210ms: ** 5: Type ******** in Password passwordbox ** started    [MsgId: MMSG-205180]	[MsgId: MMSG-205180]
t=01061925ms: ** 5: Type ******** in Password passwordbox ** successfully completed with end event 'Action completed'    [MsgId: MMSG-205180]	[MsgId: MMSG-205180]
Notify: Transaction "02_Login" started.	[MsgId: MMSG-16999]
t=01062427ms: ** 6: Click on Sign In button ** started    [MsgId: MMSG-205180]	[MsgId: MMSG-205180]
t=01062637ms: ** 6: Click on Sign In button ** successfully completed with end event 'Action completed'    [MsgId: MMSG-205180]	[MsgId: MMSG-205180]
t=01062640ms: ** 7: Wait for All Network Services  ** started    [MsgId: MMSG-205180]	[MsgId: MMSG-205180]
t=01183702ms: Error -205177: ** 7: Wait for All Network Services  ** failed - target object was not found. Identification: Automatic       Snapshot Info [MSH 7 1]    [MsgId: MERR-205177]	[MsgId: MERR-205177]
End auto log messages stack.	[MsgId: MMSG-10544]


Start auto log messages stack - Iteration 19.	[MsgId: MMSG-10545]
t=03068466ms: ** 27: Click on Create a Report button ** successfully completed with end event 'Step synchronous network completed'    [MsgId: MMSG-205180]	[MsgId: MMSG-205180]
Notify: Transaction "09_Network Circuit Create a Report" ended with a "Pass" status (Duration: 0.9080 Wasted Time: 0.3510).	[MsgId: MMSG-16871]
t=03068968ms: ** 28: Scroll on Fill Page ** started    [MsgId: MMSG-205180]	[MsgId: MMSG-205180]
t=03069176ms: ** 28: Scroll on Fill Page ** successfully completed with end event 'Action completed'    [MsgId: MMSG-205180]	[MsgId: MMSG-205180]
t=03069678ms: ** 29: Click on Last 30 days  ** started    [MsgId: MMSG-205180]	[MsgId: MMSG-205180]
t=03069909ms: ** 29: Click on Last 30 days  ** successfully completed with end event 'Action completed'    [MsgId: MMSG-205180]	[MsgId: MMSG-205180]
Notify: Transaction "10_Network Circuit Generate Report" started.	[MsgId: MMSG-16999]
t=03070412ms: ** 30: Click on Submit button ** started    [MsgId: MMSG-205180]	[MsgId: MMSG-205180]
t=03191639ms: Error -205177: ** 30: Click on Submit button ** failed - object defined in end event was not found.       Snapshot Info [MSH 19 2]    [MsgId: MERR-205177]	[MsgId: MERR-205177]
End auto log messages stack.	[MsgId: MMSG-10544]


Start auto log messages stack - Iteration 20.	[MsgId: MMSG-10545]
t=03303563ms: ** 27: Click on Create a Report button ** successfully completed with end event 'Step synchronous network completed'    [MsgId: MMSG-205180]	[MsgId: MMSG-205180]
Notify: Transaction "09_Network Circuit Create a Report" ended with a "Pass" status (Duration: 0.8590 Wasted Time: 0.3510).	[MsgId: MMSG-16871]
t=03304065ms: ** 28: Scroll on Fill Page ** started    [MsgId: MMSG-205180]	[MsgId: MMSG-205180]
t=03304274ms: ** 28: Scroll on Fill Page ** successfully completed with end event 'Action completed'    [MsgId: MMSG-205180]	[MsgId: MMSG-205180]
t=03304777ms: ** 29: Click on Last 30 days  ** started    [MsgId: MMSG-205180]	[MsgId: MMSG-205180]
t=03305013ms: ** 29: Click on Last 30 days  ** successfully completed with end event 'Action completed'    [MsgId: MMSG-205180]	[MsgId: MMSG-205180]
Notify: Transaction "10_Network Circuit Generate Report" started.	[MsgId: MMSG-16999]
t=03305515ms: ** 30: Click on Submit button ** started    [MsgId: MMSG-205180]	[MsgId: MMSG-205180]
t=03426790ms: Error -205177: ** 30: Click on Submit button ** failed - object defined in end event was not found.       Snapshot Info [MSH 20 3]    [MsgId: MERR-205177]	[MsgId: MERR-205177]
End auto log messages stack.	[MsgId: MMSG-10544]


Start auto log messages stack - Iteration 22.	[MsgId: MMSG-10545]
t=03643860ms: ** 16: Click on All Network Services  ** started    [MsgId: MMSG-205180]	[MsgId: MMSG-205180]
t=03644523ms: ** 16: Click on All Network Services  ** successfully completed with end event 'Step synchronous network completed'    [MsgId: MMSG-205180]	[MsgId: MMSG-205180]
t=03645024ms: ** 17: Click on EP LAN  ** started    [MsgId: MMSG-205180]	[MsgId: MMSG-205180]
t=03645873ms: ** 17: Click on EP LAN  ** successfully completed with end event 'Step synchronous network completed'    [MsgId: MMSG-205180]	[MsgId: MMSG-205180]
Notify: Transaction "07_EP-LAN Circuit Utilization" started.	[MsgId: MMSG-16999]
t=03646374ms: ** 18: Click on 317 Western Blvd gridcell ** started    [MsgId: MMSG-205180]	[MsgId: MMSG-205180]
t=03707262ms: ** 18: Click on 317 Western Blvd gridcell ** successfully completed with end event 'Step network completed'    [MsgId: MMSG-205180]	[MsgId: MMSG-205180]
t=03707265ms: ** 19: Wait for Utilization heading ** started    [MsgId: MMSG-205180]	[MsgId: MMSG-205180]
t=03828058ms: Error -205177: ** 19: Wait for Utilization heading ** failed - target object was not found. Identification: Automatic       Snapshot Info [MSH 22 0]    [MsgId: MERR-205177]	[MsgId: MERR-205177]
End auto log messages stack.	[MsgId: MMSG-10544]


Start auto log messages stack - Iteration 24.	[MsgId: MMSG-10545]
Notify: Transaction "03_EVPL Circuit Utilization" started.	[MsgId: MMSG-16999]
t=04041154ms: ** 11: Click on 7330 State Route 54 gridcell ** started    [MsgId: MMSG-205180]	[MsgId: MMSG-205180]
t=04041169ms: ** 11: Click on 7330 State Route 54 gridcell ** successfully completed with end event 'Action completed'    [MsgId: MMSG-205180]	[MsgId: MMSG-205180]
t=04041173ms: ** 12: Wait for Utilization heading ** started    [MsgId: MMSG-205180]	[MsgId: MMSG-205180]
t=04064743ms: ** 12: Wait for Utilization heading ** successfully completed with end event 'Action completed'    [MsgId: MMSG-205180]	[MsgId: MMSG-205180]
Notify: Transaction "03_EVPL Circuit Utilization" ended with a "Pass" status (Duration: 23.5900 Think Time: 0.0020 Wasted Time: 0.2040).	[MsgId: MMSG-16870]
Notify: Transaction "04_EVPL Service Availability" started.	[MsgId: MMSG-16999]
t=04065245ms: ** 13: Click on Service Availability  ** started    [MsgId: MMSG-205180]	[MsgId: MMSG-205180]
t=04186113ms: Error -205177: ** 13: Click on Service Availability  ** failed - object defined in end event was not found.       Snapshot Info [MSH 24 1]    [MsgId: MERR-205177]	[MsgId: MERR-205177]
End auto log messages stack.	[MsgId: MMSG-10544]


Start auto log messages stack - Iteration 25.	[MsgId: MMSG-10545]
t=04194603ms: ** 4: Type perftest041@mailinator.com in Username emailbox ** started    [MsgId: MMSG-205180]	[MsgId: MMSG-205180]
t=04197540ms: ** 4: Type perftest041@mailinator.com in Username emailbox ** successfully completed with end event 'Action completed'    [MsgId: MMSG-205180]	[MsgId: MMSG-205180]
t=04198042ms: ** 5: Type ******** in Password passwordbox ** started    [MsgId: MMSG-205180]	[MsgId: MMSG-205180]
t=04198638ms: ** 5: Type ******** in Password passwordbox ** successfully completed with end event 'Action completed'    [MsgId: MMSG-205180]	[MsgId: MMSG-205180]
Notify: Transaction "02_Login" started.	[MsgId: MMSG-16999]
t=04199141ms: ** 6: Click on Sign In button ** started    [MsgId: MMSG-205180]	[MsgId: MMSG-205180]
t=04199353ms: ** 6: Click on Sign In button ** successfully completed with end event 'Action completed'    [MsgId: MMSG-205180]	[MsgId: MMSG-205180]
t=04199355ms: ** 7: Wait for All Network Services  ** started    [MsgId: MMSG-205180]	[MsgId: MMSG-205180]
t=04320452ms: Error -205177: ** 7: Wait for All Network Services  ** failed - target object was not found. Identification: Automatic       Snapshot Info [MSH 25 2]    [MsgId: MERR-205177]	[MsgId: MERR-205177]
End auto log messages stack.	[MsgId: MMSG-10544]


Start auto log messages stack - Iteration 26.	[MsgId: MMSG-10545]
Notify: Transaction "03_EVPL Circuit Utilization" started.	[MsgId: MMSG-16999]
t=04346047ms: ** 11: Click on 7330 State Route 54 gridcell ** started    [MsgId: MMSG-205180]	[MsgId: MMSG-205180]
t=04346057ms: ** 11: Click on 7330 State Route 54 gridcell ** successfully completed with end event 'Action completed'    [MsgId: MMSG-205180]	[MsgId: MMSG-205180]
t=04346061ms: ** 12: Wait for Utilization heading ** started    [MsgId: MMSG-205180]	[MsgId: MMSG-205180]
t=04364557ms: ** 12: Wait for Utilization heading ** successfully completed with end event 'Action completed'    [MsgId: MMSG-205180]	[MsgId: MMSG-205180]
Notify: Transaction "03_EVPL Circuit Utilization" ended with a "Pass" status (Duration: 18.5110 Think Time: 0.0020 Wasted Time: 0.2040).	[MsgId: MMSG-16870]
Notify: Transaction "04_EVPL Service Availability" started.	[MsgId: MMSG-16999]
t=04365059ms: ** 13: Click on Service Availability  ** started    [MsgId: MMSG-205180]	[MsgId: MMSG-205180]
t=04485854ms: Error -205177: ** 13: Click on Service Availability  ** failed - object defined in end event was not found.       Snapshot Info [MSH 26 3]    [MsgId: MERR-205177]	[MsgId: MERR-205177]
End auto log messages stack.	[MsgId: MMSG-10544]


Start auto log messages stack - Iteration 27.	[MsgId: MMSG-10545]
t=04569252ms: ** 9: Click on All Network Services  ** started    [MsgId: MMSG-205180]	[MsgId: MMSG-205180]
t=04569476ms: ** 9: Click on All Network Services  ** successfully completed with end event 'Action completed'    [MsgId: MMSG-205180]	[MsgId: MMSG-205180]
t=04569977ms: ** 10: Click on EVPL  ** started    [MsgId: MMSG-205180]	[MsgId: MMSG-205180]
t=04570200ms: ** 10: Click on EVPL  ** successfully completed with end event 'Action completed'    [MsgId: MMSG-205180]	[MsgId: MMSG-205180]
Notify: Transaction "03_EVPL Circuit Utilization" started.	[MsgId: MMSG-16999]
t=04570703ms: ** 11: Click on 7330 State Route 54 gridcell ** started    [MsgId: MMSG-205180]	[MsgId: MMSG-205180]
t=04570716ms: ** 11: Click on 7330 State Route 54 gridcell ** successfully completed with end event 'Action completed'    [MsgId: MMSG-205180]	[MsgId: MMSG-205180]
t=04570719ms: ** 12: Wait for Utilization heading ** started    [MsgId: MMSG-205180]	[MsgId: MMSG-205180]
t=04691766ms: Error -205177: ** 12: Wait for Utilization heading ** failed - target object was not found. Identification: Automatic       Snapshot Info [MSH 27 4]    [MsgId: MERR-205177]	[MsgId: MERR-205177]
End auto log messages stack.	[MsgId: MMSG-10544]


Start auto log messages stack - Iteration 28.	[MsgId: MMSG-10545]
t=04714464ms: ** 9: Click on All Network Services  ** started    [MsgId: MMSG-205180]	[MsgId: MMSG-205180]
t=04714687ms: ** 9: Click on All Network Services  ** successfully completed with end event 'Action completed'    [MsgId: MMSG-205180]	[MsgId: MMSG-205180]
t=04715190ms: ** 10: Click on EVPL  ** started    [MsgId: MMSG-205180]	[MsgId: MMSG-205180]
t=04715415ms: ** 10: Click on EVPL  ** successfully completed with end event 'Action completed'    [MsgId: MMSG-205180]	[MsgId: MMSG-205180]
Notify: Transaction "03_EVPL Circuit Utilization" started.	[MsgId: MMSG-16999]
t=04715918ms: ** 11: Click on 7330 State Route 54 gridcell ** started    [MsgId: MMSG-205180]	[MsgId: MMSG-205180]
t=04715929ms: ** 11: Click on 7330 State Route 54 gridcell ** successfully completed with end event 'Action completed'    [MsgId: MMSG-205180]	[MsgId: MMSG-205180]
t=04715932ms: ** 12: Wait for Utilization heading ** started    [MsgId: MMSG-205180]	[MsgId: MMSG-205180]
t=04836899ms: Error -205177: ** 12: Wait for Utilization heading ** failed - target object was not found. Identification: Automatic       Snapshot Info [MSH 28 5]    [MsgId: MERR-205177]	[MsgId: MERR-205177]
End auto log messages stack.	[MsgId: MMSG-10544]


Start auto log messages stack - Iteration 29.	[MsgId: MMSG-10545]
t=04845253ms: ** 4: Type perftest041@mailinator.com in Username emailbox ** started    [MsgId: MMSG-205180]	[MsgId: MMSG-205180]
t=04848088ms: ** 4: Type perftest041@mailinator.com in Username emailbox ** successfully completed with end event 'Action completed'    [MsgId: MMSG-205180]	[MsgId: MMSG-205180]
t=04848590ms: ** 5: Type ******** in Password passwordbox ** started    [MsgId: MMSG-205180]	[MsgId: MMSG-205180]
t=04849143ms: ** 5: Type ******** in Password passwordbox ** successfully completed with end event 'Action completed'    [MsgId: MMSG-205180]	[MsgId: MMSG-205180]
Notify: Transaction "02_Login" started.	[MsgId: MMSG-16999]
t=04849645ms: ** 6: Click on Sign In button ** started    [MsgId: MMSG-205180]	[MsgId: MMSG-205180]
t=04849858ms: ** 6: Click on Sign In button ** successfully completed with end event 'Action completed'    [MsgId: MMSG-205180]	[MsgId: MMSG-205180]
t=04849861ms: ** 7: Wait for All Network Services  ** started    [MsgId: MMSG-205180]	[MsgId: MMSG-205180]
t=04970816ms: Error -205177: ** 7: Wait for All Network Services  ** failed - target object was not found. Identification: Automatic       Snapshot Info [MSH 29 6]    [MsgId: MERR-205177]	[MsgId: MERR-205177]
End auto log messages stack.	[MsgId: MMSG-10544]


Start auto log messages stack - Iteration 30.	[MsgId: MMSG-10545]
Notify: Transaction "03_EVPL Circuit Utilization" started.	[MsgId: MMSG-16999]
t=04994908ms: ** 11: Click on 7330 State Route 54 gridcell ** started    [MsgId: MMSG-205180]	[MsgId: MMSG-205180]
t=04994919ms: ** 11: Click on 7330 State Route 54 gridcell ** successfully completed with end event 'Action completed'    [MsgId: MMSG-205180]	[MsgId: MMSG-205180]
t=04994922ms: ** 12: Wait for Utilization heading ** started    [MsgId: MMSG-205180]	[MsgId: MMSG-205180]
t=05016456ms: ** 12: Wait for Utilization heading ** successfully completed with end event 'Action completed'    [MsgId: MMSG-205180]	[MsgId: MMSG-205180]
Notify: Transaction "03_EVPL Circuit Utilization" ended with a "Pass" status (Duration: 21.5490 Think Time: 0.0020 Wasted Time: 0.2020).	[MsgId: MMSG-16870]
Notify: Transaction "04_EVPL Service Availability" started.	[MsgId: MMSG-16999]
t=05016958ms: ** 13: Click on Service Availability  ** started    [MsgId: MMSG-205180]	[MsgId: MMSG-205180]
t=05137735ms: Error -205177: ** 13: Click on Service Availability  ** failed - object defined in end event was not found.       Snapshot Info [MSH 30 7]    [MsgId: MERR-205177]	[MsgId: MERR-205177]
End auto log messages stack.	[MsgId: MMSG-10544]


Start auto log messages stack - Iteration 31.	[MsgId: MMSG-10545]
t=05161620ms: ** 9: Click on All Network Services  ** started    [MsgId: MMSG-205180]	[MsgId: MMSG-205180]
t=05161841ms: ** 9: Click on All Network Services  ** successfully completed with end event 'Action completed'    [MsgId: MMSG-205180]	[MsgId: MMSG-205180]
t=05162343ms: ** 10: Click on EVPL  ** started    [MsgId: MMSG-205180]	[MsgId: MMSG-205180]
t=05162571ms: ** 10: Click on EVPL  ** successfully completed with end event 'Action completed'    [MsgId: MMSG-205180]	[MsgId: MMSG-205180]
Notify: Transaction "03_EVPL Circuit Utilization" started.	[MsgId: MMSG-16999]
t=05163074ms: ** 11: Click on 7330 State Route 54 gridcell ** started    [MsgId: MMSG-205180]	[MsgId: MMSG-205180]
t=05163086ms: ** 11: Click on 7330 State Route 54 gridcell ** successfully completed with end event 'Action completed'    [MsgId: MMSG-205180]	[MsgId: MMSG-205180]
t=05163090ms: ** 12: Wait for Utilization heading ** started    [MsgId: MMSG-205180]	[MsgId: MMSG-205180]
t=05284023ms: Error -205177: ** 12: Wait for Utilization heading ** failed - target object was not found. Identification: Automatic       Snapshot Info [MSH 31 8]    [MsgId: MERR-205177]	[MsgId: MERR-205177]
End auto log messages stack.	[MsgId: MMSG-10544]


Start auto log messages stack - Iteration 32.	[MsgId: MMSG-10545]
Notify: Transaction "03_EVPL Circuit Utilization" started.	[MsgId: MMSG-16999]
t=05308217ms: ** 11: Click on 7330 State Route 54 gridcell ** started    [MsgId: MMSG-205180]	[MsgId: MMSG-205180]
t=05308231ms: ** 11: Click on 7330 State Route 54 gridcell ** successfully completed with end event 'Action completed'    [MsgId: MMSG-205180]	[MsgId: MMSG-205180]
t=05308233ms: ** 12: Wait for Utilization heading ** started    [MsgId: MMSG-205180]	[MsgId: MMSG-205180]
t=05328707ms: ** 12: Wait for Utilization heading ** successfully completed with end event 'Action completed'    [MsgId: MMSG-205180]	[MsgId: MMSG-205180]
Notify: Transaction "03_EVPL Circuit Utilization" ended with a "Pass" status (Duration: 20.4890 Think Time: 0.0020 Wasted Time: 0.2030).	[MsgId: MMSG-16870]
Notify: Transaction "04_EVPL Service Availability" started.	[MsgId: MMSG-16999]
t=05329209ms: ** 13: Click on Service Availability  ** started    [MsgId: MMSG-205180]	[MsgId: MMSG-205180]
t=05450007ms: Error -205177: ** 13: Click on Service Availability  ** failed - object defined in end event was not found.       Snapshot Info [MSH 32 9]    [MsgId: MERR-205177]	[MsgId: MERR-205177]
End auto log messages stack.	[MsgId: MMSG-10544]


Start auto log messages stack - Iteration 33.	[MsgId: MMSG-10545]
t=05591273ms: ** 34: Click on SD WAN  ** started    [MsgId: MMSG-205180]	[MsgId: MMSG-205180]
t=05592595ms: ** 34: Click on SD WAN  ** successfully completed with end event 'Step synchronous network completed'    [MsgId: MMSG-205180]	[MsgId: MMSG-205180]
t=05593101ms: ** 35: Click on 366 N Lake Ave gridcell ** started    [MsgId: MMSG-205180]	[MsgId: MMSG-205180]
t=05593347ms: ** 35: Click on 366 N Lake Ave gridcell ** successfully completed with end event 'Action completed'    [MsgId: MMSG-205180]	[MsgId: MMSG-205180]
Notify: Transaction "05_SDWAN Circuit Utilization" started.	[MsgId: MMSG-16999]
t=05593849ms: ** 36: Click on 1142 4Th Ave S link ** started    [MsgId: MMSG-205180]	[MsgId: MMSG-205180]
t=05593858ms: ** 36: Click on 1142 4Th Ave S link ** successfully completed with end event 'Action completed'    [MsgId: MMSG-205180]	[MsgId: MMSG-205180]
t=05593861ms: ** 37: Wait for Utilization heading ** started    [MsgId: MMSG-205180]	[MsgId: MMSG-205180]
t=05714681ms: Error -205177: ** 37: Wait for Utilization heading ** failed - target object was not found. Identification: Automatic       Snapshot Info [MSH 33 10]    [MsgId: MERR-205177]	[MsgId: MERR-205177]
End auto log messages stack.	[MsgId: MMSG-10544]


Start auto log messages stack - Iteration 34.	[MsgId: MMSG-10545]
t=05722629ms: ** 4: Type perftest041@mailinator.com in Username emailbox ** started    [MsgId: MMSG-205180]	[MsgId: MMSG-205180]
t=05725471ms: ** 4: Type perftest041@mailinator.com in Username emailbox ** successfully completed with end event 'Action completed'    [MsgId: MMSG-205180]	[MsgId: MMSG-205180]
t=05725974ms: ** 5: Type ******** in Password passwordbox ** started    [MsgId: MMSG-205180]	[MsgId: MMSG-205180]
t=05726599ms: ** 5: Type ******** in Password passwordbox ** successfully completed with end event 'Action completed'    [MsgId: MMSG-205180]	[MsgId: MMSG-205180]
Notify: Transaction "02_Login" started.	[MsgId: MMSG-16999]
t=05727102ms: ** 6: Click on Sign In button ** started    [MsgId: MMSG-205180]	[MsgId: MMSG-205180]
t=05727313ms: ** 6: Click on Sign In button ** successfully completed with end event 'Action completed'    [MsgId: MMSG-205180]	[MsgId: MMSG-205180]
t=05727315ms: ** 7: Wait for All Network Services  ** started    [MsgId: MMSG-205180]	[MsgId: MMSG-205180]
t=05848359ms: Error -205177: ** 7: Wait for All Network Services  ** failed - target object was not found. Identification: Automatic       Snapshot Info [MSH 34 11]    [MsgId: MERR-205177]	[MsgId: MERR-205177]
End auto log messages stack.	[MsgId: MMSG-10544]


Start auto log messages stack - Iteration 35.	[MsgId: MMSG-10545]
t=05959720ms: ** 27: Click on Create a Report button ** successfully completed with end event 'Step synchronous network completed'    [MsgId: MMSG-205180]	[MsgId: MMSG-205180]
Notify: Transaction "09_Network Circuit Create a Report" ended with a "Pass" status (Duration: 1.0610 Wasted Time: 0.3510).	[MsgId: MMSG-16871]
t=05960222ms: ** 28: Scroll on Fill Page ** started    [MsgId: MMSG-205180]	[MsgId: MMSG-205180]
t=05960428ms: ** 28: Scroll on Fill Page ** successfully completed with end event 'Action completed'    [MsgId: MMSG-205180]	[MsgId: MMSG-205180]
t=05960930ms: ** 29: Click on Last 30 days  ** started    [MsgId: MMSG-205180]	[MsgId: MMSG-205180]
t=05961155ms: ** 29: Click on Last 30 days  ** successfully completed with end event 'Action completed'    [MsgId: MMSG-205180]	[MsgId: MMSG-205180]
Notify: Transaction "10_Network Circuit Generate Report" started.	[MsgId: MMSG-16999]
t=05961657ms: ** 30: Click on Submit button ** started    [MsgId: MMSG-205180]	[MsgId: MMSG-205180]
t=06082833ms: Error -205177: ** 30: Click on Submit button ** failed - object defined in end event was not found.       Snapshot Info [MSH 35 12]    [MsgId: MERR-205177]	[MsgId: MERR-205177]
End auto log messages stack.	[MsgId: MMSG-10544]


Start auto log messages stack - Iteration 36.	[MsgId: MMSG-10545]
t=06184777ms: ** 23: Click on All Network Services  ** started    [MsgId: MMSG-205180]	[MsgId: MMSG-205180]
t=06184987ms: ** 23: Click on All Network Services  ** successfully completed with end event 'Action completed'    [MsgId: MMSG-205180]	[MsgId: MMSG-205180]
t=06185489ms: ** 24: Click on EVPL  ** started    [MsgId: MMSG-205180]	[MsgId: MMSG-205180]
t=06185706ms: ** 24: Click on EVPL  ** successfully completed with end event 'Action completed'    [MsgId: MMSG-205180]	[MsgId: MMSG-205180]
t=06186208ms: ** 25: Click on 7330 State Route 54 gridcell ** started    [MsgId: MMSG-205180]	[MsgId: MMSG-205180]
t=06186221ms: ** 25: Click on 7330 State Route 54 gridcell ** successfully completed with end event 'Action completed'    [MsgId: MMSG-205180]	[MsgId: MMSG-205180]
t=06186224ms: ** 26: Wait for Utilization heading ** started    [MsgId: MMSG-205180]	[MsgId: MMSG-205180]
t=06307113ms: Error -205177: ** 26: Wait for Utilization heading ** failed - target object was not found. Identification: Automatic       Snapshot Info [MSH 36 13]    [MsgId: MERR-205177]	[MsgId: MERR-205177]
Start auto log messages stack - Iteration 37.	[MsgId: MMSG-10545]
t=06396409ms: ** 23: Click on All Network Services  ** started    [MsgId: MMSG-205180]	[MsgId: MMSG-205180]
t=06396626ms: ** 23: Click on All Network Services  ** successfully completed with end event 'Action completed'    [MsgId: MMSG-205180]	[MsgId: MMSG-205180]
t=06397129ms: ** 24: Click on EVPL  ** started    [MsgId: MMSG-205180]	[MsgId: MMSG-205180]
t=06397357ms: ** 24: Click on EVPL  ** successfully completed with end event 'Action completed'    [MsgId: MMSG-205180]	[MsgId: MMSG-205180]
t=06397860ms: ** 25: Click on 7330 State Route 54 gridcell ** started    [MsgId: MMSG-205180]	[MsgId: MMSG-205180]
t=06397874ms: ** 25: Click on 7330 State Route 54 gridcell ** successfully completed with end event 'Action completed'    [MsgId: MMSG-205180]	[MsgId: MMSG-205180]
t=06397877ms: ** 26: Wait for Utilization heading ** started    [MsgId: MMSG-205180]	[MsgId: MMSG-205180]
t=06518693ms: Error -205177: ** 26: Wait for Utilization heading ** failed - target object was not found. Identification: Automatic       Snapshot Info [MSH 37 14]    [MsgId: MERR-205177]	[MsgId: MERR-205177]
Start auto log messages stack - Iteration 38.	[MsgId: MMSG-10545]
t=06674652ms: ** 23: Click on All Network Services  ** started    [MsgId: MMSG-205180]	[MsgId: MMSG-205180]
t=06674863ms: ** 23: Click on All Network Services  ** successfully completed with end event 'Action completed'    [MsgId: MMSG-205180]	[MsgId: MMSG-205180]
t=06675365ms: ** 24: Click on EVPL  ** started    [MsgId: MMSG-205180]	[MsgId: MMSG-205180]
t=06675595ms: ** 24: Click on EVPL  ** successfully completed with end event 'Action completed'    [MsgId: MMSG-205180]	[MsgId: MMSG-205180]
t=06676097ms: ** 25: Click on 7330 State Route 54 gridcell ** started    [MsgId: MMSG-205180]	[MsgId: MMSG-205180]
t=06676114ms: ** 25: Click on 7330 State Route 54 gridcell ** successfully completed with end event 'Action completed'    [MsgId: MMSG-205180]	[MsgId: MMSG-205180]
t=06676117ms: ** 26: Wait for Utilization heading ** started    [MsgId: MMSG-205180]	[MsgId: MMSG-205180]
t=06796966ms: Error -205177: ** 26: Wait for Utilization heading ** failed - target object was not found. Identification: Automatic       Snapshot Info [MSH 38 15]    [MsgId: MERR-205177]	[MsgId: MERR-205177]
Start auto log messages stack - Iteration 39.	[MsgId: MMSG-10545]
t=06804069ms: ** 4: Type perftest041@mailinator.com in Username emailbox ** started    [MsgId: MMSG-205180]	[MsgId: MMSG-205180]
t=06806818ms: ** 4: Type perftest041@mailinator.com in Username emailbox ** successfully completed with end event 'Action completed'    [MsgId: MMSG-205180]	[MsgId: MMSG-205180]
t=06807320ms: ** 5: Type ******** in Password passwordbox ** started    [MsgId: MMSG-205180]	[MsgId: MMSG-205180]
t=06807897ms: ** 5: Type ******** in Password passwordbox ** successfully completed with end event 'Action completed'    [MsgId: MMSG-205180]	[MsgId: MMSG-205180]
Notify: Transaction "02_Login" started.	[MsgId: MMSG-16999]
t=06808400ms: ** 6: Click on Sign In button ** started    [MsgId: MMSG-205180]	[MsgId: MMSG-205180]
t=06808613ms: ** 6: Click on Sign In button ** successfully completed with end event 'Action completed'    [MsgId: MMSG-205180]	[MsgId: MMSG-205180]
t=06808616ms: ** 7: Wait for All Network Services  ** started    [MsgId: MMSG-205180]	[MsgId: MMSG-205180]
t=06929556ms: Error -205177: ** 7: Wait for All Network Services  ** failed - target object was not found. Identification: Automatic       Snapshot Info [MSH 39 16]    [MsgId: MERR-205177]	[MsgId: MERR-205177]
End auto log messages stack.	[MsgId: MMSG-10544]


Start auto log messages stack - Iteration 40.	[MsgId: MMSG-10545]
t=06937469ms: ** 4: Type perftest041@mailinator.com in Username emailbox ** started    [MsgId: MMSG-205180]	[MsgId: MMSG-205180]
t=06940475ms: ** 4: Type perftest041@mailinator.com in Username emailbox ** successfully completed with end event 'Action completed'    [MsgId: MMSG-205180]	[MsgId: MMSG-205180]
t=06940978ms: ** 5: Type ******** in Password passwordbox ** started    [MsgId: MMSG-205180]	[MsgId: MMSG-205180]
t=06941634ms: ** 5: Type ******** in Password passwordbox ** successfully completed with end event 'Action completed'    [MsgId: MMSG-205180]	[MsgId: MMSG-205180]
Notify: Transaction "02_Login" started.	[MsgId: MMSG-16999]
t=06942137ms: ** 6: Click on Sign In button ** started    [MsgId: MMSG-205180]	[MsgId: MMSG-205180]
t=06942347ms: ** 6: Click on Sign In button ** successfully completed with end event 'Action completed'    [MsgId: MMSG-205180]	[MsgId: MMSG-205180]
t=06942350ms: ** 7: Wait for All Network Services  ** started    [MsgId: MMSG-205180]	[MsgId: MMSG-205180]
t=07063340ms: Error -205177: ** 7: Wait for All Network Services  ** failed - target object was not found. Identification: Automatic       Snapshot Info [MSH 40 17]    [MsgId: MERR-205177]	[MsgId: MERR-205177]
End auto log messages stack.	[MsgId: MMSG-10544]


Start auto log messages stack - Iteration 41.	[MsgId: MMSG-10545]
t=07071405ms: ** 4: Type perftest041@mailinator.com in Username emailbox ** started    [MsgId: MMSG-205180]	[MsgId: MMSG-205180]
t=07074437ms: ** 4: Type perftest041@mailinator.com in Username emailbox ** successfully completed with end event 'Action completed'    [MsgId: MMSG-205180]	[MsgId: MMSG-205180]
t=07074940ms: ** 5: Type ******** in Password passwordbox ** started    [MsgId: MMSG-205180]	[MsgId: MMSG-205180]
t=07075528ms: ** 5: Type ******** in Password passwordbox ** successfully completed with end event 'Action completed'    [MsgId: MMSG-205180]	[MsgId: MMSG-205180]
Notify: Transaction "02_Login" started.	[MsgId: MMSG-16999]
t=07076031ms: ** 6: Click on Sign In button ** started    [MsgId: MMSG-205180]	[MsgId: MMSG-205180]
t=07076242ms: ** 6: Click on Sign In button ** successfully completed with end event 'Action completed'    [MsgId: MMSG-205180]	[MsgId: MMSG-205180]
t=07076246ms: ** 7: Wait for All Network Services  ** started    [MsgId: MMSG-205180]	[MsgId: MMSG-205180]
t=07197232ms: Error -205177: ** 7: Wait for All Network Services  ** failed - target object was not found. Identification: Automatic       Snapshot Info [MSH 41 18]    [MsgId: MERR-205177]	[MsgId: MERR-205177]
End auto log messages stack.	[MsgId: MMSG-10544]


Start auto log messages stack - Iteration 42.	[MsgId: MMSG-10545]
t=07252504ms: ** 16: Click on All Network Services  ** started    [MsgId: MMSG-205180]	[MsgId: MMSG-205180]
t=07253244ms: ** 16: Click on All Network Services  ** successfully completed with end event 'Step synchronous network completed'    [MsgId: MMSG-205180]	[MsgId: MMSG-205180]
t=07253746ms: ** 17: Click on EP LAN  ** started    [MsgId: MMSG-205180]	[MsgId: MMSG-205180]
t=07254652ms: ** 17: Click on EP LAN  ** successfully completed with end event 'Step synchronous network completed'    [MsgId: MMSG-205180]	[MsgId: MMSG-205180]
Notify: Transaction "07_EP-LAN Circuit Utilization" started.	[MsgId: MMSG-16999]
t=07255154ms: ** 18: Click on 317 Western Blvd gridcell ** started    [MsgId: MMSG-205180]	[MsgId: MMSG-205180]
t=07315262ms: ** 18: Click on 317 Western Blvd gridcell ** successfully completed with end event 'Step network completed'    [MsgId: MMSG-205180]	[MsgId: MMSG-205180]
t=07315264ms: ** 19: Wait for Utilization heading ** started    [MsgId: MMSG-205180]	[MsgId: MMSG-205180]
t=07436063ms: Error -205177: ** 19: Wait for Utilization heading ** failed - target object was not found. Identification: Automatic       Snapshot Info [MSH 42 0]    [MsgId: MERR-205177]	[MsgId: MERR-205177]
End auto log messages stack.	[MsgId: MMSG-10544]


