Start auto log messages stack - Iteration 1.	[MsgId: MMSG-10545]
t=00107820ms: ** 27: Click on Create a Report button ** successfully completed with end event 'Step synchronous network completed'    [MsgId: MMSG-205180]	[MsgId: MMSG-205180]
Notify: Transaction "09_Network Circuit Create a Report" ended with a "Pass" status (Duration: 1.4050 Wasted Time: 0.3520).	[MsgId: MMSG-16871]
t=00108322ms: ** 28: Scroll on Fill Page ** started    [MsgId: MMSG-205180]	[MsgId: MMSG-205180]
t=00108527ms: ** 28: Scroll on Fill Page ** successfully completed with end event 'Action completed'    [MsgId: MMSG-205180]	[MsgId: MMSG-205180]
t=00109028ms: ** 29: Click on Last 30 days  ** started    [MsgId: MMSG-205180]	[MsgId: MMSG-205180]
t=00109254ms: ** 29: Click on Last 30 days  ** successfully completed with end event 'Action completed'    [MsgId: MMSG-205180]	[MsgId: MMSG-205180]
Notify: Transaction "10_Network Circuit Generate Report" started.	[MsgId: MMSG-16999]
t=00109757ms: ** 30: Click on Submit button ** started    [MsgId: MMSG-205180]	[MsgId: MMSG-205180]
t=00230806ms: Error -205177: ** 30: Click on Submit button ** failed - object defined in end event was not found.       Snapshot Info [MSH 1 0]    [MsgId: MERR-205177]	[MsgId: MERR-205177]
End auto log messages stack.	[MsgId: MMSG-10544]


Start auto log messages stack - Iteration 6.	[MsgId: MMSG-10545]
t=00907127ms: ** 27: Click on Create a Report button ** successfully completed with end event 'Step synchronous network completed'    [MsgId: MMSG-205180]	[MsgId: MMSG-205180]
Notify: Transaction "09_Network Circuit Create a Report" ended with a "Pass" status (Duration: 1.0660 Wasted Time: 0.3530).	[MsgId: MMSG-16871]
t=00907630ms: ** 28: Scroll on Fill Page ** started    [MsgId: MMSG-205180]	[MsgId: MMSG-205180]
t=00907838ms: ** 28: Scroll on Fill Page ** successfully completed with end event 'Action completed'    [MsgId: MMSG-205180]	[MsgId: MMSG-205180]
t=00908340ms: ** 29: Click on Last 30 days  ** started    [MsgId: MMSG-205180]	[MsgId: MMSG-205180]
t=00908562ms: ** 29: Click on Last 30 days  ** successfully completed with end event 'Action completed'    [MsgId: MMSG-205180]	[MsgId: MMSG-205180]
Notify: Transaction "10_Network Circuit Generate Report" started.	[MsgId: MMSG-16999]
t=00909064ms: ** 30: Click on Submit button ** started    [MsgId: MMSG-205180]	[MsgId: MMSG-205180]
t=01030094ms: Error -205177: ** 30: Click on Submit button ** failed - object defined in end event was not found.       Snapshot Info [MSH 6 1]    [MsgId: MERR-205177]	[MsgId: MERR-205177]
End auto log messages stack.	[MsgId: MMSG-10544]


Start auto log messages stack - Iteration 9.	[MsgId: MMSG-10545]
t=01317030ms: ** 4: Type perftest041@mailinator.com in Username emailbox ** started    [MsgId: MMSG-205180]	[MsgId: MMSG-205180]
t=01319527ms: ** 4: Type perftest041@mailinator.com in Username emailbox ** successfully completed with end event 'Action completed'    [MsgId: MMSG-205180]	[MsgId: MMSG-205180]
t=01320042ms: ** 5: Type ******** in Password passwordbox ** started    [MsgId: MMSG-205180]	[MsgId: MMSG-205180]
t=01320733ms: ** 5: Type ******** in Password passwordbox ** successfully completed with end event 'Action completed'    [MsgId: MMSG-205180]	[MsgId: MMSG-205180]
Notify: Transaction "02_Login" started.	[MsgId: MMSG-16999]
t=01321235ms: ** 6: Click on Sign In button ** started    [MsgId: MMSG-205180]	[MsgId: MMSG-205180]
t=01321442ms: ** 6: Click on Sign In button ** successfully completed with end event 'Action completed'    [MsgId: MMSG-205180]	[MsgId: MMSG-205180]
t=01321445ms: ** 7: Wait for All Network Services  ** started    [MsgId: MMSG-205180]	[MsgId: MMSG-205180]
t=01442558ms: Error -205177: ** 7: Wait for All Network Services  ** failed - target object was not found. Identification: Automatic       Snapshot Info [MSH 9 2]    [MsgId: MERR-205177]	[MsgId: MERR-205177]
End auto log messages stack.	[MsgId: MMSG-10544]


Start auto log messages stack - Iteration 10.	[MsgId: MMSG-10545]
t=01542582ms: ** 27: Click on Create a Report button ** successfully completed with end event 'Step synchronous network completed'    [MsgId: MMSG-205180]	[MsgId: MMSG-205180]
Notify: Transaction "09_Network Circuit Create a Report" ended with a "Pass" status (Duration: 1.2760 Wasted Time: 0.3520).	[MsgId: MMSG-16871]
t=01543084ms: ** 28: Scroll on Fill Page ** started    [MsgId: MMSG-205180]	[MsgId: MMSG-205180]
t=01543290ms: ** 28: Scroll on Fill Page ** successfully completed with end event 'Action completed'    [MsgId: MMSG-205180]	[MsgId: MMSG-205180]
t=01543791ms: ** 29: Click on Last 30 days  ** started    [MsgId: MMSG-205180]	[MsgId: MMSG-205180]
t=01544015ms: ** 29: Click on Last 30 days  ** successfully completed with end event 'Action completed'    [MsgId: MMSG-205180]	[MsgId: MMSG-205180]
Notify: Transaction "10_Network Circuit Generate Report" started.	[MsgId: MMSG-16999]
t=01544517ms: ** 30: Click on Submit button ** started    [MsgId: MMSG-205180]	[MsgId: MMSG-205180]
t=01665575ms: Error -205177: ** 30: Click on Submit button ** failed - object defined in end event was not found.       Snapshot Info [MSH 10 3]    [MsgId: MERR-205177]	[MsgId: MERR-205177]
End auto log messages stack.	[MsgId: MMSG-10544]


